<?xml version="1.0" encoding="UTF-8" standalone="yes"?><!DOCTYPE report PUBLIC "-//JACOCO//DTD Report 1.1//EN" "report.dtd"><report name="ACE library"><sessioninfo id="runnervmwhb2z-fb9a0739" start="1761236007147" dump="1761236009509"/><sessioninfo id="runnervmwhb2z-8e24cb85" start="1761236009953" dump="1761236011428"/><sessioninfo id="runnervmwhb2z-dcca6792" start="1761236011863" dump="1761236014959"/><sessioninfo id="runnervmwhb2z-76f042a6" start="1761236015405" dump="1761236080208"/><sessioninfo id="runnervmwhb2z-df507ccb" start="1761236080655" dump="1761236082658"/><sessioninfo id="runnervmwhb2z-d7a05829" start="1761236083105" dump="1761236084709"/><sessioninfo id="runnervmwhb2z-7c93007b" start="1761236085143" dump="1761236088437"/><sessioninfo id="runnervmwhb2z-683bf24e" start="1761236088872" dump="1761236090022"/><sessioninfo id="runnervmwhb2z-b04fad18" start="1761236090452" dump="1761236092000"/><sessioninfo id="runnervmwhb2z-b7f9eb76" start="1761236092434" dump="1761236094548"/><sessioninfo id="runnervmwhb2z-e9449089" start="1761236094990" dump="1761236096640"/><sessioninfo id="runnervmwhb2z-dc456e3e" start="1761236096810" dump="1761236098716"/><sessioninfo id="runnervmwhb2z-a0742c6a" start="1761236099148" dump="1761236099641"/><sessioninfo id="runnervmwhb2z-8aaa23d3" start="1761236100065" dump="1761236101244"/><sessioninfo id="runnervmwhb2z-ccb5541f" start="1761236101676" dump="1761236102874"/><sessioninfo id="runnervmwhb2z-1f857cf4" start="1761236103303" dump="1761236103805"/><sessioninfo id="runnervmwhb2z-f328717e" start="1761236103924" dump="1761236105127"/><sessioninfo id="runnervmwhb2z-2c69af28" start="1761236105555" dump="1761236107419"/><sessioninfo id="runnervmwhb2z-4fa7927e" start="1761236107851" dump="1761236109529"/><sessioninfo id="runnervmwhb2z-69550900" start="1761236109959" dump="1761236112319"/><sessioninfo id="runnervmwhb2z-550ac941" start="1761236112749" dump="1761236114166"/><sessioninfo id="runnervmwhb2z-8faf589e" start="1761236114593" dump="1761236115978"/><sessioninfo id="runnervmwhb2z-460ef7ee" start="1761236116404" dump="1761236118424"/><sessioninfo id="runnervmwhb2z-c6e7102b" start="1761236118863" dump="1761236120184"/><sessioninfo id="runnervmwhb2z-25ed7520" start="1761236120619" dump="1761236122450"/><sessioninfo id="runnervmwhb2z-93abf790" start="1761236122884" dump="1761236124988"/><sessioninfo id="runnervmwhb2z-5f85ac54" start="1761236125421" dump="1761236126486"/><sessioninfo id="runnervmwhb2z-9d13ff5d" start="1761236126789" dump="1761236129129"/><sessioninfo id="runnervmwhb2z-7653d424" start="1761236129568" dump="1761236130742"/><sessioninfo id="runnervmwhb2z-469c507a" start="1761236131170" dump="1761236194941"/><sessioninfo id="runnervmwhb2z-d5c3cbc7" start="1761236195377" dump="1761236196774"/><sessioninfo id="runnervmwhb2z-dbb59372" start="1761236197206" dump="1761236199625"/><package name="se/sics/ace/coap/as"><class name="se/sics/ace/coap/as/DtlsAS" sourcefilename="DtlsAS.java"><method name="&lt;init&gt;" desc="(Ljava/lang/String;Lse/sics/ace/coap/as/CoapDBConnector;Lse/sics/ace/as/PDP;Lse/sics/ace/TimeProvider;Lorg/eclipse/californium/cose/OneKey;I)V" line="123"><counter type="INSTRUCTION" missed="13" covered="0"/><counter type="LINE" missed="2" covered="0"/><counter type="COMPLEXITY" missed="1" covered="0"/><counter type="METHOD" missed="1" covered="0"/></method><method name="&lt;init&gt;" desc="(Ljava/lang/String;Lse/sics/ace/coap/as/CoapDBConnector;Lse/sics/ace/as/PDP;Lse/sics/ace/TimeProvider;Lorg/eclipse/californium/cose/OneKey;)V" line="143"><counter type="INSTRUCTION" missed="0" covered="13"/><counter type="LINE" missed="0" covered="2"/><counter type="COMPLEXITY" missed="0" covered="1"/><counter type="METHOD" missed="0" covered="1"/></method><method name="&lt;init&gt;" desc="(Ljava/lang/String;Lse/sics/ace/coap/as/CoapDBConnector;Lse/sics/ace/as/PDP;Lse/sics/ace/TimeProvider;Lorg/eclipse/californium/cose/OneKey;Ljava/lang/String;Ljava/lang/String;ILjava/util/Set;Z)V" line="93"><counter type="INSTRUCTION" missed="80" covered="215"/><counter type="BRANCH" missed="14" covered="8"/><counter type="LINE" missed="12" covered="40"/><counter type="COMPLEXITY" missed="11" covered="1"/><counter type="METHOD" missed="0" covered="1"/></method><method name="close" desc="()V" line="255"><counter type="INSTRUCTION" missed="10" covered="0"/><counter type="LINE" missed="4" covered="0"/><counter type="COMPLEXITY" missed="1" covered="0"/><counter type="METHOD" missed="1" covered="0"/></method><method name="&lt;clinit&gt;" desc="()V" line="81"><counter type="INSTRUCTION" missed="0" covered="6"/><counter type="LINE" missed="0" covered="3"/><counter type="COMPLEXITY" missed="0" covered="1"/><counter type="METHOD" missed="0" covered="1"/></method><counter type="INSTRUCTION" missed="103" covered="234"/><counter type="BRANCH" missed="14" covered="8"/><counter type="LINE" missed="18" covered="45"/><counter type="COMPLEXITY" missed="13" covered="3"/><counter type="METHOD" missed="2" covered="3"/><counter type="CLASS" missed="0" covered="1"/></class><class name="se/sics/ace/coap/as/OscoreAceEndpoint" sourcefilename="OscoreAceEndpoint.java"><method name="&lt;init&gt;" desc="(Ljava/lang/String;Lse/sics/ace/Endpoint;)V" line="76"><counter type="INSTRUCTION" missed="0" covered="8"/><counter type="LINE" missed="0" covered="3"/><counter type="COMPLEXITY" missed="0" covered="1"/><counter type="METHOD" missed="0" covered="1"/></method><method name="&lt;init&gt;" desc="(Lse/sics/ace/as/Introspect;)V" line="86"><counter type="INSTRUCTION" missed="8" covered="0"/><counter type="LINE" missed="3" covered="0"/><counter type="COMPLEXITY" missed="1" covered="0"/><counter type="METHOD" missed="1" covered="0"/></method><method name="&lt;init&gt;" desc="(Lse/sics/ace/as/Token;)V" line="96"><counter type="INSTRUCTION" missed="8" covered="0"/><counter type="LINE" missed="3" covered="0"/><counter type="COMPLEXITY" missed="1" covered="0"/><counter type="METHOD" missed="1" covered="0"/></method><method name="handlePOST" desc="(Lorg/eclipse/californium/core/server/resources/CoapExchange;)V" line="107"><counter type="INSTRUCTION" missed="30" covered="53"/><counter type="BRANCH" missed="4" covered="2"/><counter type="LINE" missed="8" covered="11"/><counter type="COMPLEXITY" missed="3" covered="1"/><counter type="METHOD" missed="0" covered="1"/></method><method name="close" desc="()V" line="134"><counter type="INSTRUCTION" missed="4" covered="0"/><counter type="LINE" missed="2" covered="0"/><counter type="COMPLEXITY" missed="1" covered="0"/><counter type="METHOD" missed="1" covered="0"/></method><method name="&lt;clinit&gt;" desc="()V" line="62"><counter type="INSTRUCTION" missed="0" covered="5"/><counter type="LINE" missed="0" covered="1"/><counter type="COMPLEXITY" missed="0" covered="1"/><counter type="METHOD" missed="0" covered="1"/></method><counter type="INSTRUCTION" missed="50" covered="66"/><counter type="BRANCH" missed="4" covered="2"/><counter type="LINE" missed="16" covered="15"/><counter type="COMPLEXITY" missed="6" covered="3"/><counter type="METHOD" missed="3" covered="3"/><counter type="CLASS" missed="0" covered="1"/></class><class name="se/sics/ace/coap/as/OscoreAS$IdPair" sourcefilename="OscoreAS.java"><method name="&lt;init&gt;" desc="(Ljava/lang/String;)V" line="273"><counter type="INSTRUCTION" missed="8" covered="26"/><counter type="BRANCH" missed="1" covered="1"/><counter type="LINE" missed="1" covered="8"/><counter type="COMPLEXITY" missed="1" covered="1"/><counter type="METHOD" missed="0" covered="1"/></method><method name="getSenderId" desc="()[B" line="290"><counter type="INSTRUCTION" missed="0" covered="3"/><counter type="LINE" missed="0" covered="1"/><counter type="COMPLEXITY" missed="0" covered="1"/><counter type="METHOD" missed="0" covered="1"/></method><method name="getContextId" desc="()[B" line="294"><counter type="INSTRUCTION" missed="0" covered="3"/><counter type="LINE" missed="0" covered="1"/><counter type="COMPLEXITY" missed="0" covered="1"/><counter type="METHOD" missed="0" covered="1"/></method><counter type="INSTRUCTION" missed="8" covered="32"/><counter type="BRANCH" missed="1" covered="1"/><counter type="LINE" missed="1" covered="10"/><counter type="COMPLEXITY" missed="1" covered="3"/><counter type="METHOD" missed="0" covered="3"/><counter type="CLASS" missed="0" covered="1"/></class><class name="se/sics/ace/coap/as/CoapDtlsEndpoint" sourcefilename="CoapDtlsEndpoint.java"><method name="&lt;init&gt;" desc="(Ljava/lang/String;Lse/sics/ace/Endpoint;)V" line="76"><counter type="INSTRUCTION" missed="0" covered="7"/><counter type="LINE" missed="0" covered="3"/><counter type="COMPLEXITY" missed="0" covered="1"/><counter type="METHOD" missed="0" covered="1"/></method><method name="&lt;init&gt;" desc="(Lse/sics/ace/as/Introspect;)V" line="86"><counter type="INSTRUCTION" missed="7" covered="0"/><counter type="LINE" missed="3" covered="0"/><counter type="COMPLEXITY" missed="1" covered="0"/><counter type="METHOD" missed="1" covered="0"/></method><method name="&lt;init&gt;" desc="(Lse/sics/ace/as/Token;)V" line="96"><counter type="INSTRUCTION" missed="7" covered="0"/><counter type="LINE" missed="3" covered="0"/><counter type="COMPLEXITY" missed="1" covered="0"/><counter type="METHOD" missed="1" covered="0"/></method><method name="handlePOST" desc="(Lorg/eclipse/californium/core/server/resources/CoapExchange;)V" line="107"><counter type="INSTRUCTION" missed="30" covered="53"/><counter type="BRANCH" missed="4" covered="2"/><counter type="LINE" missed="8" covered="11"/><counter type="COMPLEXITY" missed="3" covered="1"/><counter type="METHOD" missed="0" covered="1"/></method><method name="close" desc="()V" line="134"><counter type="INSTRUCTION" missed="4" covered="0"/><counter type="LINE" missed="2" covered="0"/><counter type="COMPLEXITY" missed="1" covered="0"/><counter type="METHOD" missed="1" covered="0"/></method><method name="&lt;clinit&gt;" desc="()V" line="62"><counter type="INSTRUCTION" missed="0" covered="5"/><counter type="LINE" missed="0" covered="1"/><counter type="COMPLEXITY" missed="0" covered="1"/><counter type="METHOD" missed="0" covered="1"/></method><counter type="INSTRUCTION" missed="48" covered="65"/><counter type="BRANCH" missed="4" covered="2"/><counter type="LINE" missed="16" covered="15"/><counter type="COMPLEXITY" missed="6" covered="3"/><counter type="METHOD" missed="3" covered="3"/><counter type="CLASS" missed="0" covered="1"/></class><class name="se/sics/ace/coap/as/OscoreAS" sourcefilename="OscoreAS.java"><method name="&lt;init&gt;" desc="(Ljava/lang/String;Lse/sics/ace/coap/as/CoapDBConnector;Lse/sics/ace/as/PDP;Lse/sics/ace/TimeProvider;Lorg/eclipse/californium/cose/OneKey;ILjava/util/Map;Ljava/util/Map;Ljava/util/Map;)V" line="124"><counter type="INSTRUCTION" missed="18" covered="0"/><counter type="LINE" missed="2" covered="0"/><counter type="COMPLEXITY" missed="1" covered="0"/><counter type="METHOD" missed="1" covered="0"/></method><method name="&lt;init&gt;" desc="(Ljava/lang/String;Lse/sics/ace/coap/as/CoapDBConnector;Lse/sics/ace/as/PDP;Lse/sics/ace/TimeProvider;Lorg/eclipse/californium/cose/OneKey;Ljava/util/Map;Ljava/util/Map;Ljava/util/Map;)V" line="147"><counter type="INSTRUCTION" missed="18" covered="0"/><counter type="LINE" missed="2" covered="0"/><counter type="COMPLEXITY" missed="1" covered="0"/><counter type="METHOD" missed="1" covered="0"/></method><method name="&lt;init&gt;" desc="(Ljava/lang/String;Lse/sics/ace/coap/as/CoapDBConnector;Lse/sics/ace/as/PDP;Lse/sics/ace/TimeProvider;Lorg/eclipse/californium/cose/OneKey;Ljava/lang/String;Ljava/lang/String;ILjava/util/Set;ZSZLjava/util/Map;Ljava/util/Map;Ljava/util/Map;)V" line="89"><counter type="INSTRUCTION" missed="11" covered="93"/><counter type="BRANCH" missed="2" covered="2"/><counter type="LINE" missed="1" covered="18"/><counter type="COMPLEXITY" missed="2" covered="1"/><counter type="METHOD" missed="0" covered="1"/></method><method name="loadOscoreCtx" desc="(Lse/sics/ace/coap/as/CoapDBConnector;Ljava/util/Map;Ljava/util/Map;)V" line="224"><counter type="INSTRUCTION" missed="1" covered="90"/><counter type="BRANCH" missed="3" covered="5"/><counter type="LINE" missed="1" covered="20"/><counter type="COMPLEXITY" missed="3" covered="2"/><counter type="METHOD" missed="0" covered="1"/></method><method name="close" desc="()V" line="263"><counter type="INSTRUCTION" missed="10" covered="0"/><counter type="LINE" missed="4" covered="0"/><counter type="COMPLEXITY" missed="1" covered="0"/><counter type="METHOD" missed="1" covered="0"/></method><method name="&lt;clinit&gt;" desc="()V" line="77"><counter type="INSTRUCTION" missed="0" covered="6"/><counter type="LINE" missed="0" covered="3"/><counter type="COMPLEXITY" missed="0" covered="1"/><counter type="METHOD" missed="0" covered="1"/></method><counter type="INSTRUCTION" missed="58" covered="189"/><counter type="BRANCH" missed="5" covered="7"/><counter type="LINE" missed="10" covered="41"/><counter type="COMPLEXITY" missed="8" covered="4"/><counter type="METHOD" missed="3" covered="3"/><counter type="CLASS" missed="0" covered="1"/></class><class name="se/sics/ace/coap/as/CoapDBConnector" sourcefilename="CoapDBConnector.java"><method name="&lt;init&gt;" desc="(Lse/sics/ace/examples/SQLDBAdapter;)V" line="85"><counter type="INSTRUCTION" missed="0" covered="4"/><counter type="LINE" missed="0" covered="2"/><counter type="COMPLEXITY" missed="0" covered="1"/><counter type="METHOD" missed="0" covered="1"/></method><method name="requestPskSecretResult" desc="(Lorg/eclipse/californium/scandium/dtls/ConnectionId;Lorg/eclipse/californium/scandium/util/ServerNames;Lorg/eclipse/californium/scandium/dtls/PskPublicInformation;Ljava/lang/String;Ljavax/crypto/SecretKey;[BZ)Lorg/eclipse/californium/scandium/dtls/PskSecretResult;" line="92"><counter type="INSTRUCTION" missed="0" covered="10"/><counter type="LINE" missed="0" covered="1"/><counter type="COMPLEXITY" missed="0" covered="1"/><counter type="METHOD" missed="0" covered="1"/></method><method name="getKey" desc="(Lorg/eclipse/californium/scandium/dtls/PskPublicInformation;)Ljavax/crypto/SecretKey;" line="96"><counter type="INSTRUCTION" missed="0" covered="5"/><counter type="LINE" missed="0" covered="1"/><counter type="COMPLEXITY" missed="0" covered="1"/><counter type="METHOD" missed="0" covered="1"/></method><method name="getKey" desc="(Ljava/lang/String;)Ljavax/crypto/SecretKey;" line="106"><counter type="INSTRUCTION" missed="20" covered="41"/><counter type="BRANCH" missed="4" covered="6"/><counter type="LINE" missed="9" covered="12"/><counter type="COMPLEXITY" missed="4" covered="2"/><counter type="METHOD" missed="0" covered="1"/></method><method name="getInstance" desc="(Lse/sics/ace/examples/SQLDBAdapter;)Lse/sics/ace/coap/as/CoapDBConnector;" line="147"><counter type="INSTRUCTION" missed="0" covered="9"/><counter type="BRANCH" missed="1" covered="1"/><counter type="LINE" missed="0" covered="3"/><counter type="COMPLEXITY" missed="1" covered="1"/><counter type="METHOD" missed="0" covered="1"/></method><method name="getIdentity" desc="(Ljava/net/InetSocketAddress;Lorg/eclipse/californium/scandium/util/ServerNames;)Lorg/eclipse/californium/scandium/dtls/PskPublicInformation;" line="156"><counter type="INSTRUCTION" missed="2" covered="0"/><counter type="LINE" missed="1" covered="0"/><counter type="COMPLEXITY" missed="1" covered="0"/><counter type="METHOD" missed="1" covered="0"/></method><method name="close" desc="()V" line="167"><counter type="INSTRUCTION" missed="0" covered="5"/><counter type="LINE" missed="0" covered="3"/><counter type="COMPLEXITY" missed="0" covered="1"/><counter type="METHOD" missed="0" covered="1"/></method><method name="hasEcdhePskSupported" desc="()Z" line="174"><counter type="INSTRUCTION" missed="0" covered="2"/><counter type="LINE" missed="0" covered="1"/><counter type="COMPLEXITY" missed="0" covered="1"/><counter type="METHOD" missed="0" covered="1"/></method><method name="setResultHandler" desc="(Lorg/eclipse/californium/scandium/dtls/HandshakeResultHandler;)V" line="181"><counter type="INSTRUCTION" missed="0" covered="1"/><counter type="LINE" missed="0" covered="1"/><counter type="COMPLEXITY" missed="0" covered="1"/><counter type="METHOD" missed="0" covered="1"/></method><method name="&lt;clinit&gt;" desc="()V" line="68"><counter type="INSTRUCTION" missed="0" covered="5"/><counter type="LINE" missed="0" covered="2"/><counter type="COMPLEXITY" missed="0" covered="1"/><counter type="METHOD" missed="0" covered="1"/></method><counter type="INSTRUCTION" missed="22" covered="82"/><counter type="BRANCH" missed="5" covered="7"/><counter type="LINE" missed="10" covered="26"/><counter type="COMPLEXITY" missed="6" covered="10"/><counter type="METHOD" missed="1" covered="9"/><counter type="CLASS" missed="0" covered="1"/></class><sourcefile name="CoapDBConnector.java"><line nr="68" mi="0" ci="2" mb="0" cb="0"/><line nr="69" mi="0" ci="3" mb="0" cb="0"/><line nr="85" mi="0" ci="3" mb="0" cb="0"/><line nr="86" mi="0" ci="1" mb="0" cb="0"/><line nr="92" mi="0" ci="10" mb="0" cb="0"/><line nr="96" mi="0" ci="5" mb="0" cb="0"/><line nr="106" mi="0" ci="2" mb="0" cb="0"/><line nr="108" mi="0" ci="4" mb="0" cb="0"/><line nr="109" mi="1" ci="0" mb="0" cb="0"/><line nr="110" mi="4" ci="0" mb="0" cb="0"/><line nr="111" mi="2" ci="0" mb="0" cb="0"/><line nr="112" mi="0" ci="1" mb="0" cb="0"/><line nr="113" mi="0" ci="2" mb="0" cb="2"/><line nr="115" mi="0" ci="4" mb="0" cb="0"/><line nr="116" mi="1" ci="0" mb="0" cb="0"/><line nr="117" mi="4" ci="0" mb="0" cb="0"/><line nr="118" mi="2" ci="0" mb="0" cb="0"/><line nr="119" mi="0" ci="1" mb="0" cb="0"/><line nr="121" mi="0" ci="2" mb="1" cb="1"/><line nr="122" mi="2" ci="0" mb="0" cb="0"/><line nr="124" mi="0" ci="4" mb="0" cb="0"/><line nr="125" mi="0" ci="4" mb="1" cb="1"/><line nr="126" mi="0" ci="4" mb="0" cb="0"/><line nr="127" mi="0" ci="6" mb="2" cb="2"/><line nr="128" mi="2" ci="0" mb="0" cb="0"/><line nr="130" mi="0" ci="7" mb="0" cb="0"/><line nr="132" mi="2" ci="0" mb="0" cb="0"/><line nr="147" mi="0" ci="2" mb="1" cb="1"/><line nr="148" mi="0" ci="5" mb="0" cb="0"/><line nr="151" mi="0" ci="2" mb="0" cb="0"/><line nr="156" mi="2" ci="0" mb="0" cb="0"/><line nr="167" mi="0" ci="2" mb="0" cb="0"/><line nr="168" mi="0" ci="2" mb="0" cb="0"/><line nr="169" mi="0" ci="1" mb="0" cb="0"/><line nr="174" mi="0" ci="2" mb="0" cb="0"/><line nr="181" mi="0" ci="1" mb="0" cb="0"/><counter type="INSTRUCTION" missed="22" covered="82"/><counter type="BRANCH" missed="5" covered="7"/><counter type="LINE" missed="10" covered="26"/><counter type="COMPLEXITY" missed="6" covered="10"/><counter type="METHOD" missed="1" covered="9"/><counter type="CLASS" missed="0" covered="1"/></sourcefile><sourcefile name="OscoreAS.java"><line nr="77" mi="0" ci="1" mb="0" cb="0"/><line nr="83" mi="0" ci="2" mb="0" cb="0"/><line nr="84" mi="0" ci="3" mb="0" cb="0"/><line nr="89" mi="0" ci="3" mb="0" cb="0"/><line nr="94" mi="0" ci="3" mb="0" cb="0"/><line nr="124" mi="17" ci="0" mb="0" cb="0"/><line nr="127" mi="1" ci="0" mb="0" cb="0"/><line nr="147" mi="17" ci="0" mb="0" cb="0"/><line nr="150" mi="1" ci="0" mb="0" cb="0"/><line nr="186" mi="0" ci="2" mb="0" cb="0"/><line nr="187" mi="0" ci="15" mb="0" cb="0"/><line nr="189" mi="0" ci="8" mb="0" cb="0"/><line nr="190" mi="0" ci="10" mb="0" cb="0"/><line nr="192" mi="0" ci="2" mb="1" cb="1"/><line nr="193" mi="0" ci="2" mb="1" cb="1"/><line nr="194" mi="11" ci="0" mb="0" cb="0"/><line nr="196" mi="0" ci="11" mb="0" cb="0"/><line nr="198" mi="0" ci="8" mb="0" cb="0"/><line nr="199" mi="0" ci="10" mb="0" cb="0"/><line nr="201" mi="0" ci="8" mb="0" cb="0"/><line nr="202" mi="0" ci="2" mb="0" cb="0"/><line nr="203" mi="0" ci="1" mb="0" cb="0"/><line nr="204" mi="0" ci="2" mb="0" cb="0"/><line nr="205" mi="0" ci="1" mb="0" cb="0"/><line nr="206" mi="0" ci="4" mb="0" cb="0"/><line nr="208" mi="0" ci="1" mb="0" cb="0"/><line nr="224" mi="0" ci="3" mb="0" cb="0"/><line nr="225" mi="0" ci="5" mb="0" cb="0"/><line nr="227" mi="0" ci="10" mb="0" cb="2"/><line nr="228" mi="0" ci="8" mb="0" cb="0"/><line nr="231" mi="0" ci="5" mb="0" cb="0"/><line nr="232" mi="0" ci="5" mb="0" cb="0"/><line nr="233" mi="0" ci="3" mb="1" cb="1"/><line nr="236" mi="0" ci="3" mb="0" cb="0"/><line nr="237" mi="0" ci="3" mb="0" cb="0"/><line nr="240" mi="0" ci="5" mb="0" cb="0"/><line nr="241" mi="0" ci="5" mb="0" cb="0"/><line nr="242" mi="0" ci="3" mb="1" cb="1"/><line nr="245" mi="0" ci="3" mb="0" cb="0"/><line nr="246" mi="0" ci="3" mb="0" cb="0"/><line nr="249" mi="0" ci="4" mb="1" cb="1"/><line nr="250" mi="1" ci="0" mb="0" cb="0"/><line nr="253" mi="0" ci="14" mb="0" cb="0"/><line nr="255" mi="0" ci="3" mb="0" cb="0"/><line nr="257" mi="0" ci="1" mb="0" cb="0"/><line nr="258" mi="0" ci="3" mb="0" cb="0"/><line nr="259" mi="0" ci="1" mb="0" cb="0"/><line nr="263" mi="3" ci="0" mb="0" cb="0"/><line nr="264" mi="3" ci="0" mb="0" cb="0"/><line nr="265" mi="3" ci="0" mb="0" cb="0"/><line nr="266" mi="1" ci="0" mb="0" cb="0"/><line nr="273" mi="0" ci="2" mb="0" cb="0"/><line nr="275" mi="0" ci="3" mb="0" cb="0"/><line nr="276" mi="0" ci="3" mb="0" cb="0"/><line nr="278" mi="0" ci="4" mb="0" cb="0"/><line nr="280" mi="0" ci="3" mb="1" cb="1"/><line nr="282" mi="8" ci="0" mb="0" cb="0"/><line nr="284" mi="0" ci="1" mb="0" cb="0"/><line nr="285" mi="0" ci="9" mb="0" cb="0"/><line nr="287" mi="0" ci="1" mb="0" cb="0"/><line nr="290" mi="0" ci="3" mb="0" cb="0"/><line nr="294" mi="0" ci="3" mb="0" cb="0"/><counter type="INSTRUCTION" missed="66" covered="221"/><counter type="BRANCH" missed="6" covered="8"/><counter type="LINE" missed="11" covered="51"/><counter type="COMPLEXITY" missed="9" covered="7"/><counter type="METHOD" missed="3" covered="6"/><counter type="CLASS" missed="0" covered="2"/></sourcefile><sourcefile name="DtlsAS.java"><line nr="81" mi="0" ci="1" mb="0" cb="0"/><line nr="87" mi="0" ci="2" mb="0" cb="0"/><line nr="88" mi="0" ci="3" mb="0" cb="0"/><line nr="93" mi="0" ci="3" mb="0" cb="0"/><line nr="98" mi="0" ci="3" mb="0" cb="0"/><line nr="123" mi="12" ci="0" mb="0" cb="0"/><line nr="125" mi="1" ci="0" mb="0" cb="0"/><line nr="143" mi="0" ci="12" mb="0" cb="0"/><line nr="145" mi="0" ci="1" mb="0" cb="0"/><line nr="174" mi="0" ci="2" mb="0" cb="0"/><line nr="175" mi="0" ci="13" mb="0" cb="0"/><line nr="176" mi="0" ci="8" mb="0" cb="0"/><line nr="177" mi="0" ci="10" mb="0" cb="0"/><line nr="179" mi="0" ci="2" mb="1" cb="1"/><line nr="180" mi="0" ci="2" mb="1" cb="1"/><line nr="181" mi="11" ci="0" mb="0" cb="0"/><line nr="183" mi="0" ci="11" mb="0" cb="0"/><line nr="185" mi="0" ci="8" mb="0" cb="0"/><line nr="186" mi="0" ci="10" mb="0" cb="0"/><line nr="189" mi="0" ci="2" mb="0" cb="0"/><line nr="190" mi="0" ci="6" mb="0" cb="0"/><line nr="191" mi="0" ci="5" mb="0" cb="0"/><line nr="193" mi="2" ci="7" mb="2" cb="2"/><line nr="194" mi="3" ci="0" mb="2" cb="0"/><line nr="195" mi="0" ci="3" mb="0" cb="0"/><line nr="196" mi="0" ci="14" mb="0" cb="0"/><line nr="197" mi="0" ci="1" mb="0" cb="0"/><line nr="199" mi="0" ci="5" mb="1" cb="1"/><line nr="200" mi="0" ci="5" mb="1" cb="1"/><line nr="201" mi="0" ci="11" mb="0" cb="0"/><line nr="202" mi="0" ci="10" mb="0" cb="0"/><line nr="203" mi="0" ci="1" mb="0" cb="0"/><line nr="206" mi="0" ci="5" mb="1" cb="1"/><line nr="207" mi="5" ci="0" mb="2" cb="0"/><line nr="208" mi="11" ci="0" mb="0" cb="0"/><line nr="209" mi="10" ci="0" mb="0" cb="0"/><line nr="210" mi="1" ci="0" mb="0" cb="0"/><line nr="212" mi="5" ci="0" mb="2" cb="0"/><line nr="213" mi="11" ci="0" mb="0" cb="0"/><line nr="214" mi="11" ci="0" mb="0" cb="0"/><line nr="215" mi="1" ci="0" mb="0" cb="0"/><line nr="219" mi="3" ci="0" mb="0" cb="0"/><line nr="220" mi="6" ci="0" mb="0" cb="0"/><line nr="227" mi="0" ci="8" mb="0" cb="0"/><line nr="228" mi="0" ci="2" mb="0" cb="0"/><line nr="230" mi="0" ci="4" mb="0" cb="0"/><line nr="231" mi="0" ci="4" mb="0" cb="0"/><line nr="232" mi="0" ci="4" mb="0" cb="0"/><line nr="233" mi="0" ci="9" mb="0" cb="0"/><line nr="235" mi="0" ci="4" mb="0" cb="0"/><line nr="237" mi="0" ci="4" mb="0" cb="0"/><line nr="238" mi="0" ci="2" mb="1" cb="1"/><line nr="239" mi="0" ci="6" mb="0" cb="0"/><line nr="240" mi="0" ci="4" mb="0" cb="0"/><line nr="242" mi="0" ci="6" mb="0" cb="0"/><line nr="244" mi="0" ci="6" mb="0" cb="0"/><line nr="245" mi="0" ci="2" mb="0" cb="0"/><line nr="246" mi="0" ci="2" mb="0" cb="0"/><line nr="251" mi="0" ci="1" mb="0" cb="0"/><line nr="255" mi="3" ci="0" mb="0" cb="0"/><line nr="256" mi="3" ci="0" mb="0" cb="0"/><line nr="257" mi="3" ci="0" mb="0" cb="0"/><line nr="258" mi="1" ci="0" mb="0" cb="0"/><counter type="INSTRUCTION" missed="103" covered="234"/><counter type="BRANCH" missed="14" covered="8"/><counter type="LINE" missed="18" covered="45"/><counter type="COMPLEXITY" missed="13" covered="3"/><counter type="METHOD" missed="2" covered="3"/><counter type="CLASS" missed="0" covered="1"/></sourcefile><sourcefile name="OscoreAceEndpoint.java"><line nr="62" mi="0" ci="5" mb="0" cb="0"/><line nr="76" mi="0" ci="4" mb="0" cb="0"/><line nr="77" mi="0" ci="3" mb="0" cb="0"/><line nr="78" mi="0" ci="1" mb="0" cb="0"/><line nr="86" mi="4" ci="0" mb="0" cb="0"/><line nr="87" mi="3" ci="0" mb="0" cb="0"/><line nr="88" mi="1" ci="0" mb="0" cb="0"/><line nr="96" mi="4" ci="0" mb="0" cb="0"/><line nr="97" mi="3" ci="0" mb="0" cb="0"/><line nr="98" mi="1" ci="0" mb="0" cb="0"/><line nr="107" mi="0" ci="2" mb="0" cb="0"/><line nr="109" mi="0" ci="5" mb="0" cb="0"/><line nr="110" mi="1" ci="0" mb="0" cb="0"/><line nr="111" mi="4" ci="0" mb="0" cb="0"/><line nr="112" mi="3" ci="0" mb="0" cb="0"/><line nr="113" mi="0" ci="1" mb="0" cb="0"/><line nr="114" mi="2" ci="11" mb="1" cb="1"/><line nr="115" mi="0" ci="3" mb="0" cb="0"/><line nr="117" mi="0" ci="5" mb="0" cb="0"/><line nr="118" mi="0" ci="3" mb="1" cb="1"/><line nr="119" mi="0" ci="3" mb="0" cb="0"/><line nr="120" mi="0" ci="12" mb="0" cb="0"/><line nr="121" mi="0" ci="7" mb="0" cb="0"/><line nr="122" mi="0" ci="1" mb="0" cb="0"/><line nr="124" mi="2" ci="0" mb="2" cb="0"/><line nr="125" mi="1" ci="0" mb="0" cb="0"/><line nr="127" mi="13" ci="0" mb="0" cb="0"/><line nr="129" mi="3" ci="0" mb="0" cb="0"/><line nr="130" mi="1" ci="0" mb="0" cb="0"/><line nr="134" mi="3" ci="0" mb="0" cb="0"/><line nr="135" mi="1" ci="0" mb="0" cb="0"/><counter type="INSTRUCTION" missed="50" covered="66"/><counter type="BRANCH" missed="4" covered="2"/><counter type="LINE" missed="16" covered="15"/><counter type="COMPLEXITY" missed="6" covered="3"/><counter type="METHOD" missed="3" covered="3"/><counter type="CLASS" missed="0" covered="1"/></sourcefile><sourcefile name="CoapDtlsEndpoint.java"><line nr="62" mi="0" ci="5" mb="0" cb="0"/><line nr="76" mi="0" ci="3" mb="0" cb="0"/><line nr="77" mi="0" ci="3" mb="0" cb="0"/><line nr="78" mi="0" ci="1" mb="0" cb="0"/><line nr="86" mi="3" ci="0" mb="0" cb="0"/><line nr="87" mi="3" ci="0" mb="0" cb="0"/><line nr="88" mi="1" ci="0" mb="0" cb="0"/><line nr="96" mi="3" ci="0" mb="0" cb="0"/><line nr="97" mi="3" ci="0" mb="0" cb="0"/><line nr="98" mi="1" ci="0" mb="0" cb="0"/><line nr="107" mi="0" ci="2" mb="0" cb="0"/><line nr="109" mi="0" ci="5" mb="0" cb="0"/><line nr="110" mi="1" ci="0" mb="0" cb="0"/><line nr="111" mi="4" ci="0" mb="0" cb="0"/><line nr="112" mi="3" ci="0" mb="0" cb="0"/><line nr="113" mi="0" ci="1" mb="0" cb="0"/><line nr="114" mi="2" ci="11" mb="1" cb="1"/><line nr="115" mi="0" ci="3" mb="0" cb="0"/><line nr="116" mi="0" ci="5" mb="0" cb="0"/><line nr="118" mi="0" ci="3" mb="1" cb="1"/><line nr="119" mi="0" ci="3" mb="0" cb="0"/><line nr="120" mi="0" ci="12" mb="0" cb="0"/><line nr="121" mi="0" ci="7" mb="0" cb="0"/><line nr="122" mi="0" ci="1" mb="0" cb="0"/><line nr="124" mi="2" ci="0" mb="2" cb="0"/><line nr="125" mi="1" ci="0" mb="0" cb="0"/><line nr="127" mi="13" ci="0" mb="0" cb="0"/><line nr="129" mi="3" ci="0" mb="0" cb="0"/><line nr="130" mi="1" ci="0" mb="0" cb="0"/><line nr="134" mi="3" ci="0" mb="0" cb="0"/><line nr="135" mi="1" ci="0" mb="0" cb="0"/><counter type="INSTRUCTION" missed="48" covered="65"/><counter type="BRANCH" missed="4" covered="2"/><counter type="LINE" missed="16" covered="15"/><counter type="COMPLEXITY" missed="6" covered="3"/><counter type="METHOD" missed="3" covered="3"/><counter type="CLASS" missed="0" covered="1"/></sourcefile><counter type="INSTRUCTION" missed="289" covered="668"/><counter type="BRANCH" missed="33" covered="27"/><counter type="LINE" missed="71" covered="152"/><counter type="COMPLEXITY" missed="40" covered="26"/><counter type="METHOD" missed="12" covered="24"/><counter type="CLASS" missed="0" covered="6"/></package><package name="se/sics/ace/cwt"><class name="se/sics/ace/cwt/CWT" sourcefilename="CWT.java"><method name="&lt;init&gt;" desc="(Ljava/util/Map;)V" line="83"><counter type="INSTRUCTION" missed="0" covered="9"/><counter type="LINE" missed="0" covered="3"/><counter type="COMPLEXITY" missed="0" covered="1"/><counter type="METHOD" missed="0" covered="1"/></method><method name="processCOSE" desc="([BLse/sics/ace/cwt/CwtCryptoCtx;)Lse/sics/ace/cwt/CWT;" line="100"><counter type="INSTRUCTION" missed="46" covered="275"/><counter type="BRANCH" missed="23" covered="27"/><counter type="LINE" missed="12" covered="66"/><counter type="COMPLEXITY" missed="20" covered="6"/><counter type="METHOD" missed="0" covered="1"/></method><method name="processDecrypt" desc="(Lorg/eclipse/californium/cose/EncryptMessage;Lorg/eclipse/californium/cose/Recipient;)[B" line="202"><counter type="INSTRUCTION" missed="5" covered="4"/><counter type="LINE" missed="3" covered="1"/><counter type="COMPLEXITY" missed="0" covered="1"/><counter type="METHOD" missed="0" covered="1"/></method><method name="encode" desc="()Lcom/upokecenter/cbor/CBORObject;" line="216"><counter type="INSTRUCTION" missed="0" covered="4"/><counter type="LINE" missed="0" covered="1"/><counter type="COMPLEXITY" missed="0" covered="1"/><counter type="METHOD" missed="0" covered="1"/></method><method name="encode" desc="(Lse/sics/ace/cwt/CwtCryptoCtx;Ljava/util/Map;Ljava/util/Map;)Lcom/upokecenter/cbor/CBORObject;" line="236"><counter type="INSTRUCTION" missed="19" covered="224"/><counter type="BRANCH" missed="1" covered="12"/><counter type="LINE" missed="5" covered="55"/><counter type="COMPLEXITY" missed="1" covered="9"/><counter type="METHOD" missed="0" covered="1"/></method><method name="addHeaders" desc="(Lorg/eclipse/californium/cose/Message;Ljava/util/Map;Z)V" line="338"><counter type="INSTRUCTION" missed="2" covered="28"/><counter type="BRANCH" missed="1" covered="5"/><counter type="LINE" missed="0" covered="6"/><counter type="COMPLEXITY" missed="1" covered="3"/><counter type="METHOD" missed="0" covered="1"/></method><method name="encode" desc="(Lse/sics/ace/cwt/CwtCryptoCtx;)Lcom/upokecenter/cbor/CBORObject;" line="360"><counter type="INSTRUCTION" missed="0" covered="6"/><counter type="LINE" missed="0" covered="1"/><counter type="COMPLEXITY" missed="0" covered="1"/><counter type="METHOD" missed="0" covered="1"/></method><method name="getClaim" desc="(Ljava/lang/Short;)Lcom/upokecenter/cbor/CBORObject;" line="372"><counter type="INSTRUCTION" missed="0" covered="6"/><counter type="LINE" missed="0" covered="1"/><counter type="COMPLEXITY" missed="0" covered="1"/><counter type="METHOD" missed="0" covered="1"/></method><method name="getClaimKeys" desc="()Ljava/util/Set;" line="379"><counter type="INSTRUCTION" missed="0" covered="4"/><counter type="LINE" missed="0" covered="1"/><counter type="COMPLEXITY" missed="0" covered="1"/><counter type="METHOD" missed="0" covered="1"/></method><method name="getClaims" desc="()Ljava/util/Map;" line="386"><counter type="INSTRUCTION" missed="0" covered="6"/><counter type="LINE" missed="0" covered="1"/><counter type="COMPLEXITY" missed="0" covered="1"/><counter type="METHOD" missed="0" covered="1"/></method><method name="isValid" desc="(J)Z" line="399"><counter type="INSTRUCTION" missed="0" covered="36"/><counter type="BRANCH" missed="2" covered="6"/><counter type="LINE" missed="0" covered="7"/><counter type="COMPLEXITY" missed="2" covered="3"/><counter type="METHOD" missed="0" covered="1"/></method><method name="expired" desc="(J)Z" line="420"><counter type="INSTRUCTION" missed="0" covered="19"/><counter type="BRANCH" missed="1" covered="3"/><counter type="LINE" missed="0" covered="4"/><counter type="COMPLEXITY" missed="1" covered="2"/><counter type="METHOD" missed="0" covered="1"/></method><method name="toString" desc="()Ljava/lang/String;" line="430"><counter type="INSTRUCTION" missed="4" covered="0"/><counter type="LINE" missed="1" covered="0"/><counter type="COMPLEXITY" missed="1" covered="0"/><counter type="METHOD" missed="1" covered="0"/></method><method name="getCti" desc="()Ljava/lang/String;" line="435"><counter type="INSTRUCTION" missed="5" covered="14"/><counter type="BRANCH" missed="1" covered="1"/><counter type="LINE" missed="1" covered="3"/><counter type="COMPLEXITY" missed="1" covered="1"/><counter type="METHOD" missed="0" covered="1"/></method><method name="&lt;clinit&gt;" desc="()V" line="72"><counter type="INSTRUCTION" missed="0" covered="6"/><counter type="LINE" missed="0" covered="2"/><counter type="COMPLEXITY" missed="0" covered="1"/><counter type="METHOD" missed="0" covered="1"/></method><counter type="INSTRUCTION" missed="81" covered="641"/><counter type="BRANCH" missed="29" covered="54"/><counter type="LINE" missed="22" covered="152"/><counter type="COMPLEXITY" missed="27" covered="32"/><counter type="METHOD" missed="1" covered="14"/><counter type="CLASS" missed="0" covered="1"/></class><class name="se/sics/ace/cwt/CwtCryptoCtx" sourcefilename="CwtCryptoCtx.java"><method name="&lt;init&gt;" desc="(Lorg/eclipse/californium/cose/MessageTag;[BLcom/upokecenter/cbor/CBORObject;)V" line="67"><counter type="INSTRUCTION" missed="0" covered="30"/><counter type="LINE" missed="0" covered="11"/><counter type="COMPLEXITY" missed="0" covered="1"/><counter type="METHOD" missed="0" covered="1"/></method><method name="&lt;init&gt;" desc="(Lorg/eclipse/californium/cose/MessageTag;Lorg/eclipse/californium/cose/OneKey;Lorg/eclipse/californium/cose/OneKey;Lcom/upokecenter/cbor/CBORObject;)V" line="67"><counter type="INSTRUCTION" missed="0" covered="33"/><counter type="LINE" missed="0" covered="12"/><counter type="COMPLEXITY" missed="0" covered="1"/><counter type="METHOD" missed="0" covered="1"/></method><method name="&lt;init&gt;" desc="(Lorg/eclipse/californium/cose/MessageTag;Ljava/util/List;Lcom/upokecenter/cbor/CBORObject;)V" line="67"><counter type="INSTRUCTION" missed="0" covered="37"/><counter type="LINE" missed="0" covered="12"/><counter type="COMPLEXITY" missed="0" covered="1"/><counter type="METHOD" missed="0" covered="1"/></method><method name="&lt;init&gt;" desc="(Lorg/eclipse/californium/cose/MessageTag;Ljava/util/List;Lcom/upokecenter/cbor/CBORObject;Z)V" line="67"><counter type="INSTRUCTION" missed="0" covered="39"/><counter type="BRANCH" missed="1" covered="1"/><counter type="LINE" missed="0" covered="13"/><counter type="COMPLEXITY" missed="1" covered="1"/><counter type="METHOD" missed="0" covered="1"/></method><method name="encrypt" desc="(Ljava/util/List;Lcom/upokecenter/cbor/CBORObject;)Lse/sics/ace/cwt/CwtCryptoCtx;" line="121"><counter type="INSTRUCTION" missed="0" covered="7"/><counter type="LINE" missed="0" covered="1"/><counter type="COMPLEXITY" missed="0" covered="1"/><counter type="METHOD" missed="0" covered="1"/></method><method name="encrypt0" desc="([BLcom/upokecenter/cbor/CBORObject;)Lse/sics/ace/cwt/CwtCryptoCtx;" line="133"><counter type="INSTRUCTION" missed="0" covered="7"/><counter type="LINE" missed="0" covered="1"/><counter type="COMPLEXITY" missed="0" covered="1"/><counter type="METHOD" missed="0" covered="1"/></method><method name="mac" desc="(Ljava/util/List;Lcom/upokecenter/cbor/CBORObject;)Lse/sics/ace/cwt/CwtCryptoCtx;" line="144"><counter type="INSTRUCTION" missed="0" covered="7"/><counter type="LINE" missed="0" covered="1"/><counter type="COMPLEXITY" missed="0" covered="1"/><counter type="METHOD" missed="0" covered="1"/></method><method name="mac0" desc="([BLcom/upokecenter/cbor/CBORObject;)Lse/sics/ace/cwt/CwtCryptoCtx;" line="156"><counter type="INSTRUCTION" missed="0" covered="7"/><counter type="LINE" missed="0" covered="1"/><counter type="COMPLEXITY" missed="0" covered="1"/><counter type="METHOD" missed="0" covered="1"/></method><method name="signCreate" desc="(Ljava/util/List;Lcom/upokecenter/cbor/CBORObject;)Lse/sics/ace/cwt/CwtCryptoCtx;" line="167"><counter type="INSTRUCTION" missed="0" covered="8"/><counter type="LINE" missed="0" covered="1"/><counter type="COMPLEXITY" missed="0" covered="1"/><counter type="METHOD" missed="0" covered="1"/></method><method name="signVerify" desc="(Lorg/eclipse/californium/cose/OneKey;Lcom/upokecenter/cbor/CBORObject;)Lse/sics/ace/cwt/CwtCryptoCtx;" line="179"><counter type="INSTRUCTION" missed="0" covered="8"/><counter type="LINE" missed="0" covered="1"/><counter type="COMPLEXITY" missed="0" covered="1"/><counter type="METHOD" missed="0" covered="1"/></method><method name="sign1Verify" desc="(Lorg/eclipse/californium/cose/OneKey;Lcom/upokecenter/cbor/CBORObject;)Lse/sics/ace/cwt/CwtCryptoCtx;" line="191"><counter type="INSTRUCTION" missed="0" covered="8"/><counter type="LINE" missed="0" covered="1"/><counter type="COMPLEXITY" missed="0" covered="1"/><counter type="METHOD" missed="0" covered="1"/></method><method name="sign1Create" desc="(Lorg/eclipse/californium/cose/OneKey;Lcom/upokecenter/cbor/CBORObject;)Lse/sics/ace/cwt/CwtCryptoCtx;" line="203"><counter type="INSTRUCTION" missed="0" covered="8"/><counter type="LINE" missed="0" covered="1"/><counter type="COMPLEXITY" missed="0" covered="1"/><counter type="METHOD" missed="0" covered="1"/></method><method name="getSigners" desc="()Ljava/util/List;" line="210"><counter type="INSTRUCTION" missed="0" covered="3"/><counter type="LINE" missed="0" covered="1"/><counter type="COMPLEXITY" missed="0" covered="1"/><counter type="METHOD" missed="0" covered="1"/></method><method name="getPrivateKey" desc="()Lorg/eclipse/californium/cose/OneKey;" line="217"><counter type="INSTRUCTION" missed="0" covered="3"/><counter type="LINE" missed="0" covered="1"/><counter type="COMPLEXITY" missed="0" covered="1"/><counter type="METHOD" missed="0" covered="1"/></method><method name="getAlg" desc="()Lcom/upokecenter/cbor/CBORObject;" line="224"><counter type="INSTRUCTION" missed="0" covered="3"/><counter type="LINE" missed="0" covered="1"/><counter type="COMPLEXITY" missed="0" covered="1"/><counter type="METHOD" missed="0" covered="1"/></method><method name="getKey" desc="()[B" line="231"><counter type="INSTRUCTION" missed="0" covered="3"/><counter type="LINE" missed="0" covered="1"/><counter type="COMPLEXITY" missed="0" covered="1"/><counter type="METHOD" missed="0" covered="1"/></method><method name="getRecipients" desc="()Ljava/util/List;" line="238"><counter type="INSTRUCTION" missed="0" covered="3"/><counter type="LINE" missed="0" covered="1"/><counter type="COMPLEXITY" missed="0" covered="1"/><counter type="METHOD" missed="0" covered="1"/></method><method name="getPublicKey" desc="()Lorg/eclipse/californium/cose/OneKey;" line="245"><counter type="INSTRUCTION" missed="0" covered="3"/><counter type="LINE" missed="0" covered="1"/><counter type="COMPLEXITY" missed="0" covered="1"/><counter type="METHOD" missed="0" covered="1"/></method><method name="getMessageType" desc="()Lorg/eclipse/californium/cose/MessageTag;" line="252"><counter type="INSTRUCTION" missed="0" covered="3"/><counter type="LINE" missed="0" covered="1"/><counter type="COMPLEXITY" missed="0" covered="1"/><counter type="METHOD" missed="0" covered="1"/></method><method name="&lt;clinit&gt;" desc="()V" line="58"><counter type="INSTRUCTION" missed="0" covered="6"/><counter type="LINE" missed="0" covered="2"/><counter type="COMPLEXITY" missed="0" covered="1"/><counter type="METHOD" missed="0" covered="1"/></method><counter type="INSTRUCTION" missed="0" covered="226"/><counter type="BRANCH" missed="1" covered="1"/><counter type="LINE" missed="0" covered="47"/><counter type="COMPLEXITY" missed="1" covered="20"/><counter type="METHOD" missed="0" covered="20"/><counter type="CLASS" missed="0" covered="1"/></class><sourcefile name="CWT.java"><line nr="72" mi="0" ci="5" mb="0" cb="0"/><line nr="74" mi="0" ci="1" mb="0" cb="0"/><line nr="83" mi="0" ci="2" mb="0" cb="0"/><line nr="84" mi="0" ci="6" mb="0" cb="0"/><line nr="85" mi="0" ci="1" mb="0" cb="0"/><line nr="100" mi="0" ci="3" mb="0" cb="0"/><line nr="101" mi="0" ci="4" mb="1" cb="1"/><line nr="102" mi="3" ci="0" mb="0" cb="0"/><line nr="104" mi="0" ci="4" mb="0" cb="0"/><line nr="106" mi="0" ci="3" mb="0" cb="2"/><line nr="107" mi="0" ci="3" mb="0" cb="0"/><line nr="109" mi="0" ci="5" mb="0" cb="0"/><line nr="110" mi="0" ci="1" mb="0" cb="0"/><line nr="111" mi="0" ci="11" mb="1" cb="1"/><line nr="112" mi="0" ci="4" mb="0" cb="0"/><line nr="113" mi="4" ci="2" mb="3" cb="1"/><line nr="114" mi="0" ci="4" mb="0" cb="0"/><line nr="115" mi="0" ci="4" mb="1" cb="1"/><line nr="116" mi="0" ci="6" mb="0" cb="0"/><line nr="117" mi="0" ci="1" mb="0" cb="0"/><line nr="118" mi="0" ci="1" mb="0" cb="0"/><line nr="121" mi="1" ci="0" mb="0" cb="0"/><line nr="122" mi="5" ci="0" mb="0" cb="0"/><line nr="124" mi="0" ci="3" mb="0" cb="2"/><line nr="125" mi="0" ci="3" mb="0" cb="0"/><line nr="126" mi="0" ci="5" mb="1" cb="1"/><line nr="127" mi="0" ci="6" mb="0" cb="0"/><line nr="128" mi="0" ci="2" mb="0" cb="0"/><line nr="131" mi="1" ci="3" mb="0" cb="2"/><line nr="132" mi="0" ci="3" mb="0" cb="0"/><line nr="133" mi="0" ci="11" mb="1" cb="1"/><line nr="134" mi="0" ci="4" mb="0" cb="0"/><line nr="135" mi="0" ci="4" mb="0" cb="0"/><line nr="136" mi="0" ci="2" mb="0" cb="0"/><line nr="137" mi="0" ci="6" mb="0" cb="0"/><line nr="138" mi="0" ci="8" mb="0" cb="0"/><line nr="139" mi="0" ci="2" mb="0" cb="0"/><line nr="140" mi="0" ci="11" mb="1" cb="1"/><line nr="141" mi="5" ci="2" mb="3" cb="1"/><line nr="142" mi="1" ci="0" mb="0" cb="0"/><line nr="143" mi="0" ci="6" mb="1" cb="1"/><line nr="144" mi="0" ci="5" mb="0" cb="0"/><line nr="145" mi="0" ci="3" mb="0" cb="0"/><line nr="146" mi="0" ci="4" mb="1" cb="1"/><line nr="147" mi="0" ci="6" mb="0" cb="0"/><line nr="148" mi="0" ci="1" mb="0" cb="0"/><line nr="149" mi="0" ci="1" mb="0" cb="0"/><line nr="153" mi="1" ci="0" mb="0" cb="0"/><line nr="154" mi="1" ci="0" mb="0" cb="0"/><line nr="155" mi="5" ci="0" mb="0" cb="0"/><line nr="157" mi="0" ci="3" mb="0" cb="2"/><line nr="158" mi="0" ci="3" mb="0" cb="0"/><line nr="159" mi="0" ci="5" mb="1" cb="1"/><line nr="160" mi="0" ci="6" mb="0" cb="0"/><line nr="161" mi="0" ci="2" mb="0" cb="0"/><line nr="164" mi="1" ci="3" mb="0" cb="2"/><line nr="165" mi="0" ci="3" mb="0" cb="0"/><line nr="166" mi="0" ci="11" mb="1" cb="1"/><line nr="167" mi="0" ci="4" mb="0" cb="0"/><line nr="168" mi="0" ci="4" mb="0" cb="0"/><line nr="169" mi="0" ci="2" mb="0" cb="0"/><line nr="170" mi="0" ci="6" mb="0" cb="0"/><line nr="171" mi="0" ci="8" mb="0" cb="0"/><line nr="172" mi="0" ci="2" mb="0" cb="0"/><line nr="173" mi="0" ci="11" mb="1" cb="1"/><line nr="174" mi="5" ci="2" mb="3" cb="1"/><line nr="175" mi="1" ci="0" mb="0" cb="0"/><line nr="176" mi="0" ci="6" mb="1" cb="1"/><line nr="177" mi="0" ci="5" mb="0" cb="0"/><line nr="178" mi="0" ci="3" mb="0" cb="0"/><line nr="179" mi="0" ci="4" mb="0" cb="0"/><line nr="180" mi="0" ci="2" mb="1" cb="1"/><line nr="181" mi="0" ci="6" mb="0" cb="0"/><line nr="182" mi="0" ci="1" mb="0" cb="0"/><line nr="187" mi="1" ci="0" mb="0" cb="0"/><line nr="188" mi="1" ci="0" mb="0" cb="0"/><line nr="189" mi="5" ci="0" mb="0" cb="0"/><line nr="191" mi="0" ci="3" mb="1" cb="1"/><line nr="192" mi="0" ci="3" mb="0" cb="0"/><line nr="193" mi="0" ci="7" mb="0" cb="0"/><line nr="194" mi="0" ci="2" mb="0" cb="0"/><line nr="195" mi="0" ci="1" mb="0" cb="0"/><line nr="197" mi="5" ci="0" mb="0" cb="0"/><line nr="202" mi="0" ci="4" mb="0" cb="0"/><line nr="203" mi="1" ci="0" mb="0" cb="0"/><line nr="204" mi="2" ci="0" mb="0" cb="0"/><line nr="205" mi="2" ci="0" mb="0" cb="0"/><line nr="216" mi="0" ci="4" mb="0" cb="0"/><line nr="236" mi="0" ci="3" mb="0" cb="0"/><line nr="237" mi="0" ci="6" mb="1" cb="6"/><line nr="240" mi="0" ci="4" mb="0" cb="0"/><line nr="241" mi="0" ci="6" mb="0" cb="0"/><line nr="243" mi="0" ci="4" mb="0" cb="0"/><line nr="244" mi="0" ci="4" mb="0" cb="0"/><line nr="245" mi="0" ci="4" mb="0" cb="0"/><line nr="246" mi="0" ci="4" mb="0" cb="0"/><line nr="247" mi="0" ci="3" mb="0" cb="0"/><line nr="250" mi="0" ci="4" mb="0" cb="0"/><line nr="251" mi="0" ci="6" mb="0" cb="0"/><line nr="253" mi="0" ci="4" mb="0" cb="0"/><line nr="254" mi="0" ci="4" mb="0" cb="0"/><line nr="255" mi="0" ci="4" mb="0" cb="0"/><line nr="256" mi="0" ci="11" mb="0" cb="2"/><line nr="257" mi="0" ci="3" mb="0" cb="0"/><line nr="258" mi="0" ci="1" mb="0" cb="0"/><line nr="260" mi="0" ci="2" mb="0" cb="0"/><line nr="261" mi="1" ci="0" mb="0" cb="0"/><line nr="264" mi="6" ci="0" mb="0" cb="0"/><line nr="265" mi="0" ci="1" mb="0" cb="0"/><line nr="266" mi="0" ci="3" mb="0" cb="0"/><line nr="269" mi="0" ci="4" mb="0" cb="0"/><line nr="270" mi="0" ci="6" mb="0" cb="0"/><line nr="272" mi="0" ci="4" mb="0" cb="0"/><line nr="273" mi="0" ci="4" mb="0" cb="0"/><line nr="274" mi="0" ci="4" mb="0" cb="0"/><line nr="275" mi="0" ci="4" mb="0" cb="0"/><line nr="276" mi="0" ci="3" mb="0" cb="0"/><line nr="279" mi="0" ci="4" mb="0" cb="0"/><line nr="280" mi="0" ci="6" mb="0" cb="0"/><line nr="282" mi="0" ci="4" mb="0" cb="0"/><line nr="283" mi="0" ci="4" mb="0" cb="0"/><line nr="284" mi="0" ci="4" mb="0" cb="0"/><line nr="285" mi="0" ci="11" mb="0" cb="2"/><line nr="286" mi="0" ci="3" mb="0" cb="0"/><line nr="287" mi="0" ci="1" mb="0" cb="0"/><line nr="288" mi="0" ci="2" mb="0" cb="0"/><line nr="289" mi="0" ci="3" mb="0" cb="0"/><line nr="292" mi="0" ci="4" mb="0" cb="0"/><line nr="293" mi="0" ci="6" mb="0" cb="0"/><line nr="295" mi="0" ci="4" mb="0" cb="0"/><line nr="296" mi="0" ci="4" mb="0" cb="0"/><line nr="297" mi="0" ci="4" mb="0" cb="0"/><line nr="298" mi="0" ci="11" mb="0" cb="2"/><line nr="299" mi="0" ci="3" mb="0" cb="0"/><line nr="300" mi="0" ci="1" mb="0" cb="0"/><line nr="302" mi="0" ci="2" mb="0" cb="0"/><line nr="303" mi="1" ci="0" mb="0" cb="0"/><line nr="306" mi="6" ci="0" mb="0" cb="0"/><line nr="307" mi="0" ci="1" mb="0" cb="0"/><line nr="308" mi="0" ci="3" mb="0" cb="0"/><line nr="311" mi="0" ci="4" mb="0" cb="0"/><line nr="312" mi="0" ci="6" mb="0" cb="0"/><line nr="314" mi="0" ci="4" mb="0" cb="0"/><line nr="315" mi="0" ci="4" mb="0" cb="0"/><line nr="316" mi="0" ci="4" mb="0" cb="0"/><line nr="317" mi="0" ci="4" mb="0" cb="0"/><line nr="318" mi="0" ci="3" mb="0" cb="0"/><line nr="321" mi="5" ci="0" mb="0" cb="0"/><line nr="338" mi="0" ci="2" mb="0" cb="2"/><line nr="339" mi="0" ci="1" mb="0" cb="0"/><line nr="341" mi="0" ci="11" mb="0" cb="2"/><line nr="342" mi="2" ci="12" mb="1" cb="1"/><line nr="344" mi="0" ci="1" mb="0" cb="0"/><line nr="345" mi="0" ci="1" mb="0" cb="0"/><line nr="360" mi="0" ci="6" mb="0" cb="0"/><line nr="372" mi="0" ci="6" mb="0" cb="0"/><line nr="379" mi="0" ci="4" mb="0" cb="0"/><line nr="386" mi="0" ci="6" mb="0" cb="0"/><line nr="399" mi="0" ci="7" mb="0" cb="0"/><line nr="400" mi="0" ci="8" mb="1" cb="3"/><line nr="401" mi="0" ci="2" mb="0" cb="0"/><line nr="403" mi="0" ci="7" mb="0" cb="0"/><line nr="404" mi="0" ci="8" mb="1" cb="3"/><line nr="406" mi="0" ci="2" mb="0" cb="0"/><line nr="408" mi="0" ci="2" mb="0" cb="0"/><line nr="420" mi="0" ci="7" mb="0" cb="0"/><line nr="421" mi="0" ci="8" mb="1" cb="3"/><line nr="423" mi="0" ci="2" mb="0" cb="0"/><line nr="425" mi="0" ci="2" mb="0" cb="0"/><line nr="430" mi="4" ci="0" mb="0" cb="0"/><line nr="435" mi="0" ci="7" mb="0" cb="0"/><line nr="436" mi="0" ci="2" mb="1" cb="1"/><line nr="437" mi="5" ci="0" mb="0" cb="0"/><line nr="439" mi="0" ci="5" mb="0" cb="0"/><counter type="INSTRUCTION" missed="81" covered="641"/><counter type="BRANCH" missed="29" covered="54"/><counter type="LINE" missed="22" covered="152"/><counter type="COMPLEXITY" missed="27" covered="32"/><counter type="METHOD" missed="1" covered="14"/><counter type="CLASS" missed="0" covered="1"/></sourcefile><sourcefile name="CwtCryptoCtx.java"><line nr="58" mi="0" ci="5" mb="0" cb="0"/><line nr="60" mi="0" ci="1" mb="0" cb="0"/><line nr="67" mi="0" ci="12" mb="0" cb="0"/><line nr="69" mi="0" ci="12" mb="0" cb="0"/><line nr="71" mi="0" ci="12" mb="0" cb="0"/><line nr="73" mi="0" ci="12" mb="0" cb="0"/><line nr="75" mi="0" ci="12" mb="0" cb="0"/><line nr="77" mi="0" ci="12" mb="0" cb="0"/><line nr="79" mi="0" ci="2" mb="0" cb="0"/><line nr="80" mi="0" ci="3" mb="0" cb="0"/><line nr="81" mi="0" ci="3" mb="0" cb="0"/><line nr="82" mi="0" ci="3" mb="0" cb="0"/><line nr="83" mi="0" ci="1" mb="0" cb="0"/><line nr="86" mi="0" ci="2" mb="0" cb="0"/><line nr="87" mi="0" ci="3" mb="0" cb="0"/><line nr="88" mi="0" ci="3" mb="0" cb="0"/><line nr="89" mi="0" ci="3" mb="0" cb="0"/><line nr="90" mi="0" ci="3" mb="0" cb="0"/><line nr="91" mi="0" ci="1" mb="0" cb="0"/><line nr="94" mi="0" ci="2" mb="0" cb="0"/><line nr="95" mi="0" ci="3" mb="0" cb="0"/><line nr="96" mi="0" ci="5" mb="0" cb="0"/><line nr="97" mi="0" ci="5" mb="0" cb="0"/><line nr="98" mi="0" ci="3" mb="0" cb="0"/><line nr="99" mi="0" ci="1" mb="0" cb="0"/><line nr="103" mi="0" ci="2" mb="0" cb="0"/><line nr="104" mi="0" ci="3" mb="0" cb="0"/><line nr="105" mi="0" ci="5" mb="0" cb="0"/><line nr="106" mi="0" ci="5" mb="0" cb="0"/><line nr="107" mi="0" ci="3" mb="0" cb="0"/><line nr="108" mi="0" ci="2" mb="1" cb="1"/><line nr="111" mi="0" ci="1" mb="0" cb="0"/><line nr="121" mi="0" ci="7" mb="0" cb="0"/><line nr="133" mi="0" ci="7" mb="0" cb="0"/><line nr="144" mi="0" ci="7" mb="0" cb="0"/><line nr="156" mi="0" ci="7" mb="0" cb="0"/><line nr="167" mi="0" ci="8" mb="0" cb="0"/><line nr="179" mi="0" ci="8" mb="0" cb="0"/><line nr="191" mi="0" ci="8" mb="0" cb="0"/><line nr="203" mi="0" ci="8" mb="0" cb="0"/><line nr="210" mi="0" ci="3" mb="0" cb="0"/><line nr="217" mi="0" ci="3" mb="0" cb="0"/><line nr="224" mi="0" ci="3" mb="0" cb="0"/><line nr="231" mi="0" ci="3" mb="0" cb="0"/><line nr="238" mi="0" ci="3" mb="0" cb="0"/><line nr="245" mi="0" ci="3" mb="0" cb="0"/><line nr="252" mi="0" ci="3" mb="0" cb="0"/><counter type="INSTRUCTION" missed="0" covered="226"/><counter type="BRANCH" missed="1" covered="1"/><counter type="LINE" missed="0" covered="47"/><counter type="COMPLEXITY" missed="1" covered="20"/><counter type="METHOD" missed="0" covered="20"/><counter type="CLASS" missed="0" covered="1"/></sourcefile><counter type="INSTRUCTION" missed="81" covered="867"/><counter type="BRANCH" missed="30" covered="55"/><counter type="LINE" missed="22" covered="199"/><counter type="COMPLEXITY" missed="28" covered="52"/><counter type="METHOD" missed="1" covered="34"/><counter type="CLASS" missed="0" covered="2"/></package><package name="se/sics/ace"><class name="se/sics/ace/GroupcommParameters" sourcefilename="GroupcommParameters.java"><method name="&lt;init&gt;" desc="()V" line="50"><counter type="INSTRUCTION" missed="3" covered="0"/><counter type="LINE" missed="1" covered="0"/><counter type="COMPLEXITY" missed="1" covered="0"/><counter type="METHOD" missed="1" covered="0"/></method><method name="getValidGroupOSCORERoleCombinations" desc="()Ljava/util/Set;" line="119"><counter type="INSTRUCTION" missed="0" covered="26"/><counter type="LINE" missed="0" covered="6"/><counter type="COMPLEXITY" missed="0" covered="1"/><counter type="METHOD" missed="0" covered="1"/></method><method name="isAdminRequestParameterMeaningful" desc="(Lcom/upokecenter/cbor/CBORObject;Lcom/upokecenter/cbor/CBORObject;)Z" line="306"><counter type="INSTRUCTION" missed="336" covered="89"/><counter type="BRANCH" missed="114" covered="20"/><counter type="LINE" missed="88" covered="24"/><counter type="COMPLEXITY" missed="65" covered="3"/><counter type="METHOD" missed="0" covered="1"/></method><method name="isAdminParameterValueMeaningful" desc="(Lcom/upokecenter/cbor/CBORObject;Lcom/upokecenter/cbor/CBORObject;)Z" line="483"><counter type="INSTRUCTION" missed="500" covered="46"/><counter type="BRANCH" missed="165" covered="11"/><counter type="LINE" missed="108" covered="12"/><counter type="COMPLEXITY" missed="88" covered="1"/><counter type="METHOD" missed="0" covered="1"/></method><method name="&lt;clinit&gt;" desc="()V" line="110"><counter type="INSTRUCTION" missed="0" covered="215"/><counter type="LINE" missed="0" covered="58"/><counter type="COMPLEXITY" missed="0" covered="1"/><counter type="METHOD" missed="0" covered="1"/></method><counter type="INSTRUCTION" missed="839" covered="376"/><counter type="BRANCH" missed="279" covered="31"/><counter type="LINE" missed="197" covered="100"/><counter type="COMPLEXITY" missed="154" covered="6"/><counter type="METHOD" missed="1" covered="4"/><counter type="CLASS" missed="0" covered="1"/></class><class name="se/sics/ace/AceException" sourcefilename="AceException.java"><method name="&lt;init&gt;" desc="(Ljava/lang/String;)V" line="53"><counter type="INSTRUCTION" missed="0" covered="4"/><counter type="LINE" missed="0" covered="2"/><counter type="COMPLEXITY" missed="0" covered="1"/><counter type="METHOD" missed="0" covered="1"/></method><counter type="INSTRUCTION" missed="0" covered="4"/><counter type="LINE" missed="0" covered="2"/><counter type="COMPLEXITY" missed="0" covered="1"/><counter type="METHOD" missed="0" covered="1"/><counter type="CLASS" missed="0" covered="1"/></class><class name="se/sics/ace/Endpoint" sourcefilename="Endpoint.java"/><class name="se/sics/ace/Util" sourcefilename="Util.java"><method name="&lt;init&gt;" desc="()V" line="31"><counter type="INSTRUCTION" missed="3" covered="0"/><counter type="LINE" missed="1" covered="0"/><counter type="COMPLEXITY" missed="1" covered="0"/><counter type="METHOD" missed="1" covered="0"/></method><method name="intToBytes" desc="(I)[B" line="40"><counter type="INSTRUCTION" missed="0" covered="4"/><counter type="LINE" missed="0" covered="1"/><counter type="COMPLEXITY" missed="0" covered="1"/><counter type="METHOD" missed="0" covered="1"/></method><method name="intToBytes" desc="(II)[B" line="53"><counter type="INSTRUCTION" missed="57" covered="85"/><counter type="BRANCH" missed="5" covered="13"/><counter type="LINE" missed="4" covered="15"/><counter type="COMPLEXITY" missed="4" covered="6"/><counter type="METHOD" missed="0" covered="1"/></method><method name="bytesToInt" desc="([B)I" line="119"><counter type="INSTRUCTION" missed="2" covered="35"/><counter type="BRANCH" missed="1" covered="3"/><counter type="LINE" missed="1" covered="5"/><counter type="COMPLEXITY" missed="1" covered="2"/><counter type="METHOD" missed="0" covered="1"/></method><method name="buildDtlsPskIdentity" desc="([B)[B" line="148"><counter type="INSTRUCTION" missed="0" covered="34"/><counter type="LINE" missed="0" covered="8"/><counter type="COMPLEXITY" missed="0" covered="1"/><counter type="METHOD" missed="0" covered="1"/></method><method name="computeSignature" desc="(ILjava/security/PrivateKey;[B)[B" line="173"><counter type="INSTRUCTION" missed="70" covered="36"/><counter type="BRANCH" missed="4" covered="4"/><counter type="LINE" missed="17" covered="14"/><counter type="COMPLEXITY" missed="4" covered="1"/><counter type="METHOD" missed="0" covered="1"/></method><method name="verifySignature" desc="(ILjava/security/PublicKey;[B[B)Z" line="235"><counter type="INSTRUCTION" missed="70" covered="35"/><counter type="BRANCH" missed="3" covered="3"/><counter type="LINE" missed="17" covered="13"/><counter type="COMPLEXITY" missed="3" covered="1"/><counter type="METHOD" missed="0" covered="1"/></method><method name="retrieveCurve" desc="(Lcom/upokecenter/cbor/CBORObject;)Lcom/upokecenter/cbor/CBORObject;" line="294"><counter type="INSTRUCTION" missed="6" covered="22"/><counter type="BRANCH" missed="4" covered="2"/><counter type="LINE" missed="2" covered="6"/><counter type="COMPLEXITY" missed="3" covered="1"/><counter type="METHOD" missed="0" covered="1"/></method><method name="retrieveGmKeyPair" desc="(Ljava/util/Map;Ljava/util/Map;ZLcom/upokecenter/cbor/CBORObject;)Lorg/eclipse/californium/cose/OneKey;" line="329"><counter type="INSTRUCTION" missed="35" covered="37"/><counter type="BRANCH" missed="8" covered="4"/><counter type="LINE" missed="11" covered="12"/><counter type="COMPLEXITY" missed="6" covered="1"/><counter type="METHOD" missed="0" covered="1"/></method><method name="retrieveGmAuthCred" desc="(ILjava/util/Map;Ljava/util/Map;ZLcom/upokecenter/cbor/CBORObject;)[B" line="403"><counter type="INSTRUCTION" missed="41" covered="36"/><counter type="BRANCH" missed="9" covered="5"/><counter type="LINE" missed="11" covered="10"/><counter type="COMPLEXITY" missed="8" covered="1"/><counter type="METHOD" missed="0" covered="1"/></method><method name="addGroupOSCORERole" desc="(IS)I" line="464"><counter type="INSTRUCTION" missed="5" covered="13"/><counter type="BRANCH" missed="1" covered="1"/><counter type="LINE" missed="0" covered="4"/><counter type="COMPLEXITY" missed="1" covered="1"/><counter type="METHOD" missed="0" covered="1"/></method><method name="removeGroupOSCORERole" desc="(IS)I" line="484"><counter type="INSTRUCTION" missed="20" covered="0"/><counter type="BRANCH" missed="2" covered="0"/><counter type="LINE" missed="4" covered="0"/><counter type="COMPLEXITY" missed="2" covered="0"/><counter type="METHOD" missed="1" covered="0"/></method><method name="checkGroupOSCORERole" desc="(IS)Z" line="505"><counter type="INSTRUCTION" missed="31" covered="0"/><counter type="BRANCH" missed="8" covered="0"/><counter type="LINE" missed="5" covered="0"/><counter type="COMPLEXITY" missed="5" covered="0"/><counter type="METHOD" missed="1" covered="0"/></method><method name="getGroupOSCORERoles" desc="(I)Ljava/util/Set;" line="527"><counter type="INSTRUCTION" missed="5" covered="33"/><counter type="BRANCH" missed="2" covered="6"/><counter type="LINE" missed="1" covered="9"/><counter type="COMPLEXITY" missed="2" covered="3"/><counter type="METHOD" missed="0" covered="1"/></method><method name="getGroupOSCORERolesFromToken" desc="(Ljava/lang/String;Ljava/lang/String;)[I" line="556"><counter type="INSTRUCTION" missed="10" covered="149"/><counter type="BRANCH" missed="12" covered="22"/><counter type="LINE" missed="8" covered="36"/><counter type="COMPLEXITY" missed="12" covered="6"/><counter type="METHOD" missed="0" covered="1"/></method><method name="addGroupOSCOREAdminPermission" desc="(IS)I" line="678"><counter type="INSTRUCTION" missed="5" covered="12"/><counter type="BRANCH" missed="1" covered="1"/><counter type="LINE" missed="0" covered="4"/><counter type="COMPLEXITY" missed="1" covered="1"/><counter type="METHOD" missed="0" covered="1"/></method><method name="removeGroupOSCOREAdminPermission" desc="(IS)I" line="698"><counter type="INSTRUCTION" missed="19" covered="0"/><counter type="BRANCH" missed="2" covered="0"/><counter type="LINE" missed="4" covered="0"/><counter type="COMPLEXITY" missed="2" covered="0"/><counter type="METHOD" missed="1" covered="0"/></method><method name="checkGroupOSCOREAdminPermission" desc="(IS)Z" line="719"><counter type="INSTRUCTION" missed="11" covered="18"/><counter type="BRANCH" missed="4" covered="4"/><counter type="LINE" missed="2" covered="3"/><counter type="COMPLEXITY" missed="4" covered="1"/><counter type="METHOD" missed="0" covered="1"/></method><method name="getGroupOSCOREAdminPermissions" desc="(I)Ljava/util/Set;" line="742"><counter type="INSTRUCTION" missed="5" covered="38"/><counter type="BRANCH" missed="2" covered="6"/><counter type="LINE" missed="1" covered="11"/><counter type="COMPLEXITY" missed="2" covered="3"/><counter type="METHOD" missed="0" covered="1"/></method><method name="getGroupOSCOREAdminPermissionsFromToken" desc="(Ljava/lang/String;Ljava/lang/String;)[Lcom/upokecenter/cbor/CBORObject;" line="775"><counter type="INSTRUCTION" missed="10" covered="149"/><counter type="BRANCH" missed="11" covered="23"/><counter type="LINE" missed="8" covered="38"/><counter type="COMPLEXITY" missed="11" covered="7"/><counter type="METHOD" missed="0" covered="1"/></method><method name="matchingGroupOscoreName" desc="(Ljava/lang/String;Lcom/upokecenter/cbor/CBORObject;)Z" line="900"><counter type="INSTRUCTION" missed="17" covered="24"/><counter type="BRANCH" missed="5" covered="5"/><counter type="LINE" missed="7" covered="7"/><counter type="COMPLEXITY" missed="4" covered="2"/><counter type="METHOD" missed="0" covered="1"/></method><method name="oneKeyToCCS" desc="(Lorg/eclipse/californium/cose/OneKey;Ljava/lang/String;)[B" line="941"><counter type="INSTRUCTION" missed="171" covered="0"/><counter type="BRANCH" missed="22" covered="0"/><counter type="LINE" missed="33" covered="0"/><counter type="COMPLEXITY" missed="12" covered="0"/><counter type="METHOD" missed="1" covered="0"/></method><method name="ccsToOneKey" desc="(Lcom/upokecenter/cbor/CBORObject;)Lorg/eclipse/californium/cose/OneKey;" line="998"><counter type="INSTRUCTION" missed="20" covered="34"/><counter type="BRANCH" missed="4" covered="4"/><counter type="LINE" missed="6" covered="8"/><counter type="COMPLEXITY" missed="4" covered="1"/><counter type="METHOD" missed="0" covered="1"/></method><method name="byteArrayToHexString" desc="([B)Ljava/lang/String;" line="1029"><counter type="INSTRUCTION" missed="47" covered="0"/><counter type="BRANCH" missed="4" covered="0"/><counter type="LINE" missed="6" covered="0"/><counter type="COMPLEXITY" missed="3" covered="0"/><counter type="METHOD" missed="1" covered="0"/></method><method name="hexString2byteArray" desc="(Ljava/lang/String;)[B" line="1049"><counter type="INSTRUCTION" missed="0" covered="38"/><counter type="BRANCH" missed="0" covered="2"/><counter type="LINE" missed="0" covered="6"/><counter type="COMPLEXITY" missed="0" covered="2"/><counter type="METHOD" missed="0" covered="1"/></method><method name="buildRpkData" desc="(ILjava/lang/String;Ljava/lang/String;Ljava/lang/String;)Lcom/upokecenter/cbor/CBORObject;" line="1069"><counter type="INSTRUCTION" missed="41" covered="63"/><counter type="BRANCH" missed="5" covered="3"/><counter type="LINE" missed="8" covered="14"/><counter type="COMPLEXITY" missed="4" covered="1"/><counter type="METHOD" missed="0" covered="1"/></method><method name="getJavaVersion" desc="()I" line="1105"><counter type="INSTRUCTION" missed="28" covered="0"/><counter type="BRANCH" missed="4" covered="0"/><counter type="LINE" missed="7" covered="0"/><counter type="COMPLEXITY" missed="3" covered="0"/><counter type="METHOD" missed="1" covered="0"/></method><method name="prettyPrintCborMap" desc="(Lcom/upokecenter/cbor/CBORObject;)V" line="1121"><counter type="INSTRUCTION" missed="4" covered="53"/><counter type="BRANCH" missed="1" covered="5"/><counter type="LINE" missed="2" covered="12"/><counter type="COMPLEXITY" missed="1" covered="3"/><counter type="METHOD" missed="0" covered="1"/></method><method name="printResponsePayloadCBOR" desc="(Lorg/eclipse/californium/core/coap/Response;)V" line="1143"><counter type="INSTRUCTION" missed="67" covered="0"/><counter type="BRANCH" missed="10" covered="0"/><counter type="LINE" missed="14" covered="0"/><counter type="COMPLEXITY" missed="6" covered="0"/><counter type="METHOD" missed="1" covered="0"/></method><method name="getSizeOfAlgNonce" desc="(Lorg/eclipse/californium/cose/AlgorithmID;)I" line="1174"><counter type="INSTRUCTION" missed="6" covered="7"/><counter type="BRANCH" missed="3" covered="1"/><counter type="LINE" missed="3" covered="2"/><counter type="COMPLEXITY" missed="3" covered="1"/><counter type="METHOD" missed="0" covered="1"/></method><counter type="INSTRUCTION" missed="806" covered="955"/><counter type="BRANCH" missed="137" covered="117"/><counter type="LINE" missed="183" covered="238"/><counter type="COMPLEXITY" missed="112" covered="47"/><counter type="METHOD" missed="8" covered="22"/><counter type="CLASS" missed="0" covered="1"/></class><class name="se/sics/ace/GroupcommErrors" sourcefilename="GroupcommErrors.java"><method name="&lt;init&gt;" desc="()V" line="43"><counter type="INSTRUCTION" missed="3" covered="0"/><counter type="LINE" missed="1" covered="0"/><counter type="COMPLEXITY" missed="1" covered="0"/><counter type="METHOD" missed="1" covered="0"/></method><method name="&lt;clinit&gt;" desc="()V" line="94"><counter type="INSTRUCTION" missed="0" covered="56"/><counter type="LINE" missed="0" covered="1"/><counter type="COMPLEXITY" missed="0" covered="1"/><counter type="METHOD" missed="0" covered="1"/></method><counter type="INSTRUCTION" missed="3" covered="56"/><counter type="LINE" missed="1" covered="1"/><counter type="COMPLEXITY" missed="1" covered="1"/><counter type="METHOD" missed="1" covered="1"/><counter type="CLASS" missed="0" covered="1"/></class><class name="se/sics/ace/COSEparams" sourcefilename="COSEparams.java"><method name="&lt;init&gt;" desc="(Lorg/eclipse/californium/cose/MessageTag;Lorg/eclipse/californium/cose/AlgorithmID;Lorg/eclipse/californium/cose/AlgorithmID;)V" line="72"><counter type="INSTRUCTION" missed="0" covered="12"/><counter type="LINE" missed="0" covered="5"/><counter type="COMPLEXITY" missed="0" covered="1"/><counter type="METHOD" missed="0" covered="1"/></method><method name="getTag" desc="()Lorg/eclipse/californium/cose/MessageTag;" line="82"><counter type="INSTRUCTION" missed="0" covered="3"/><counter type="LINE" missed="0" covered="1"/><counter type="COMPLEXITY" missed="0" covered="1"/><counter type="METHOD" missed="0" covered="1"/></method><method name="getAlg" desc="()Lorg/eclipse/californium/cose/AlgorithmID;" line="89"><counter type="INSTRUCTION" missed="0" covered="3"/><counter type="LINE" missed="0" covered="1"/><counter type="COMPLEXITY" missed="0" covered="1"/><counter type="METHOD" missed="0" covered="1"/></method><method name="getKeyWrap" desc="()Lorg/eclipse/californium/cose/AlgorithmID;" line="97"><counter type="INSTRUCTION" missed="3" covered="0"/><counter type="LINE" missed="1" covered="0"/><counter type="COMPLEXITY" missed="1" covered="0"/><counter type="METHOD" missed="1" covered="0"/></method><method name="toString" desc="()Ljava/lang/String;" line="102"><counter type="INSTRUCTION" missed="0" covered="27"/><counter type="LINE" missed="0" covered="2"/><counter type="COMPLEXITY" missed="0" covered="1"/><counter type="METHOD" missed="0" covered="1"/></method><method name="parse" desc="(Ljava/lang/String;)Lse/sics/ace/COSEparams;" line="116"><counter type="INSTRUCTION" missed="5" covered="30"/><counter type="BRANCH" missed="1" covered="1"/><counter type="LINE" missed="1" covered="8"/><counter type="COMPLEXITY" missed="1" covered="1"/><counter type="METHOD" missed="0" covered="1"/></method><method name="equals" desc="(Ljava/lang/Object;)Z" line="132"><counter type="INSTRUCTION" missed="35" covered="0"/><counter type="BRANCH" missed="8" covered="0"/><counter type="LINE" missed="10" covered="0"/><counter type="COMPLEXITY" missed="5" covered="0"/><counter type="METHOD" missed="1" covered="0"/></method><method name="hashCode" desc="()I" line="150"><counter type="INSTRUCTION" missed="0" covered="18"/><counter type="LINE" missed="0" covered="2"/><counter type="COMPLEXITY" missed="0" covered="1"/><counter type="METHOD" missed="0" covered="1"/></method><counter type="INSTRUCTION" missed="43" covered="93"/><counter type="BRANCH" missed="9" covered="1"/><counter type="LINE" missed="12" covered="19"/><counter type="COMPLEXITY" missed="7" covered="6"/><counter type="METHOD" missed="2" covered="6"/><counter type="CLASS" missed="0" covered="1"/></class><class name="se/sics/ace/AccessToken" sourcefilename="AccessToken.java"/><class name="se/sics/ace/ReferenceToken" sourcefilename="ReferenceToken.java"><method name="&lt;init&gt;" desc="(I)V" line="72"><counter type="INSTRUCTION" missed="0" covered="19"/><counter type="LINE" missed="0" covered="5"/><counter type="COMPLEXITY" missed="0" covered="1"/><counter type="METHOD" missed="0" covered="1"/></method><method name="&lt;init&gt;" desc="()V" line="82"><counter type="INSTRUCTION" missed="19" covered="0"/><counter type="LINE" missed="5" covered="0"/><counter type="COMPLEXITY" missed="1" covered="0"/><counter type="METHOD" missed="1" covered="0"/></method><method name="&lt;init&gt;" desc="([B)V" line="93"><counter type="INSTRUCTION" missed="0" covered="12"/><counter type="LINE" missed="0" covered="4"/><counter type="COMPLEXITY" missed="0" covered="1"/><counter type="METHOD" missed="0" covered="1"/></method><method name="addIntrospectionHandler" desc="(Lse/sics/ace/rs/IntrospectionHandler;)V" line="106"><counter type="INSTRUCTION" missed="4" covered="0"/><counter type="LINE" missed="2" covered="0"/><counter type="COMPLEXITY" missed="1" covered="0"/><counter type="METHOD" missed="1" covered="0"/></method><method name="expired" desc="(J)Z" line="111"><counter type="INSTRUCTION" missed="64" covered="0"/><counter type="BRANCH" missed="8" covered="0"/><counter type="LINE" missed="14" covered="0"/><counter type="COMPLEXITY" missed="5" covered="0"/><counter type="METHOD" missed="1" covered="0"/></method><method name="isValid" desc="(J)Z" line="134"><counter type="INSTRUCTION" missed="80" covered="0"/><counter type="BRANCH" missed="12" covered="0"/><counter type="LINE" missed="17" covered="0"/><counter type="COMPLEXITY" missed="7" covered="0"/><counter type="METHOD" missed="1" covered="0"/></method><method name="encode" desc="()Lcom/upokecenter/cbor/CBORObject;" line="162"><counter type="INSTRUCTION" missed="0" covered="4"/><counter type="LINE" missed="0" covered="1"/><counter type="COMPLEXITY" missed="0" covered="1"/><counter type="METHOD" missed="0" covered="1"/></method><method name="parse" desc="(Lcom/upokecenter/cbor/CBORObject;)Lse/sics/ace/ReferenceToken;" line="172"><counter type="INSTRUCTION" missed="2" covered="11"/><counter type="BRANCH" missed="1" covered="1"/><counter type="LINE" missed="1" covered="2"/><counter type="COMPLEXITY" missed="1" covered="1"/><counter type="METHOD" missed="0" covered="1"/></method><method name="getCti" desc="()Ljava/lang/String;" line="180"><counter type="INSTRUCTION" missed="0" covered="3"/><counter type="LINE" missed="0" covered="1"/><counter type="COMPLEXITY" missed="0" covered="1"/><counter type="METHOD" missed="0" covered="1"/></method><counter type="INSTRUCTION" missed="169" covered="49"/><counter type="BRANCH" missed="21" covered="1"/><counter type="LINE" missed="39" covered="13"/><counter type="COMPLEXITY" missed="15" covered="5"/><counter type="METHOD" missed="4" covered="5"/><counter type="CLASS" missed="0" covered="1"/></class><class name="se/sics/ace/TimeProvider" sourcefilename="TimeProvider.java"/><class name="se/sics/ace/Message" sourcefilename="Message.java"><method name="&lt;clinit&gt;" desc="()V" line="55"><counter type="INSTRUCTION" missed="0" covered="31"/><counter type="LINE" missed="0" covered="10"/><counter type="COMPLEXITY" missed="0" covered="1"/><counter type="METHOD" missed="0" covered="1"/></method><counter type="INSTRUCTION" missed="0" covered="31"/><counter type="LINE" missed="0" covered="10"/><counter type="COMPLEXITY" missed="0" covered="1"/><counter type="METHOD" missed="0" covered="1"/><counter type="CLASS" missed="0" covered="1"/></class><class name="se/sics/ace/Constants" sourcefilename="Constants.java"><method name="&lt;init&gt;" desc="()V" line="49"><counter type="INSTRUCTION" missed="3" covered="0"/><counter type="LINE" missed="1" covered="0"/><counter type="COMPLEXITY" missed="1" covered="0"/><counter type="METHOD" missed="1" covered="0"/></method><method name="getIdx" desc="([Ljava/lang/String;Ljava/lang/String;)S" line="668"><counter type="INSTRUCTION" missed="28" covered="0"/><counter type="BRANCH" missed="8" covered="0"/><counter type="LINE" missed="6" covered="0"/><counter type="COMPLEXITY" missed="5" covered="0"/><counter type="METHOD" missed="1" covered="0"/></method><method name="getParams" desc="(Lcom/upokecenter/cbor/CBORObject;)Ljava/util/Map;" line="689"><counter type="INSTRUCTION" missed="18" covered="38"/><counter type="BRANCH" missed="2" covered="4"/><counter type="LINE" missed="3" covered="7"/><counter type="COMPLEXITY" missed="2" covered="2"/><counter type="METHOD" missed="0" covered="1"/></method><method name="getCBOR" desc="(Ljava/util/Map;)Lcom/upokecenter/cbor/CBORObject;" line="710"><counter type="INSTRUCTION" missed="0" covered="23"/><counter type="BRANCH" missed="0" covered="2"/><counter type="LINE" missed="0" covered="5"/><counter type="COMPLEXITY" missed="0" covered="2"/><counter type="METHOD" missed="0" covered="1"/></method><method name="getProfileAbbrev" desc="(Ljava/lang/String;)S" line="782"><counter type="INSTRUCTION" missed="2" covered="12"/><counter type="BRANCH" missed="1" covered="3"/><counter type="LINE" missed="1" covered="4"/><counter type="COMPLEXITY" missed="1" covered="2"/><counter type="METHOD" missed="0" covered="1"/></method><method name="unabbreviate" desc="(Lcom/upokecenter/cbor/CBORObject;S)Ljava/util/Map;" line="914"><counter type="INSTRUCTION" missed="127" covered="0"/><counter type="BRANCH" missed="26" covered="0"/><counter type="LINE" missed="31" covered="0"/><counter type="COMPLEXITY" missed="15" covered="0"/><counter type="METHOD" missed="1" covered="0"/></method><method name="&lt;clinit&gt;" desc="()V" line="54"><counter type="INSTRUCTION" missed="0" covered="420"/><counter type="LINE" missed="0" covered="112"/><counter type="COMPLEXITY" missed="0" covered="1"/><counter type="METHOD" missed="0" covered="1"/></method><counter type="INSTRUCTION" missed="178" covered="493"/><counter type="BRANCH" missed="37" covered="9"/><counter type="LINE" missed="42" covered="128"/><counter type="COMPLEXITY" missed="24" covered="7"/><counter type="METHOD" missed="3" covered="4"/><counter type="CLASS" missed="0" covered="1"/></class><class name="se/sics/ace/GroupcommPolicies" sourcefilename="GroupcommPolicies.java"><method name="&lt;init&gt;" desc="()V" line="43"><counter type="INSTRUCTION" missed="3" covered="0"/><counter type="LINE" missed="1" covered="0"/><counter type="COMPLEXITY" missed="1" covered="0"/><counter type="METHOD" missed="1" covered="0"/></method><method name="&lt;clinit&gt;" desc="()V" line="50"><counter type="INSTRUCTION" missed="0" covered="10"/><counter type="LINE" missed="0" covered="3"/><counter type="COMPLEXITY" missed="0" covered="1"/><counter type="METHOD" missed="0" covered="1"/></method><counter type="INSTRUCTION" missed="3" covered="10"/><counter type="LINE" missed="1" covered="3"/><counter type="COMPLEXITY" missed="1" covered="1"/><counter type="METHOD" missed="1" covered="1"/><counter type="CLASS" missed="0" covered="1"/></class><class name="se/sics/ace/Hkdf" sourcefilename="Hkdf.java"><method name="&lt;init&gt;" desc="()V" line="12"><counter type="INSTRUCTION" missed="3" covered="0"/><counter type="LINE" missed="1" covered="0"/><counter type="COMPLEXITY" missed="1" covered="0"/><counter type="METHOD" missed="1" covered="0"/></method><method name="extractExpand" desc="([B[B[BI)[B" line="32"><counter type="INSTRUCTION" missed="1" covered="93"/><counter type="BRANCH" missed="1" covered="3"/><counter type="LINE" missed="0" covered="21"/><counter type="COMPLEXITY" missed="1" covered="2"/><counter type="METHOD" missed="0" covered="1"/></method><method name="getHashLen" desc="()I" line="66"><counter type="INSTRUCTION" missed="0" covered="2"/><counter type="LINE" missed="0" covered="1"/><counter type="COMPLEXITY" missed="0" covered="1"/><counter type="METHOD" missed="0" covered="1"/></method><method name="main" desc="([Ljava/lang/String;)V" line="72"><counter type="INSTRUCTION" missed="385" covered="0"/><counter type="LINE" missed="9" covered="0"/><counter type="COMPLEXITY" missed="1" covered="0"/><counter type="METHOD" missed="1" covered="0"/></method><counter type="INSTRUCTION" missed="389" covered="95"/><counter type="BRANCH" missed="1" covered="3"/><counter type="LINE" missed="10" covered="22"/><counter type="COMPLEXITY" missed="3" covered="3"/><counter type="METHOD" missed="2" covered="2"/><counter type="CLASS" missed="0" covered="1"/></class><sourcefile name="Constants.java"><line nr="49" mi="3" ci="0" mb="0" cb="0"/><line nr="54" mi="0" ci="3" mb="0" cb="0"/><line nr="134" mi="0" ci="39" mb="0" cb="0"/><line nr="444" mi="0" ci="1" mb="0" cb="0"/><line nr="445" mi="0" ci="2" mb="0" cb="0"/><line nr="450" mi="0" ci="3" mb="0" cb="0"/><line nr="455" mi="0" ci="3" mb="0" cb="0"/><line nr="460" mi="0" ci="3" mb="0" cb="0"/><line nr="465" mi="0" ci="3" mb="0" cb="0"/><line nr="470" mi="0" ci="3" mb="0" cb="0"/><line nr="475" mi="0" ci="3" mb="0" cb="0"/><line nr="480" mi="0" ci="3" mb="0" cb="0"/><line nr="485" mi="0" ci="3" mb="0" cb="0"/><line nr="490" mi="0" ci="3" mb="0" cb="0"/><line nr="496" mi="0" ci="1" mb="0" cb="0"/><line nr="497" mi="0" ci="4" mb="0" cb="0"/><line nr="503" mi="0" ci="1" mb="0" cb="0"/><line nr="504" mi="0" ci="4" mb="0" cb="0"/><line nr="509" mi="0" ci="19" mb="0" cb="0"/><line nr="525" mi="0" ci="1" mb="0" cb="0"/><line nr="526" mi="0" ci="2" mb="0" cb="0"/><line nr="536" mi="0" ci="1" mb="0" cb="0"/><line nr="537" mi="0" ci="2" mb="0" cb="0"/><line nr="547" mi="0" ci="1" mb="0" cb="0"/><line nr="548" mi="0" ci="2" mb="0" cb="0"/><line nr="558" mi="0" ci="1" mb="0" cb="0"/><line nr="559" mi="0" ci="2" mb="0" cb="0"/><line nr="569" mi="0" ci="1" mb="0" cb="0"/><line nr="570" mi="0" ci="2" mb="0" cb="0"/><line nr="580" mi="0" ci="1" mb="0" cb="0"/><line nr="581" mi="0" ci="2" mb="0" cb="0"/><line nr="591" mi="0" ci="1" mb="0" cb="0"/><line nr="592" mi="0" ci="2" mb="0" cb="0"/><line nr="602" mi="0" ci="1" mb="0" cb="0"/><line nr="603" mi="0" ci="2" mb="0" cb="0"/><line nr="613" mi="0" ci="1" mb="0" cb="0"/><line nr="614" mi="0" ci="2" mb="0" cb="0"/><line nr="624" mi="0" ci="1" mb="0" cb="0"/><line nr="625" mi="0" ci="2" mb="0" cb="0"/><line nr="635" mi="0" ci="1" mb="0" cb="0"/><line nr="636" mi="0" ci="2" mb="0" cb="0"/><line nr="646" mi="0" ci="1" mb="0" cb="0"/><line nr="647" mi="0" ci="2" mb="0" cb="0"/><line nr="657" mi="0" ci="1" mb="0" cb="0"/><line nr="658" mi="0" ci="2" mb="0" cb="0"/><line nr="668" mi="4" ci="0" mb="4" cb="0"/><line nr="669" mi="2" ci="0" mb="0" cb="0"/><line nr="671" mi="12" ci="0" mb="2" cb="0"/><line nr="672" mi="6" ci="0" mb="2" cb="0"/><line nr="673" mi="2" ci="0" mb="0" cb="0"/><line nr="676" mi="2" ci="0" mb="0" cb="0"/><line nr="689" mi="0" ci="5" mb="1" cb="1"/><line nr="690" mi="5" ci="0" mb="0" cb="0"/><line nr="692" mi="0" ci="4" mb="0" cb="0"/><line nr="693" mi="0" ci="11" mb="0" cb="2"/><line nr="694" mi="0" ci="5" mb="1" cb="1"/><line nr="695" mi="8" ci="0" mb="0" cb="0"/><line nr="696" mi="5" ci="0" mb="0" cb="0"/><line nr="698" mi="0" ci="10" mb="0" cb="0"/><line nr="699" mi="0" ci="1" mb="0" cb="0"/><line nr="700" mi="0" ci="2" mb="0" cb="0"/><line nr="710" mi="0" ci="2" mb="0" cb="0"/><line nr="711" mi="0" ci="11" mb="0" cb="2"/><line nr="712" mi="0" ci="7" mb="0" cb="0"/><line nr="713" mi="0" ci="1" mb="0" cb="0"/><line nr="714" mi="0" ci="2" mb="0" cb="0"/><line nr="720" mi="0" ci="19" mb="0" cb="0"/><line nr="782" mi="0" ci="4" mb="0" cb="2"/><line nr="783" mi="0" ci="2" mb="0" cb="0"/><line nr="784" mi="0" ci="4" mb="1" cb="1"/><line nr="785" mi="0" ci="2" mb="0" cb="0"/><line nr="787" mi="2" ci="0" mb="0" cb="0"/><line nr="795" mi="0" ci="3" mb="0" cb="0"/><line nr="797" mi="0" ci="4" mb="0" cb="0"/><line nr="798" mi="0" ci="4" mb="0" cb="0"/><line nr="799" mi="0" ci="4" mb="0" cb="0"/><line nr="800" mi="0" ci="4" mb="0" cb="0"/><line nr="801" mi="0" ci="4" mb="0" cb="0"/><line nr="807" mi="0" ci="3" mb="0" cb="0"/><line nr="809" mi="0" ci="4" mb="0" cb="0"/><line nr="810" mi="0" ci="4" mb="0" cb="0"/><line nr="811" mi="0" ci="4" mb="0" cb="0"/><line nr="8
[...]
="0" ci="6" mb="0" cb="0"/><line nr="1358" mi="0" ci="7" mb="0" cb="0"/><line nr="1360" mi="0" ci="1" mb="0" cb="0"/><line nr="1371" mi="2" ci="0" mb="0" cb="0"/><line nr="1374" mi="6" ci="0" mb="0" cb="0"/><line nr="1376" mi="2" ci="0" mb="2" cb="0"/><line nr="1377" mi="3" ci="0" mb="0" cb="0"/><line nr="1379" mi="2" ci="0" mb="0" cb="0"/><line nr="1391" mi="5" ci="0" mb="0" cb="0"/><line nr="1393" mi="1" ci="0" mb="0" cb="0"/><line nr="1407" mi="0" ci="4" mb="0" cb="0"/><line nr="1408" mi="0" ci="9" mb="1" cb="1"/><line nr="1409" mi="0" ci="5" mb="1" cb="1"/><line nr="1411" mi="2" ci="0" mb="0" cb="0"/><line nr="1416" mi="0" ci="10" mb="0" cb="0"/><line nr="1418" mi="0" ci="4" mb="0" cb="0"/><line nr="1431" mi="0" ci="15" mb="0" cb="0"/><line nr="1433" mi="0" ci="1" mb="0" cb="0"/><line nr="1444" mi="0" ci="15" mb="0" cb="0"/><line nr="1463" mi="0" ci="5" mb="1" cb="1"/><line nr="1464" mi="2" ci="0" mb="0" cb="0"/><line nr="1466" mi="0" ci="7" mb="1" cb="1"/><line nr="1468" mi="0" ci="5" mb="0" cb="0"/><line nr="1470" mi="0" ci="13" mb="1" cb="1"/><line nr="1471" mi="2" ci="0" mb="0" cb="0"/><line nr="1473" mi="0" ci="13" mb="0" cb="0"/><line nr="1475" mi="0" ci="4" mb="0" cb="0"/><line nr="1477" mi="0" ci="4" mb="0" cb="0"/><line nr="1481" mi="0" ci="4" mb="0" cb="0"/><line nr="1482" mi="0" ci="5" mb="0" cb="0"/><line nr="1484" mi="0" ci="5" mb="0" cb="0"/><line nr="1485" mi="0" ci="5" mb="0" cb="0"/><line nr="1487" mi="0" ci="2" mb="0" cb="0"/><line nr="1500" mi="0" ci="4" mb="0" cb="0"/><line nr="1503" mi="0" ci="9" mb="0" cb="2"/><line nr="1506" mi="0" ci="15" mb="0" cb="2"/><line nr="1507" mi="0" ci="7" mb="0" cb="0"/><line nr="1508" mi="0" ci="1" mb="0" cb="0"/><line nr="1512" mi="0" ci="2" mb="0" cb="0"/><line nr="1525" mi="0" ci="8" mb="2" cb="2"/><line nr="1526" mi="2" ci="0" mb="0" cb="0"/><line nr="1528" mi="0" ci="13" mb="0" cb="0"/><line nr="1541" mi="0" ci="8" mb="2" cb="2"/><line nr="1542" mi="2" ci="0" mb="0" cb="0"/><line nr="1544" mi="0" ci="4" mb="1" cb="1"/><line nr="1545" mi="2" ci="0" mb="0" cb="0"/><line nr="1547" mi="0" ci="13" mb="0" cb="0"/><line nr="1549" mi="0" ci="2" mb="0" cb="0"/><line nr="1562" mi="0" ci="8" mb="2" cb="2"/><line nr="1563" mi="2" ci="0" mb="0" cb="0"/><line nr="1565" mi="0" ci="12" mb="1" cb="1"/><line nr="1566" mi="2" ci="0" mb="0" cb="0"/><line nr="1568" mi="0" ci="12" mb="0" cb="0"/><line nr="1570" mi="0" ci="2" mb="0" cb="0"/><line nr="1581" mi="0" ci="3" mb="0" cb="0"/><line nr="1592" mi="3" ci="0" mb="0" cb="0"/><line nr="1594" mi="1" ci="0" mb="0" cb="0"/><line nr="1604" mi="0" ci="3" mb="0" cb="0"/><line nr="1614" mi="6" ci="0" mb="0" cb="0"/><line nr="1616" mi="1" ci="0" mb="0" cb="0"/><line nr="1625" mi="0" ci="3" mb="0" cb="0"/><line nr="1636" mi="3" ci="0" mb="0" cb="0"/><line nr="1638" mi="1" ci="0" mb="0" cb="0"/><line nr="1647" mi="0" ci="3" mb="0" cb="0"/><line nr="1659" mi="3" ci="5" mb="4" cb="2"/><line nr="1662" mi="4" ci="0" mb="0" cb="0"/><line nr="1664" mi="0" ci="3" mb="0" cb="0"/><line nr="1666" mi="0" ci="1" mb="0" cb="0"/><line nr="1675" mi="3" ci="0" mb="0" cb="0"/><line nr="1686" mi="3" ci="0" mb="0" cb="0"/><line nr="1697" mi="0" ci="3" mb="0" cb="0"/><line nr="1708" mi="4" ci="0" mb="0" cb="0"/><line nr="1721" mi="6" ci="0" mb="4" cb="0"/><line nr="1722" mi="2" ci="0" mb="0" cb="0"/><line nr="1724" mi="4" ci="0" mb="0" cb="0"/><line nr="1726" mi="12" ci="0" mb="2" cb="0"/><line nr="1728" mi="4" ci="0" mb="2" cb="0"/><line nr="1730" mi="1" ci="0" mb="0" cb="0"/><line nr="1733" mi="14" ci="0" mb="2" cb="0"/><line nr="1734" mi="4" ci="0" mb="0" cb="0"/><line nr="1735" mi="1" ci="0" mb="0" cb="0"/><line nr="1736" mi="1" ci="0" mb="0" cb="0"/><line nr="1738" mi="2" ci="0" mb="0" cb="0"/><line nr="1751" mi="0" ci="2" mb="1" cb="1"/><line nr="1752" mi="2" ci="0" mb="0" cb="0"/><line nr="1755" mi="0" ci="7" mb="1" cb="1"/><line nr="1757" mi="2" ci="0" mb="0" cb="0"/><line nr="1760" mi="0" ci="11" mb="0" cb="0"/><line nr="1761" mi="0" ci="2" mb="0" cb="0"/><line nr="1772" mi="6" ci="0" mb="2" cb="0"/><line nr="1775" mi="2" ci="0" mb="0" cb="0"/><line nr="1778" mi="10" ci="0" mb="2" cb="0"/><line nr="1779" mi="2" ci="0" mb="0" cb="0"/><line nr="1781" mi="2" ci="0" mb="0" cb="0"/><line nr="1792" mi="6" ci="0" mb="2" cb="0"/><line nr="1795" mi="2" ci="0" mb="0" cb="0"/><line nr="1798" mi="8" ci="0" mb="0" cb="0"/><line nr="1799" mi="6" ci="0" mb="2" cb="0"/><line nr="1800" mi="2" ci="0" mb="0" cb="0"/><line nr="1802" mi="2" ci="0" mb="0" cb="0"/><line nr="1812" mi="0" ci="2" mb="0" cb="0"/><line nr="1814" mi="0" ci="7" mb="2" cb="2"/><line nr="1816" mi="12" ci="4" mb="7" cb="1"/><line nr="1818" mi="0" ci="2" mb="0" cb="0"/><line nr="1820" mi="0" ci="16" mb="4" cb="4"/><line nr="1822" mi="2" ci="0" mb="0" cb="0"/><line nr="1826" mi="0" ci="2" mb="0" cb="0"/><counter type="INSTRUCTION" missed="895" covered="1357"/><counter type="BRANCH" missed="172" covered="122"/><counter type="LINE" missed="221" covered="292"/><counter type="COMPLEXITY" missed="149" covered="82"/><counter type="METHOD" missed="24" covered="60"/><counter type="CLASS" missed="0" covered="1"/></sourcefile><sourcefile name="GroupOSCOREInputMaterialObject.java"><line nr="54" mi="3" ci="0" mb="0" cb="0"/><line nr="56" mi="1" ci="0" mb="0" cb="0"/><line nr="66" mi="4" ci="0" mb="0" cb="0"/><counter type="INSTRUCTION" missed="8" covered="0"/><counter type="LINE" missed="3" covered="0"/><counter type="COMPLEXITY" missed="2" covered="0"/><counter type="METHOD" missed="2" covered="0"/><counter type="CLASS" missed="1" covered="0"/></sourcefile><sourcefile name="GroupOSCOREInputMaterialObjectParameters.java"><line nr="41" mi="3" ci="0" mb="0" cb="0"/><line nr="107" mi="64" ci="0" mb="0" cb="0"/><counter type="INSTRUCTION" missed="67" covered="0"/><counter type="LINE" missed="2" covered="0"/><counter type="COMPLEXITY" missed="2" covered="0"/><counter type="METHOD" missed="2" covered="0"/><counter type="CLASS" missed="1" covered="0"/></sourcefile><sourcefile name="OSCOREInputMaterialObjectParameters.java"><line nr="49" mi="3" ci="0" mb="0" cb="0"/><line nr="89" mi="32" ci="0" mb="0" cb="0"/><line nr="101" mi="5" ci="0" mb="2" cb="0"/><line nr="102" mi="5" ci="0" mb="0" cb="0"/><line nr="104" mi="4" ci="0" mb="0" cb="0"/><line nr="105" mi="11" ci="0" mb="2" cb="0"/><line nr="106" mi="5" ci="0" mb="2" cb="0"/><line nr="107" mi="8" ci="0" mb="0" cb="0"/><line nr="108" mi="5" ci="0" mb="0" cb="0"/><line nr="110" mi="10" ci="0" mb="0" cb="0"/><line nr="111" mi="1" ci="0" mb="0" cb="0"/><line nr="112" mi="2" ci="0" mb="0" cb="0"/><line nr="122" mi="2" ci="0" mb="0" cb="0"/><line nr="123" mi="11" ci="0" mb="2" cb="0"/><line nr="124" mi="7" ci="0" mb="0" cb="0"/><line nr="125" mi="1" ci="0" mb="0" cb="0"/><line nr="126" mi="2" ci="0" mb="0" cb="0"/><counter type="INSTRUCTION" missed="114" covered="0"/><counter type="BRANCH" missed="8" covered="0"/><counter type="LINE" missed="17" covered="0"/><counter type="COMPLEXITY" missed="8" covered="0"/><counter type="METHOD" missed="4" covered="0"/><counter type="CLASS" missed="1" covered="0"/></sourcefile><counter type="INSTRUCTION" missed="1115" covered="1357"/><counter type="BRANCH" missed="180" covered="122"/><counter type="LINE" missed="251" covered="292"/><counter type="COMPLEXITY" missed="166" covered="82"/><counter type="METHOD" missed="37" covered="60"/><counter type="CLASS" missed="4" covered="1"/></package><package name="se/sics/ace/coap/rs/dtlsProfile"><class name="se/sics/ace/coap/rs/dtlsProfile/DtlspIntrospection" sourcefilename="DtlspIntrospection.java"><method name="&lt;init&gt;" desc="(Lorg/eclipse/californium/cose/OneKey;Ljava/lang/String;)V" line="92"><counter type="INSTRUCTION" missed="0" covered="99"/><counter type="LINE" missed="0" covered="23"/><counter type="COMPLEXITY" missed="0" covered="1"/><counter type="METHOD" missed="0" covered="1"/></method><method name="&lt;init&gt;" desc="([BLjava/lang/String;Ljava/lang/String;Ljava/lang/String;Ljava/lang/String;Ljava/lang/String;)V" line="92"><counter type="INSTRUCTION" missed="0" covered="153"/><counter type="LINE" missed="0" covered="31"/><counter type="COMPLEXITY" missed="0" covered="1"/><counter type="METHOD" missed="0" covered="1"/></method><method name="getParams" desc="([B)Ljava/util/Map;" line="213"><counter type="INSTRUCTION" missed="41" covered="55"/><counter type="BRANCH" missed="4" covered="2"/><counter type="LINE" missed="8" covered="12"/><counter type="COMPLEXITY" missed="3" covered="1"/><counter type="METHOD" missed="0" covered="1"/></method><method name="&lt;clinit&gt;" desc="()V" line="86"><counter type="INSTRUCTION" missed="0" covered="13"/><counter type="LINE" missed="0" covered="6"/><counter type="COMPLEXITY" missed="0" covered="1"/><counter type="METHOD" missed="0" covered="1"/></method><counter type="INSTRUCTION" missed="41" covered="320"/><counter type="BRANCH" missed="4" covered="2"/><counter type="LINE" missed="8" covered="71"/><counter type="COMPLEXITY" missed="3" covered="4"/><counter type="METHOD" missed="0" covered="4"/><counter type="CLASS" missed="0" covered="1"/></class><class name="se/sics/ace/coap/rs/dtlsProfile/DtlspPskStore" sourcefilename="DtlspPskStore.java"><method name="&lt;init&gt;" desc="(Lse/sics/ace/rs/AuthzInfo;)V" line="90"><counter type="INSTRUCTION" missed="0" covered="6"/><counter type="LINE" missed="0" covered="3"/><counter type="COMPLEXITY" missed="0" covered="1"/><counter type="METHOD" missed="0" covered="1"/></method><method name="requestPskSecretResult" desc="(Lorg/eclipse/californium/scandium/dtls/ConnectionId;Lorg/eclipse/californium/scandium/util/ServerNames;Lorg/eclipse/californium/scandium/dtls/PskPublicInformation;Ljava/lang/String;Ljavax/crypto/SecretKey;[BZ)Lorg/eclipse/californium/scandium/dtls/PskSecretResult;" line="98"><counter type="INSTRUCTION" missed="0" covered="9"/><counter type="LINE" missed="0" covered="1"/><counter type="COMPLEXITY" missed="0" covered="1"/><counter type="METHOD" missed="0" covered="1"/></method><method name="getKey" desc="(Lorg/eclipse/californium/scandium/dtls/PskPublicInformation;)Ljavax/crypto/SecretKey;" line="108"><counter type="INSTRUCTION" missed="0" covered="6"/><counter type="LINE" missed="0" covered="1"/><counter type="COMPLEXITY" missed="0" covered="1"/><counter type="METHOD" missed="0" covered="1"/></method><method name="getKey" desc="([BLorg/eclipse/californium/scandium/dtls/PskPublicInformation;)Ljavax/crypto/SecretKey;" line="120"><counter type="INSTRUCTION" missed="52" covered="170"/><counter type="BRANCH" missed="12" covered="18"/><counter type="LINE" missed="14" covered="43"/><counter type="COMPLEXITY" missed="12" covered="4"/><counter type="METHOD" missed="0" covered="1"/></method><method name="getIdentity" desc="(Ljava/net/InetSocketAddress;Lorg/eclipse/californium/scandium/util/ServerNames;)Lorg/eclipse/californium/scandium/dtls/PskPublicInformation;" line="230"><counter type="INSTRUCTION" missed="2" covered="0"/><counter type="LINE" missed="1" covered="0"/><counter type="COMPLEXITY" missed="1" covered="0"/><counter type="METHOD" missed="1" covered="0"/></method><method name="hasEcdhePskSupported" desc="()Z" line="236"><counter type="INSTRUCTION" missed="0" covered="2"/><counter type="LINE" missed="0" covered="1"/><counter type="COMPLEXITY" missed="0" covered="1"/><counter type="METHOD" missed="0" covered="1"/></method><method name="setResultHandler" desc="(Lorg/eclipse/californium/scandium/dtls/HandshakeResultHandler;)V" line="243"><counter type="INSTRUCTION" missed="0" covered="1"/><counter type="LINE" missed="0" covered="1"/><counter type="COMPLEXITY" missed="0" covered="1"/><counter type="METHOD" missed="0" covered="1"/></method><method name="&lt;clinit&gt;" desc="()V" line="75"><counter type="INSTRUCTION" missed="0" covered="5"/><counter type="LINE" missed="0" covered="2"/><counter type="COMPLEXITY" missed="0" covered="1"/><counter type="METHOD" missed="0" covered="1"/></method><counter type="INSTRUCTION" missed="54" covered="199"/><counter type="BRANCH" missed="12" covered="18"/><counter type="LINE" missed="15" covered="52"/><counter type="COMPLEXITY" missed="13" covered="10"/><counter type="METHOD" missed="1" covered="7"/><counter type="CLASS" missed="0" covered="1"/></class><sourcefile name="DtlspIntrospection.java"><line nr="86" mi="0" ci="1" mb="0" cb="0"/><line nr="87" mi="0" ci="3" mb="0" cb="0"/><line nr="92" mi="0" ci="6" mb="0" cb="0"/><line nr="96" mi="0" ci="2" mb="0" cb="0"/><line nr="97" mi="0" ci="2" mb="0" cb="0"/><line nr="98" mi="0" ci="2" mb="0" cb="0"/><line nr="99" mi="0" ci="3" mb="0" cb="0"/><line nr="113" mi="0" ci="2" mb="0" cb="0"/><line nr="115" mi="0" ci="2" mb="0" cb="0"/><line nr="116" mi="0" ci="6" mb="0" cb="0"/><line nr="118" mi="0" ci="8" mb="0" cb="0"/><line nr="119" mi="0" ci="2" mb="0" cb="0"/><line nr="120" mi="0" ci="6" mb="0" cb="0"/><line nr="121" mi="0" ci="4" mb="0" cb="0"/><line nr="123" mi="0" ci="4" mb="0" cb="0"/><line nr="124" mi="0" ci="4" mb="0" cb="0"/><line nr="125" mi="0" ci="4" mb="0" cb="0"/><line nr="126" mi="0" ci="9" mb="0" cb="0"/><line nr="128" mi="0" ci="4" mb="0" cb="0"/><line nr="130" mi="0" ci="6" mb="0" cb="0"/><line nr="131" mi="0" ci="4" mb="0" cb="0"/><line nr="132" mi="0" ci="1" mb="0" cb="0"/><line nr="133" mi="0" ci="2" mb="0" cb="0"/><line nr="134" mi="0" ci="2" mb="0" cb="0"/><line nr="135" mi="0" ci="12" mb="0" cb="0"/><line nr="137" mi="0" ci="6" mb="0" cb="0"/><line nr="138" mi="0" ci="5" mb="0" cb="0"/><line nr="139" mi="0" ci="2" mb="0" cb="0"/><line nr="140" mi="0" ci="1" mb="0" cb="0"/><line nr="165" mi="0" ci="2" mb="0" cb="0"/><line nr="167" mi="0" ci="2" mb="0" cb="0"/><line nr="168" mi="0" ci="15" mb="0" cb="0"/><line nr="169" mi="0" ci="6" mb="0" cb="0"/><line nr="171" mi="0" ci="8" mb="0" cb="0"/><line nr="172" mi="0" ci="2" mb="0" cb="0"/><line nr="173" mi="0" ci="7" mb="0" cb="0"/><line nr="175" mi="0" ci="4" mb="0" cb="0"/><line nr="178" mi="0" ci="2" mb="0" cb="0"/><line nr="179" mi="0" ci="7" mb="0" cb="0"/><line nr="180" mi="0" ci="5" mb="0" cb="0"/><line nr="181" mi="0" ci="7" mb="0" cb="0"/><line nr="182" mi="0" ci="7" mb="0" cb="0"/><line nr="184" mi="0" ci="6" mb="0" cb="0"/><line nr="185" mi="0" ci="4" mb="0" cb="0"/><line nr="187" mi="0" ci="4" mb="0" cb="0"/><line nr="188" mi="0" ci="4" mb="0" cb="0"/><line nr="189" mi="0" ci="4" mb="0" cb="0"/><line nr="190" mi="0" ci="9" mb="0" cb="0"/><line nr="194" mi="0" ci="4" mb="0" cb="0"/><line nr="197" mi="0" ci="6" mb="0" cb="0"/><line nr="199" mi="0" ci="4" mb="0" cb="0"/><line nr="200" mi="0" ci="1" mb="0" cb="0"/><line nr="201" mi="0" ci="2" mb="0" cb="0"/><line nr="202" mi="0" ci="2" mb="0" cb="0"/><line nr="203" mi="0" ci="12" mb="0" cb="0"/><line nr="205" mi="0" ci="6" mb="0" cb="0"/><line nr="206" mi="0" ci="5" mb="0" cb="0"/><line nr="207" mi="0" ci="2" mb="0" cb="0"/><line nr="208" mi="0" ci="1" mb="0" cb="0"/><line nr="213" mi="0" ci="10" mb="0" cb="0"/><line nr="214" mi="0" ci="4" mb="0" cb="0"/><line nr="215" mi="0" ci="9" mb="0" cb="0"/><line nr="216" mi="0" ci="7" mb="0" cb="0"/><line nr="219" mi="0" ci="5" mb="0" cb="0"/><line nr="220" mi="0" ci="3" mb="0" cb="0"/><line nr="222" mi="1" ci="0" mb="0" cb="0"/><line nr="223" mi="13" ci="0" mb="0" cb="0"/><line nr="224" mi="0" ci="1" mb="0" cb="0"/><line nr="225" mi="0" ci="2" mb="1" cb="1"/><line nr="226" mi="5" ci="0" mb="0" cb="0"/><line nr="228" mi="0" ci="5" mb="1" cb="1"/><line nr="230" mi="3" ci="0" mb="2" cb="0"/><line nr="231" mi="8" ci="0" mb="0" cb="0"/><line nr="234" mi="6" ci="0" mb="0" cb="0"/><line nr="235" mi="1" ci="0" mb="0" cb="0"/><line nr="236" mi="4" ci="0" mb="0" cb="0"/><line nr="238" mi="0" ci="4" mb="0" cb="0"/><line nr="239" mi="0" ci="3" mb="0" cb="0"/><line nr="240" mi="0" ci="2" mb="0" cb="0"/><counter type="INSTRUCTION" missed="41" covered="320"/><counter type="BRANCH" missed="4" covered="2"/><counter type="LINE" missed="8" covered="71"/><counter type="COMPLEXITY" missed="3" covered="4"/><counter type="METHOD" missed="0" covered="4"/><counter type="CLASS" missed="0" covered="1"/></sourcefile><sourcefile name="DtlspPskStore.java"><line nr="75" mi="0" ci="2" mb="0" cb="0"/><line nr="76" mi="0" ci="3" mb="0" cb="0"/><line nr="90" mi="0" ci="2" mb="0" cb="0"/><line nr="91" mi="0" ci="3" mb="0" cb="0"/><line nr="92" mi="0" ci="1" mb="0" cb="0"/><line nr="98" mi="0" ci="9" mb="0" cb="0"/><line nr="108" mi="0" ci="6" mb="0" cb="0"/><line nr="120" mi="0" ci="2" mb="1" cb="1"/><line nr="121" mi="3" ci="0" mb="0" cb="0"/><line nr="122" mi="2" ci="0" mb="0" cb="0"/><line nr="125" mi="0" ci="2" mb="0" cb="0"/><line nr="131" mi="0" ci="3" mb="0" cb="0"/><line nr="132" mi="0" ci="1" mb="0" cb="0"/><line nr="133" mi="0" ci="11" mb="0" cb="0"/><line nr="134" mi="0" ci="2" mb="0" cb="0"/><line nr="135" mi="0" ci="1" mb="0" cb="0"/><line nr="137" mi="0" ci="7" mb="1" cb="3"/><line nr="138" mi="0" ci="3" mb="1" cb="1"/><line nr="140" mi="0" ci="4" mb="0" cb="0"/><line nr="141" mi="0" ci="10" mb="3" cb="3"/><line nr="143" mi="0" ci="4" mb="0" cb="0"/><line nr="144" mi="0" ci="7" mb="2" cb="2"/><line nr="145" mi="0" ci="3" mb="1" cb="1"/><line nr="147" mi="0" ci="2" mb="0" cb="0"/><line nr="148" mi="0" ci="7" mb="1" cb="1"/><line nr="149" mi="0" ci="4" mb="1" cb="1"/><line nr="151" mi="0" ci="6" mb="0" cb="0"/><line nr="153" mi="0" ci="4" mb="0" cb="0"/><line nr="154" mi="0" ci="4" mb="0" cb="0"/><line nr="158" mi="0" ci="3" mb="0" cb="0"/><line nr="168" mi="0" ci="2" mb="0" cb="2"/><line nr="169" mi="0" ci="9" mb="0" cb="0"/><line nr="171" mi="1" ci="0" mb="0" cb="0"/><line nr="172" mi="11" ci="0" mb="0" cb="0"/><line nr="173" mi="2" ci="0" mb="0" cb="0"/><line nr="174" mi="0" ci="1" mb="0" cb="0"/><line nr="177" mi="0" ci="2" mb="0" cb="0"/><line nr="179" mi="0" ci="3" mb="0" cb="0"/><line nr="180" mi="1" ci="0" mb="0" cb="0"/><line nr="181" mi="8" ci="0" mb="0" cb="0"/><line nr="182" mi="3" ci="0" mb="0" cb="0"/><line nr="183" mi="2" ci="0" mb="0" cb="0"/><line nr="184" mi="0" ci="1" mb="0" cb="0"/><line nr="190" mi="0" ci="4" mb="0" cb="0"/><line nr="191" mi="0" ci="8" mb="0" cb="0"/><line nr="194" mi="0" ci="3" mb="0" cb="0"/><line nr="195" mi="0" ci="3" mb="0" cb="0"/><line nr="196" mi="0" ci="4" mb="0" cb="2"/><line nr="197" mi="0" ci="4" mb="0" cb="0"/><line nr="198" mi="0" ci="5" mb="1" cb="1"/><line nr="199" mi="3" ci="0" mb="0" cb="0"/><line nr="200" mi="2" ci="0" mb="0" cb="0"/><line nr="204" mi="0" ci="5" mb="0" cb="0"/><line nr="205" mi="0" ci="4" mb="0" cb="0"/><line nr="206" mi="0" ci="1" mb="0" cb="0"/><line nr="211" mi="0" ci="3" mb="0" cb="0"/><line nr="213" mi="0" ci="4" mb="0" cb="0"/><line nr="214" mi="0" ci="5" mb="0" cb="0"/><line nr="215" mi="0" ci="4" mb="0" cb="0"/><line nr="216" mi="1" ci="0" mb="0" cb="0"/><line nr="217" mi="11" ci="0" mb="0" cb="0"/><line nr="218" mi="2" ci="0" mb="0" cb="0"/><line nr="221" mi="0" ci="3" mb="0" cb="0"/><line nr="222" mi="0" ci="2" mb="0" cb="0"/><line nr="230" mi="2" ci="0" mb="0" cb="0"/><line nr="236" mi="0" ci="2" mb="0" cb="0"/><line nr="243" mi="0" ci="1" mb="0" cb="0"/><counter type="INSTRUCTION" missed="54" covered="199"/><counter type="BRANCH" missed="12" covered="18"/><counter type="LINE" missed="15" covered="52"/><counter type="COMPLEXITY" missed="13" covered="10"/><counter type="METHOD" missed="1" covered="7"/><counter type="CLASS" missed="0" covered="1"/></sourcefile><counter type="INSTRUCTION" missed="95" covered="519"/><counter type="BRANCH" missed="16" covered="20"/><counter type="LINE" missed="23" covered="123"/><counter type="COMPLEXITY" missed="16" covered="14"/><counter type="METHOD" missed="1" covered="11"/><counter type="CLASS" missed="0" covered="2"/></package><counter type="INSTRUCTION" missed="18954" covered="30543"/><counter type="BRANCH" missed="2483" covered="2504"/><counter type="LINE" missed="4314" covered="7072"/><counter type="COMPLEXITY" missed="2061" covered="1124"/><counter type="METHOD" missed="164" covered="507"/><counter type="CLASS" missed="12" covered="71"/></report>