<?xml version="1.0" encoding="UTF-8" standalone="yes"?><!DOCTYPE report PUBLIC "-//JACOCO//DTD Report 1.1//EN" "report.dtd"><report name="Cf-EDHOC"><sessioninfo id="runnervmg1sw1-65e67f9" start="1763904650195" dump="1763904656292"/><sessioninfo id="runnervmg1sw1-7599955b" start="1763904656713" dump="1763904657170"/><sessioninfo id="runnervmg1sw1-842176c2" start="1763904657268" dump="1763904657752"/><sessioninfo id="runnervmg1sw1-d6190304" start="1763904657898" dump="1763904658381"/><sessioninfo id="runnervmg1sw1-54ea36e9" start="1763904658490" dump="1763904658931"/><package name="org/eclipse/californium/edhoc"><class name="org/eclipse/californium/edhoc/Util" sourcefilename="Util.java"><method name="&lt;init&gt;" desc="()V" line="53"><counter type="INSTRUCTION" missed="3" covered="0"/><counter type="LINE" missed="1" covered="0"/><counter type="COMPLEXITY" missed="1" covered="0"/><counter type="METHOD" missed="1" covered="0"/></method><method name="encrypt" desc="(Lcom/upokecenter/cbor/CBORObject;[B[BLorg/eclipse/californium/cose/AlgorithmID;[B[B)[B" line="68"><counter type="INSTRUCTION" missed="4" covered="60"/><counter type="BRANCH" missed="6" covered="8"/><counter type="LINE" missed="2" covered="12"/><counter type="COMPLEXITY" missed="6" covered="2"/><counter type="METHOD" missed="0" covered="1"/></method><method name="decrypt" desc="(Lcom/upokecenter/cbor/CBORObject;[B[BLorg/eclipse/californium/cose/AlgorithmID;[B[B)[B" line="123"><counter type="INSTRUCTION" missed="4" covered="61"/><counter type="BRANCH" missed="6" covered="8"/><counter type="LINE" missed="2" covered="12"/><counter type="COMPLEXITY" missed="6" covered="2"/><counter type="METHOD" missed="0" covered="1"/></method><method name="computeSignature" desc="(Lcom/upokecenter/cbor/CBORObject;[B[BLorg/eclipse/californium/cose/OneKey;)[B" line="176"><counter type="INSTRUCTION" missed="10" covered="66"/><counter type="BRANCH" missed="7" covered="9"/><counter type="LINE" missed="4" covered="15"/><counter type="COMPLEXITY" missed="7" covered="2"/><counter type="METHOD" missed="0" covered="1"/></method><method name="determineKeyAlgorithm" desc="(Lorg/eclipse/californium/cose/OneKey;)Lorg/eclipse/californium/cose/AlgorithmID;" line="239"><counter type="INSTRUCTION" missed="2" covered="28"/><counter type="BRANCH" missed="1" covered="7"/><counter type="LINE" missed="1" covered="8"/><counter type="COMPLEXITY" missed="1" covered="4"/><counter type="METHOD" missed="0" covered="1"/></method><method name="verifySignature" desc="([BLcom/upokecenter/cbor/CBORObject;[B[BLorg/eclipse/californium/cose/OneKey;)Z" line="264"><counter type="INSTRUCTION" missed="6" covered="63"/><counter type="BRANCH" missed="7" covered="7"/><counter type="LINE" missed="3" covered="14"/><counter type="COMPLEXITY" missed="7" covered="1"/><counter type="METHOD" missed="0" covered="1"/></method><method name="computeHash" desc="([BLjava/lang/String;)[B" line="325"><counter type="INSTRUCTION" missed="0" covered="30"/><counter type="BRANCH" missed="0" covered="6"/><counter type="LINE" missed="0" covered="10"/><counter type="COMPLEXITY" missed="0" covered="4"/><counter type="METHOD" missed="0" covered="1"/></method><method name="buildCBORSequence" desc="(Ljava/util/List;)[B" line="350"><counter type="INSTRUCTION" missed="0" covered="66"/><counter type="BRANCH" missed="0" covered="4"/><counter type="LINE" missed="0" covered="14"/><counter type="COMPLEXITY" missed="0" covered="3"/><counter type="METHOD" missed="0" covered="1"/></method><method name="concatenateByteArrays" desc="(Ljava/util/List;)[B" line="381"><counter type="INSTRUCTION" missed="4" covered="67"/><counter type="BRANCH" missed="3" covered="7"/><counter type="LINE" missed="2" covered="13"/><counter type="COMPLEXITY" missed="3" covered="3"/><counter type="METHOD" missed="0" covered="1"/></method><method name="buildDeterministicCBORMap" desc="(Ljava/util/List;Ljava/util/List;)[B" line="414"><counter type="INSTRUCTION" missed="11" covered="113"/><counter type="BRANCH" missed="5" covered="9"/><counter type="LINE" missed="5" covered="21"/><counter type="COMPLEXITY" missed="5" covered="3"/><counter type="METHOD" missed="0" covered="1"/></method><method name="arrayXor" desc="([B[B)[B" line="465"><counter type="INSTRUCTION" missed="6" covered="38"/><counter type="BRANCH" missed="4" covered="6"/><counter type="LINE" missed="3" covered="8"/><counter type="COMPLEXITY" missed="4" covered="2"/><counter type="METHOD" missed="0" covered="1"/></method><method name="intToBytes" desc="(I)[B" line="494"><counter type="INSTRUCTION" missed="29" covered="58"/><counter type="BRANCH" missed="1" covered="7"/><counter type="LINE" missed="1" covered="8"/><counter type="COMPLEXITY" missed="1" covered="4"/><counter type="METHOD" missed="0" covered="1"/></method><method name="bytesToInt" desc="([B)I" line="534"><counter type="INSTRUCTION" missed="0" covered="37"/><counter type="BRANCH" missed="0" covered="4"/><counter type="LINE" missed="0" covered="6"/><counter type="COMPLEXITY" missed="0" covered="3"/><counter type="METHOD" missed="0" covered="1"/></method><method name="compareByteArrays" desc="([B[B)Z" line="561"><counter type="INSTRUCTION" missed="10" covered="48"/><counter type="BRANCH" missed="5" covered="5"/><counter type="LINE" missed="3" covered="8"/><counter type="COMPLEXITY" missed="4" covered="2"/><counter type="METHOD" missed="0" covered="1"/></method><method name="getConnectionId" desc="(Ljava/util/Set;Lorg/eclipse/californium/oscore/OSCoreCtxDB;[B)[B" line="593"><counter type="INSTRUCTION" missed="2" covered="13"/><counter type="BRANCH" missed="1" covered="1"/><counter type="LINE" missed="1" covered="3"/><counter type="COMPLEXITY" missed="1" covered="1"/><counter type="METHOD" missed="0" covered="1"/></method><method name="allocateConnectionId" desc="(Ljava/util/Set;Lorg/eclipse/californium/oscore/OSCoreCtxDB;[B)[B" line="615"><counter type="INSTRUCTION" missed="12" covered="189"/><counter type="BRANCH" missed="6" covered="26"/><counter type="LINE" missed="3" covered="41"/><counter type="COMPLEXITY" missed="6" covered="11"/><counter type="METHOD" missed="0" covered="1"/></method><method name="checkAndCommitConnectionId" desc="([BLjava/util/Set;Lorg/eclipse/californium/oscore/OSCoreCtxDB;[B)[B" line="724"><counter type="INSTRUCTION" missed="15" covered="14"/><counter type="BRANCH" missed="3" covered="1"/><counter type="LINE" missed="5" covered="3"/><counter type="COMPLEXITY" missed="2" covered="1"/><counter type="METHOD" missed="0" covered="1"/></method><method name="commitConnectionIdForOSCORE" desc="([BLorg/eclipse/californium/oscore/OSCoreCtxDB;Ljava/util/Set;[B)[B" line="756"><counter type="INSTRUCTION" missed="28" covered="60"/><counter type="BRANCH" missed="5" covered="9"/><counter type="LINE" missed="10" covered="16"/><counter type="COMPLEXITY" missed="4" covered="4"/><counter type="METHOD" missed="0" covered="1"/></method><method name="releaseConnectionId" desc="([BLjava/util/Set;Lorg/eclipse/californium/oscore/OSCoreCtxDB;)V" line="815"><counter type="INSTRUCTION" missed="18" covered="39"/><counter type="BRANCH" missed="3" covered="3"/><counter type="LINE" missed="4" covered="14"/><counter type="COMPLEXITY" missed="3" covered="1"/><counter type="METHOD" missed="0" covered="1"/></method><method name="purgeSession" desc="(Lorg/eclipse/californium/edhoc/EdhocSession;[BLjava/util/HashMap;Ljava/util/Set;)V" line="852"><counter type="INSTRUCTION" missed="29" covered="0"/><counter type="BRANCH" missed="4" covered="0"/><counter type="LINE" missed="10" covered="0"/><counter type="COMPLEXITY" missed="3" covered="0"/><counter type="METHOD" missed="1" covered="0"/></method><method name="generateKeyPair" desc="(I)Lorg/eclipse/californium/cose/OneKey;" line="875"><counter type="INSTRUCTION" missed="6" covered="35"/><counter type="BRANCH" missed="1" covered="5"/><counter type="LINE" missed="3" covered="12"/><counter type="COMPLEXITY" missed="1" covered="3"/><counter type="METHOD" missed="0" covered="1"/></method><method name="nicePrint" desc="(Ljava/lang/String;[B)V" line="929"><counter type="INSTRUCTION" missed="0" covered="54"/><counter type="BRANCH" missed="0" covered="8"/><counter type="LINE" missed="0" covered="10"/><counter type="COMPLEXITY" missed="0" covered="5"/><counter type="METHOD" missed="0" covered="1"/></method><method name="makeSingleKey" desc="(Lorg/eclipse/californium/cose/OneKey;Z)Lorg/eclipse/californium/cose/OneKey;" line="947"><counter type="INSTRUCTION" missed="8" covered="115"/><counter type="BRANCH" missed="2" covered="8"/><counter type="LINE" missed="3" covered="20"/><counter type="COMPLEXITY" missed="2" covered="4"/><counter type="METHOD" missed="0" covered="1"/></method><method name="buildSuitesR" desc="(Ljava/util/List;)Lcom/upokecenter/cbor/CBORObject;" line="996"><counter type="INSTRUCTION" missed="0" covered="35"/><counter type="BRANCH" missed="0" covered="4"/><counter type="LINE" missed="0" covered="9"/><counter type="COMPLEXITY" missed="0" covered="3"/><counter type="METHOD" missed="0" covered="1"/></method><method name="buildIdCredKcwt" desc="(Lcom/upokecenter/cbor/CBORObject;)Lcom/upokecenter/cbor/CBORObject;" line="1020"><counter type="INSTRUCTION" missed="0" covered="10"/><counter type="LINE" missed="0" covered="3"/><counter type="COMPLEXITY" missed="0" covered="1"/><counter type="METHOD" missed="0" covered="1"/></method><method name="buildIdCredKccs" desc="(Lcom/upokecenter/cbor/CBORObject;)Lcom/upokecenter/cbor/CBORObject;" line="1034"><counter type="INSTRUCTION" missed="0" covered="10"/><counter type="LINE" missed="0" covered="3"/><counter type="COMPLEXITY" missed="0" covered="1"/><counter type="METHOD" missed="0" covered="1"/></method><method name="buildIdCredKid" desc="([B)Lcom/upokecenter/cbor/CBORObject;" line="1048"><counter type="INSTRUCTION" missed="0" covered="10"/><counter type="LINE" missed="0" covered="3"/><counter type="COMPLEXITY" missed="0" covered="1"/><counter type="METHOD" missed="0" covered="1"/></method><method name="buildIdCredX5chain" desc="([B)Lcom/upokecenter/cbor/CBORObject;" line="1062"><counter type="INSTRUCTION" missed="0" covered="10"/><counter type="LINE" missed="0" covered="3"/><counter type="COMPLEXITY" missed="0" covered="1"/><counter type="METHOD" missed="0" covered="1"/></method><method name="buildIdCredX5t" desc="([B)Lcom/upokecenter/cbor/CBORObject;" line="1079"><counter type="INSTRUCTION" missed="16" covered="39"/><counter type="BRANCH" missed="1" covered="1"/><counter type="LINE" missed="4" covered="12"/><counter type="COMPLEXITY" missed="1" covered="1"/><counter type="METHOD" missed="0" covered="1"/></method><method name="buildIdCredX5u" desc="(Ljava/lang/String;)Lcom/upokecenter/cbor/CBORObject;" line="1111"><counter type="INSTRUCTION" missed="0" covered="10"/><counter type="LINE" missed="0" covered="3"/><counter type="COMPLEXITY" missed="0" covered="1"/><counter type="METHOD" missed="0" covered="1"/></method><method name="buildCredRawPublicKey" desc="(Lorg/eclipse/californium/cose/OneKey;Ljava/lang/String;)[B" line="1126"><counter type="INSTRUCTION" missed="4" covered="104"/><counter type="BRANCH" missed="3" covered="5"/><counter type="LINE" missed="2" covered="20"/><counter type="COMPLEXITY" missed="3" covered="2"/><counter type="METHOD" missed="0" covered="1"/></method><method name="buildCredRawPublicKeyCcs" desc="(Lorg/eclipse/californium/cose/OneKey;Ljava/lang/String;Lcom/upokecenter/cbor/CBORObject;)[B" line="1166"><counter type="INSTRUCTION" missed="4" covered="109"/><counter type="BRANCH" missed="3" covered="5"/><counter type="LINE" missed="2" covered="19"/><counter type="COMPLEXITY" missed="3" covered="2"/><counter type="METHOD" missed="0" covered="1"/></method><method name="checkSignatureKeyAgainstCipherSuite" desc="(Lorg/eclipse/californium/cose/OneKey;I)Z" line="1212"><counter type="INSTRUCTION" missed="15" covered="38"/><counter type="BRANCH" missed="4" covered="12"/><counter type="LINE" missed="6" covered="9"/><counter type="COMPLEXITY" missed="4" covered="5"/><counter type="METHOD" missed="0" covered="1"/></method><method name="checkDiffieHellmanKeyAgainstCipherSuite" desc="(Lorg/eclipse/californium/cose/OneKey;I)Z" line="1252"><counter type="INSTRUCTION" missed="13" covered="40"/><counter type="BRANCH" missed="6" covered="10"/><counter type="LINE" missed="4" covered="11"/><counter type="COMPLEXITY" missed="5" covered="4"/><counter type="METHOD" missed="0" covered="1"/></method><method name="isDeterministicCborInteger" desc="(Lcom/upokecenter/cbor/CBORObject;)Z" line="1292"><counter type="INSTRUCTION" missed="24" covered="42"/><counter type="BRANCH" missed="13" covered="11"/><counter type="LINE" missed="8" covered="10"/><counter type="COMPLEXITY" missed="11" covered="4"/><counter type="METHOD" missed="0" covered="1"/></method><counter type="INSTRUCTION" missed="283" covered="1711"/><counter type="BRANCH" missed="100" covered="196"/><counter type="LINE" missed="92" covered="373"/><counter type="COMPLEXITY" missed="94" covered="91"/><counter type="METHOD" missed="2" covered="33"/><counter type="CLASS" missed="0" covered="1"/></class><class name="org/eclipse/californium/edhoc/SideProcessor" sourcefilename="SideProcessor.java"><method name="&lt;init&gt;" desc="(ILjava/util/HashMap;Ljava/util/HashMap;Ljava/util/HashMap;)V" line="34"><counter type="INSTRUCTION" missed="0" covered="73"/><counter type="LINE" missed="0" covered="18"/><counter type="COMPLEXITY" missed="0" covered="1"/><counter type="METHOD" missed="0" covered="1"/></method><method name="getResults" desc="(IZ)Ljava/util/HashMap;" line="118"><counter type="INSTRUCTION" missed="0" covered="5"/><counter type="LINE" missed="0" covered="1"/><counter type="COMPLEXITY" missed="0" covered="1"/><counter type="METHOD" missed="0" covered="1"/></method><method name="addResult" desc="(IZILjava/util/HashMap;)V" line="130"><counter type="INSTRUCTION" missed="0" covered="29"/><counter type="BRANCH" missed="1" covered="1"/><counter type="LINE" missed="0" covered="6"/><counter type="COMPLEXITY" missed="1" covered="1"/><counter type="METHOD" missed="0" covered="1"/></method><method name="removeResults" desc="()V" line="144"><counter type="INSTRUCTION" missed="25" covered="0"/><counter type="LINE" missed="7" covered="0"/><counter type="COMPLEXITY" missed="1" covered="0"/><counter type="METHOD" missed="1" covered="0"/></method><method name="removeResults" desc="(IZ)V" line="160"><counter type="INSTRUCTION" missed="25" covered="0"/><counter type="BRANCH" missed="2" covered="0"/><counter type="LINE" missed="6" covered="0"/><counter type="COMPLEXITY" missed="2" covered="0"/><counter type="METHOD" missed="1" covered="0"/></method><method name="removeResultSet" desc="(IIZ)V" line="177"><counter type="INSTRUCTION" missed="1" covered="18"/><counter type="BRANCH" missed="1" covered="1"/><counter type="LINE" missed="1" covered="5"/><counter type="COMPLEXITY" missed="1" covered="1"/><counter type="METHOD" missed="0" covered="1"/></method><method name="eadSpecificCleanup" desc="(Ljava/util/HashMap;I)V" line="196"><counter type="INSTRUCTION" missed="1" covered="13"/><counter type="BRANCH" missed="1" covered="1"/><counter type="LINE" missed="1" covered="5"/><counter type="COMPLEXITY" missed="1" covered="1"/><counter type="METHOD" missed="0" covered="1"/></method><method name="addErrorResult" desc="(IZLjava/lang/String;I)V" line="224"><counter type="INSTRUCTION" missed="25" covered="0"/><counter type="LINE" missed="7" covered="0"/><counter type="COMPLEXITY" missed="1" covered="0"/><counter type="METHOD" missed="1" covered="0"/></method><method name="getProducedEADs" desc="(I)Ljava/util/List;" line="235"><counter type="INSTRUCTION" missed="0" covered="7"/><counter type="LINE" missed="0" covered="1"/><counter type="COMPLEXITY" missed="0" covered="1"/><counter type="METHOD" missed="0" covered="1"/></method><method name="addProducedEAD" desc="(ILcom/upokecenter/cbor/CBORObject;Lcom/upokecenter/cbor/CBORObject;)V" line="245"><counter type="INSTRUCTION" missed="33" covered="0"/><counter type="BRANCH" missed="4" covered="0"/><counter type="LINE" missed="7" covered="0"/><counter type="COMPLEXITY" missed="3" covered="0"/><counter type="METHOD" missed="1" covered="0"/></method><method name="whichResults" desc="(IZ)Ljava/util/HashMap;" line="265"><counter type="INSTRUCTION" missed="2" covered="24"/><counter type="BRANCH" missed="1" covered="8"/><counter type="LINE" missed="1" covered="5"/><counter type="COMPLEXITY" missed="1" covered="6"/><counter type="METHOD" missed="0" covered="1"/></method><method name="setEdhocSession" desc="(Lorg/eclipse/californium/edhoc/EdhocSession;)V" line="284"><counter type="INSTRUCTION" missed="3" covered="15"/><counter type="BRANCH" missed="3" covered="3"/><counter type="LINE" missed="1" covered="6"/><counter type="COMPLEXITY" missed="3" covered="1"/><counter type="METHOD" missed="0" covered="1"/></method><method name="sideProcessingMessage1" desc="([Lcom/upokecenter/cbor/CBORObject;[Lcom/upokecenter/cbor/CBORObject;)V" line="321"><counter type="INSTRUCTION" missed="14" covered="0"/><counter type="BRANCH" missed="6" covered="0"/><counter type="LINE" missed="4" covered="0"/><counter type="COMPLEXITY" missed="4" covered="0"/><counter type="METHOD" missed="1" covered="0"/></method><method name="sideProcessingMessage2PreVerification" desc="([Lcom/upokecenter/cbor/CBORObject;[Lcom/upokecenter/cbor/CBORObject;)V" line="352"><counter type="INSTRUCTION" missed="19" covered="38"/><counter type="BRANCH" missed="6" covered="2"/><counter type="LINE" missed="4" covered="10"/><counter type="COMPLEXITY" missed="4" covered="1"/><counter type="METHOD" missed="0" covered="1"/></method><method name="sideProcessingMessage2PostVerification" desc="([Lcom/upokecenter/cbor/CBORObject;[Lcom/upokecenter/cbor/CBORObject;)V" line="389"><counter type="INSTRUCTION" missed="26" covered="0"/><counter type="BRANCH" missed="6" covered="0"/><counter type="LINE" missed="7" covered="0"/><counter type="COMPLEXITY" missed="4" covered="0"/><counter type="METHOD" missed="1" covered="0"/></method><method name="sideProcessingMessage3PreVerification" desc="([Lcom/upokecenter/cbor/CBORObject;[Lcom/upokecenter/cbor/CBORObject;)V" line="434"><counter type="INSTRUCTION" missed="19" covered="30"/><counter type="BRANCH" missed="6" covered="2"/><counter type="LINE" missed="4" covered="8"/><counter type="COMPLEXITY" missed="4" covered="1"/><counter type="METHOD" missed="0" covered="1"/></method><method name="sideProcessingMessage3PostVerification" desc="([Lcom/upokecenter/cbor/CBORObject;[Lcom/upokecenter/cbor/CBORObject;)V" line="480"><counter type="INSTRUCTION" missed="14" covered="0"/><counter type="BRANCH" missed="6" covered="0"/><counter type="LINE" missed="4" covered="0"/><counter type="COMPLEXITY" missed="4" covered="0"/><counter type="METHOD" missed="1" covered="0"/></method><method name="sideProcessingMessage4" desc="([Lcom/upokecenter/cbor/CBORObject;)V" line="506"><counter type="INSTRUCTION" missed="14" covered="0"/><counter type="BRANCH" missed="6" covered="0"/><counter type="LINE" missed="4" covered="0"/><counter type="COMPLEXITY" missed="4" covered="0"/><counter type="METHOD" missed="1" covered="0"/></method><method name="produceIndependentEADs" desc="(I)Z" line="521"><counter type="INSTRUCTION" missed="142" covered="5"/><counter type="BRANCH" missed="23" covered="1"/><counter type="LINE" missed="31" covered="2"/><counter type="COMPLEXITY" missed="12" covered="1"/><counter type="METHOD" missed="0" covered="1"/></method><method name="eadProductionDispatcher" desc="(IZILcom/upokecenter/cbor/CBORObject;)[Lcom/upokecenter/cbor/CBORObject;" line="588"><counter type="INSTRUCTION" missed="4" covered="0"/><counter type="LINE" missed="2" covered="0"/><counter type="COMPLEXITY" missed="1" covered="0"/><counter type="METHOD" missed="1" covered="0"/></method><method name="eadConsumptionDispatcher" desc="(IZ[Lcom/upokecenter/cbor/CBORObject;[Lcom/upokecenter/cbor/CBORObject;)Z" line="611"><counter type="INSTRUCTION" missed="94" covered="0"/><counter type="BRANCH" missed="12" covered="0"/><counter type="LINE" missed="25" covered="0"/><counter type="COMPLEXITY" missed="7" covered="0"/><counter type="METHOD" missed="1" covered="0"/></method><method name="showResultsFromSideProcessing" desc="(IZ)V" line="661"><counter type="INSTRUCTION" missed="126" covered="9"/><counter type="BRANCH" missed="13" covered="1"/><counter type="LINE" missed="17" covered="3"/><counter type="COMPLEXITY" missed="7" covered="1"/><counter type="METHOD" missed="0" covered="1"/></method><method name="findValidPeerCredential" desc="(Lcom/upokecenter/cbor/CBORObject;[Lcom/upokecenter/cbor/CBORObject;)Lcom/upokecenter/cbor/CBORObject;" line="701"><counter type="INSTRUCTION" missed="142" covered="107"/><counter type="BRANCH" missed="41" covered="21"/><counter type="LINE" missed="38" covered="29"/><counter type="COMPLEXITY" missed="29" covered="4"/><counter type="METHOD" missed="0" covered="1"/></method><method name="storeNewCWT" desc="(Lcom/upokecenter/cbor/CBORObject;)Z" line="853"><counter type="INSTRUCTION" missed="2" covered="0"/><counter type="LINE" missed="1" covered="0"/><counter type="COMPLEXITY" missed="1" covered="0"/><counter type="METHOD" missed="1" covered="0"/></method><method name="storeNewCCS" desc="(Lcom/upokecenter/cbor/CBORObject;)Z" line="869"><counter type="INSTRUCTION" missed="126" covered="0"/><counter type="BRANCH" missed="18" covered="0"/><counter type="LINE" missed="32" covered="0"/><counter type="COMPLEXITY" missed="10" covered="0"/><counter type="METHOD" missed="1" covered="0"/></method><method name="storeNewX509" desc="(Lcom/upokecenter/cbor/CBORObject;)Z" line="941"><counter type="INSTRUCTION" missed="2" covered="0"/><counter type="LINE" missed="1" covered="0"/><counter type="COMPLEXITY" missed="1" covered="0"/><counter type="METHOD" missed="1" covered="0"/></method><method name="validateCWT" desc="(Lcom/upokecenter/cbor/CBORObject;Z)Z" line="954"><counter type="INSTRUCTION" missed="11" covered="0"/><counter type="BRANCH" missed="4" covered="0"/><counter type="LINE" missed="4" covered="0"/><counter type="COMPLEXITY" missed="3" covered="0"/><counter type="METHOD" missed="1" covered="0"/></method><method name="validateCCS" desc="(Lcom/upokecenter/cbor/CBORObject;Z)Z" line="979"><counter type="INSTRUCTION" missed="59" covered="9"/><counter type="BRANCH" missed="14" covered="2"/><counter type="LINE" missed="15" covered="3"/><counter type="COMPLEXITY" missed="8" covered="1"/><counter type="METHOD" missed="0" covered="1"/></method><method name="validateX5chain" desc="(Lcom/upokecenter/cbor/CBORObject;Z)Z" line="1035"><counter type="INSTRUCTION" missed="41" covered="4"/><counter type="BRANCH" missed="13" covered="1"/><counter type="LINE" missed="10" covered="2"/><counter type="COMPLEXITY" missed="7" covered="1"/><counter type="METHOD" missed="0" covered="1"/></method><method name="checkCoseKey" desc="(Lcom/upokecenter/cbor/CBORObject;)Z" line="1075"><counter type="INSTRUCTION" missed="117" covered="0"/><counter type="BRANCH" missed="32" covered="0"/><counter type="LINE" missed="29" covered="0"/><counter type="COMPLEXITY" missed="17" covered="0"/><counter type="METHOD" missed="1" covered="0"/></method><method name="eadProcessingFollowUp" desc="()V" line="1130"><counter type="INSTRUCTION" missed="30" covered="49"/><counter type="BRANCH" missed="6" covered="6"/><counter type="LINE" missed="6" covered="7"/><counter type="COMPLEXITY" missed="6" covered="1"/><counter type="METHOD" missed="0" covered="1"/></method><counter type="INSTRUCTION" missed="1117" covered="435"/><counter type="BRANCH" missed="225" covered="50"/><counter type="LINE" missed="269" covered="111"/><counter type="COMPLEXITY" missed="147" covered="24"/><counter type="METHOD" missed="15" covered="16"/><counter type="CLASS" missed="0" covered="1"/></class><class name="org/eclipse/californium/edhoc/EdhocStack" sourcefilename="EdhocStack.java"><method name="&lt;init&gt;" desc="(Ljava/lang/String;Lorg/eclipse/californium/elements/config/Configuration;Lorg/eclipse/californium/core/network/Outbox;Lorg/eclipse/californium/oscore/OSCoreCtxDB;Ljava/util/HashMap;Ljava/util/HashMap;Ljava/util/HashMap;Ljava/util/Set;IILorg/eclipse/californium/elements/EndpointContextMatcher;)V" line="67"><counter type="INSTRUCTION" missed="0" covered="67"/><counter type="LINE" missed="0" covered="5"/><counter type="COMPLEXITY" missed="0" covered="1"/><counter type="METHOD" missed="0" covered="1"/></method><counter type="INSTRUCTION" missed="0" covered="67"/><counter type="LINE" missed="0" covered="5"/><counter type="COMPLEXITY" missed="0" covered="1"/><counter type="METHOD" missed="0" covered="1"/><counter type="CLASS" missed="0" covered="1"/></class><class name="org/eclipse/californium/edhoc/EdhocCoapStackFactory" sourcefilename="EdhocCoapStackFactory.java"><method name="&lt;init&gt;" desc="()V" line="41"><counter type="INSTRUCTION" missed="0" covered="3"/><counter type="LINE" missed="0" covered="1"/><counter type="COMPLEXITY" missed="0" covered="1"/><counter type="METHOD" missed="0" covered="1"/></method><method name="createCoapStack" desc="(Ljava/lang/String;Ljava/lang/String;Lorg/eclipse/californium/elements/config/Configuration;Lorg/eclipse/californium/elements/EndpointContextMatcher;Lorg/eclipse/californium/core/network/Outbox;Ljava/lang/Object;)Lorg/eclipse/californium/core/network/stack/CoapStack;" line="57"><counter type="INSTRUCTION" missed="17" covered="22"/><counter type="BRANCH" missed="2" covered="2"/><counter type="LINE" missed="2" covered="4"/><counter type="COMPLEXITY" missed="2" covered="1"/><counter type="METHOD" missed="0" covered="1"/></method><method name="useAsDefault" desc="(Lorg/eclipse/californium/oscore/OSCoreCtxDB;Ljava/util/HashMap;Ljava/util/HashMap;Ljava/util/HashMap;Ljava/util/Set;II)V" line="99"><counter type="INSTRUCTION" missed="0" covered="24"/><counter type="BRANCH" missed="0" covered="2"/><counter type="LINE" missed="0" covered="10"/><counter type="COMPLEXITY" missed="0" covered="2"/><counter type="METHOD" missed="0" covered="1"/></method><method name="&lt;clinit&gt;" desc="()V" line="43"><counter type="INSTRUCTION" missed="0" covered="5"/><counter type="LINE" missed="0" covered="1"/><counter type="COMPLEXITY" missed="0" covered="1"/><counter type="METHOD" missed="0" covered="1"/></method><counter type="INSTRUCTION" missed="17" covered="54"/><counter type="BRANCH" missed="2" covered="4"/><counter type="LINE" missed="2" covered="16"/><counter type="COMPLEXITY" missed="2" covered="5"/><counter type="METHOD" missed="0" covered="4"/><counter type="CLASS" missed="0" covered="1"/></class><class name="org/eclipse/californium/edhoc/EdhocEndpointInfo" sourcefilename="EdhocEndpointInfo.java"><method name="&lt;init&gt;" desc="(Ljava/util/HashMap;Ljava/util/HashMap;Ljava/util/HashMap;Ljava/util/HashMap;Ljava/util/HashMap;Ljava/util/HashMap;Ljava/util/Set;Ljava/util/List;Ljava/util/Set;Ljava/util/HashMap;ILorg/eclipse/californium/oscore/HashMapCtxDB;Ljava/lang/String;IILjava/util/HashMap;)V" line="27"><counter type="INSTRUCTION" missed="0" covered="66"/><counter type="LINE" missed="0" covered="21"/><counter type="COMPLEXITY" missed="0" covered="1"/><counter type="METHOD" missed="0" covered="1"/></method><method name="getEdhocSessions" desc="()Ljava/util/HashMap;" line="127"><counter type="INSTRUCTION" missed="0" covered="3"/><counter type="LINE" missed="0" covered="1"/><counter type="COMPLEXITY" missed="0" covered="1"/><counter type="METHOD" missed="0" covered="1"/></method><method name="getAppProfiles" desc="()Ljava/util/HashMap;" line="132"><counter type="INSTRUCTION" missed="0" covered="3"/><counter type="LINE" missed="0" covered="1"/><counter type="COMPLEXITY" missed="0" covered="1"/><counter type="METHOD" missed="0" covered="1"/></method><method name="getKeyPairs" desc="()Ljava/util/HashMap;" line="137"><counter type="INSTRUCTION" missed="0" covered="3"/><counter type="LINE" missed="0" covered="1"/><counter type="COMPLEXITY" missed="0" covered="1"/><counter type="METHOD" missed="0" covered="1"/></method><method name="getIdCreds" desc="()Ljava/util/HashMap;" line="142"><counter type="INSTRUCTION" missed="0" covered="3"/><counter type="LINE" missed="0" covered="1"/><counter type="COMPLEXITY" missed="0" covered="1"/><counter type="METHOD" missed="0" covered="1"/></method><method name="getCreds" desc="()Ljava/util/HashMap;" line="147"><counter type="INSTRUCTION" missed="0" covered="3"/><counter type="LINE" missed="0" covered="1"/><counter type="COMPLEXITY" missed="0" covered="1"/><counter type="METHOD" missed="0" covered="1"/></method><method name="getPeerPublicKeys" desc="()Ljava/util/HashMap;" line="152"><counter type="INSTRUCTION" missed="0" covered="3"/><counter type="LINE" missed="0" covered="1"/><counter type="COMPLEXITY" missed="0" covered="1"/><counter type="METHOD" missed="0" covered="1"/></method><method name="getPeerCredentials" desc="()Ljava/util/HashMap;" line="157"><counter type="INSTRUCTION" missed="0" covered="3"/><counter type="LINE" missed="0" covered="1"/><counter type="COMPLEXITY" missed="0" covered="1"/><counter type="METHOD" missed="0" covered="1"/></method><method name="getOscoreReplayWindow" desc="()I" line="162"><counter type="INSTRUCTION" missed="0" covered="3"/><counter type="LINE" missed="0" covered="1"/><counter type="COMPLEXITY" missed="0" covered="1"/><counter type="METHOD" missed="0" covered="1"/></method><method name="getOscoreMaxUnfragmentedSize" desc="()I" line="167"><counter type="INSTRUCTION" missed="0" covered="3"/><counter type="LINE" missed="0" covered="1"/><counter type="COMPLEXITY" missed="0" covered="1"/><counter type="METHOD" missed="0" covered="1"/></method><method name="getOscoreDb" desc="()Lorg/eclipse/californium/oscore/HashMapCtxDB;" line="172"><counter type="INSTRUCTION" missed="0" covered="3"/><counter type="LINE" missed="0" covered="1"/><counter type="COMPLEXITY" missed="0" covered="1"/><counter type="METHOD" missed="0" covered="1"/></method><method name="getUri" desc="()Ljava/lang/String;" line="177"><counter type="INSTRUCTION" missed="0" covered="3"/><counter type="LINE" missed="0" covered="1"/><counter type="COMPLEXITY" missed="0" covered="1"/><counter type="METHOD" missed="0" covered="1"/></method><method name="getSupportedCipherSuites" desc="()Ljava/util/List;" line="182"><counter type="INSTRUCTION" missed="0" covered="3"/><counter type="LINE" missed="0" covered="1"/><counter type="COMPLEXITY" missed="0" covered="1"/><counter type="METHOD" missed="0" covered="1"/></method><method name="getUsedConnectionIds" desc="()Ljava/util/Set;" line="187"><counter type="INSTRUCTION" missed="0" covered="3"/><counter type="LINE" missed="0" covered="1"/><counter type="COMPLEXITY" missed="0" covered="1"/><counter type="METHOD" missed="0" covered="1"/></method><method name="getSupportedEADs" desc="()Ljava/util/Set;" line="192"><counter type="INSTRUCTION" missed="0" covered="3"/><counter type="LINE" missed="0" covered="1"/><counter type="COMPLEXITY" missed="0" covered="1"/><counter type="METHOD" missed="0" covered="1"/></method><method name="getEadProductionInput" desc="()Ljava/util/HashMap;" line="197"><counter type="INSTRUCTION" missed="0" covered="3"/><counter type="LINE" missed="0" covered="1"/><counter type="COMPLEXITY" missed="0" covered="1"/><counter type="METHOD" missed="0" covered="1"/></method><method name="getTrustModel" desc="()I" line="202"><counter type="INSTRUCTION" missed="0" covered="3"/><counter type="LINE" missed="0" covered="1"/><counter type="COMPLEXITY" missed="0" covered="1"/><counter type="METHOD" missed="0" covered="1"/></method><counter type="INSTRUCTION" missed="0" covered="114"/><counter type="LINE" missed="0" covered="37"/><counter type="COMPLEXITY" missed="0" covered="17"/><counter type="METHOD" missed="0" covered="17"/><counter type="CLASS" missed="0" covered="1"/></class><class name="org/eclipse/californium/edhoc/MessageProcessor" sourcefilename="MessageProcessor.java"><method name="&lt;init&gt;" desc="()V" line="41"><counter type="INSTRUCTION" missed="3" covered="0"/><counter type="LINE" missed="1" covered="0"/><counter type="COMPLEXITY" missed="1" covered="0"/><counter type="METHOD" missed="1" covered="0"/></method><method name="messageType" desc="([BZLjava/util/HashMap;[B)I" line="63"><counter type="INSTRUCTION" missed="72" covered="128"/><counter type="BRANCH" missed="49" covered="35"/><counter type="LINE" missed="22" covered="40"/><counter type="COMPLEXITY" missed="33" covered="10"/><counter type="METHOD" missed="0" covered="1"/></method><method name="isErrorMessage" desc="([Lcom/upokecenter/cbor/CBORObject;Z)Z" line="196"><counter type="INSTRUCTION" missed="0" covered="33"/><counter type="BRANCH" missed="1" covered="9"/><counter type="LINE" missed="0" covered="8"/><counter type="COMPLEXITY" missed="1" covered="5"/><counter type="METHOD" missed="0" covered="1"/></method><method name="isErrorMessage" desc="([BZ)Z" line="224"><counter type="INSTRUCTION" missed="20" covered="0"/><counter type="BRANCH" missed="2" covered="0"/><counter type="LINE" missed="9" covered="0"/><counter type="COMPLEXITY" missed="2" covered="0"/><counter type="METHOD" missed="1" covered="0"/></method><method name="readMessage1" desc="([BZLjava/util/List;Ljava/util/Set;Lorg/eclipse/californium/edhoc/AppProfile;Lorg/eclipse/californium/edhoc/SideProcessor;)Ljava/util/List;" line="264"><counter type="INSTRUCTION" missed="350" covered="295"/><counter type="BRANCH" missed="52" covered="52"/><counter type="LINE" missed="92" covered="79"/><counter type="COMPLEXITY" missed="45" covered="8"/><counter type="METHOD" missed="0" covered="1"/></method><method name="readMessage2" desc="([BZ[BLjava/util/HashMap;Ljava/util/HashMap;Ljava/util/HashMap;Ljava/util/Set;Ljava/util/Set;)Ljava/util/List;" line="605"><counter type="INSTRUCTION" missed="621" covered="583"/><counter type="BRANCH" missed="104" covered="74"/><counter type="LINE" missed="134" covered="166"/><counter type="COMPLEXITY" missed="84" covered="6"/><counter type="METHOD" missed="0" covered="1"/></method><method name="readMessage3" desc="([BZ[BLjava/util/HashMap;Ljava/util/HashMap;Ljava/util/HashMap;Ljava/util/Set;)Ljava/util/List;" line="1160"><counter type="INSTRUCTION" missed="601" covered="488"/><counter type="BRANCH" missed="90" covered="64"/><counter type="LINE" missed="123" covered="140"/><counter type="COMPLEXITY" missed="73" covered="5"/><counter type="METHOD" missed="0" covered="1"/></method><method name="readMessage4" desc="([BZ[BLjava/util/HashMap;Ljava/util/Set;)Ljava/util/List;" line="1663"><counter type="INSTRUCTION" missed="338" covered="187"/><counter type="BRANCH" missed="58" covered="28"/><counter type="LINE" missed="82" covered="61"/><counter type="COMPLEXITY" missed="43" covered="1"/><counter type="METHOD" missed="0" covered="1"/></method><method name="readErrorMessage" desc="([B[BLjava/util/HashMap;)[Lcom/upokecenter/cbor/CBORObject;" line="1941"><counter type="INSTRUCTION" missed="6" covered="220"/><counter type="BRANCH" missed="5" covered="41"/><counter type="LINE" missed="3" covered="61"/><counter type="COMPLEXITY" missed="5" covered="19"/><counter type="METHOD" missed="0" covered="1"/></method><method name="writeMessage1" desc="(Lorg/eclipse/californium/edhoc/EdhocSession;)[B" line="2063"><counter type="INSTRUCTION" missed="57" covered="237"/><counter type="BRANCH" missed="15" covered="23"/><counter type="LINE" missed="11" covered="66"/><counter type="COMPLEXITY" missed="12" covered="8"/><counter type="METHOD" missed="0" covered="1"/></method><method name="writeMessage2" desc="(Lorg/eclipse/californium/edhoc/EdhocSession;)[B" line="2231"><counter type="INSTRUCTION" missed="235" covered="351"/><counter type="BRANCH" missed="40" covered="34"/><counter type="LINE" missed="52" covered="107"/><counter type="COMPLEXITY" missed="34" covered="4"/><counter type="METHOD" missed="0" covered="1"/></method><method name="writeMessage3" desc="(Lorg/eclipse/californium/edhoc/EdhocSession;)[B" line="2549"><counter type="INSTRUCTION" missed="213" covered="343"/><counter type="BRANCH" missed="36" covered="34"/><counter type="LINE" missed="49" covered="110"/><counter type="COMPLEXITY" missed="33" covered="3"/><counter type="METHOD" missed="0" covered="1"/></method><method name="writeMessage4" desc="(Lorg/eclipse/californium/edhoc/EdhocSession;)[B" line="2868"><counter type="INSTRUCTION" missed="196" covered="144"/><counter type="BRANCH" missed="28" covered="18"/><counter type="LINE" missed="42" covered="50"/><counter type="COMPLEXITY" missed="23" covered="1"/><counter type="METHOD" missed="0" covered="1"/></method><method name="writeErrorMessage" desc="(IIZ[BLjava/lang/String;Lcom/upokecenter/cbor/CBORObject;)[B" line="3072"><counter type="INSTRUCTION" missed="24" covered="80"/><counter type="BRANCH" missed="14" covered="22"/><counter type="LINE" missed="6" covered="19"/><counter type="COMPLEXITY" missed="11" covered="8"/><counter type="METHOD" missed="0" covered="1"/></method><method name="processError" desc="(IIZ[BLjava/lang/String;Lcom/upokecenter/cbor/CBORObject;Lorg/eclipse/californium/core/coap/CoAP$ResponseCode;)Ljava/util/List;" line="3140"><counter type="INSTRUCTION" missed="30" covered="0"/><counter type="BRANCH" missed="2" covered="0"/><counter type="LINE" missed="7" covered="0"/><counter type="COMPLEXITY" missed="2" covered="0"/><counter type="METHOD" missed="1" covered="0"/></method><method name="createSessionAsInitiator" desc="(ILjava/util/HashMap;Ljava/util/HashMap;Ljava/util/HashMap;Ljava/util/List;Ljava/util/List;Ljava/util/Set;Ljava/util/HashMap;Ljava/util/Set;Lorg/eclipse/californium/edhoc/AppProfile;ILorg/eclipse/californium/oscore/HashMapCtxDB;)Lorg/eclipse/californium/edhoc/EdhocSession;" line="3185"><counter type="INSTRUCTION" missed="1" covered="33"/><counter type="BRANCH" missed="1" covered="1"/><counter type="LINE" missed="0" covered="5"/><counter type="COMPLEXITY" missed="1" covered="1"/><counter type="METHOD" missed="0" covered="1"/></method><method name="createSessionAsResponder" desc="([BZLjava/util/HashMap;Ljava/util/HashMap;Ljava/util/HashMap;Ljava/util/List;Ljava/util/Set;Ljava/util/Set;Lorg/eclipse/californium/edhoc/AppProfile;ILorg/eclipse/californium/oscore/HashMapCtxDB;)Lorg/eclipse/californium/edhoc/EdhocSession;" line="3223"><counter type="INSTRUCTION" missed="30" covered="129"/><counter type="BRANCH" missed="11" covered="7"/><counter type="LINE" missed="4" covered="33"/><counter type="COMPLEXITY" missed="9" covered="1"/><counter type="METHOD" missed="0" covered="1"/></method><method name="computeKey" desc="(ILorg/eclipse/californium/edhoc/EdhocSession;)[B" line="3314"><counter type="INSTRUCTION" missed="37" covered="59"/><counter type="BRANCH" missed="2" covered="3"/><counter type="LINE" missed="6" covered="19"/><counter type="COMPLEXITY" missed="2" covered="2"/><counter type="METHOD" missed="0" covered="1"/></method><method name="computeIV" desc="(ILorg/eclipse/californium/edhoc/EdhocSession;)[B" line="3364"><counter type="INSTRUCTION" missed="40" covered="59"/><counter type="BRANCH" missed="2" covered="3"/><counter type="LINE" missed="8" covered="19"/><counter type="COMPLEXITY" missed="2" covered="2"/><counter type="METHOD" missed="0" covered="1"/></method><method name="computeKeystream2" desc="(Lorg/eclipse/californium/edhoc/EdhocSession;I)[B" line="3411"><counter type="INSTRUCTION" missed="127" covered="37"/><counter type="BRANCH" missed="12" covered="2"/><counter type="LINE" missed="27" covered="10"/><counter type="COMPLEXITY" missed="7" covered="1"/><counter type="METHOD" missed="0" covered="1"/></method><method name="computePRK2e" desc="([B[BLjava/lang/String;)[B" line="3478"><counter type="INSTRUCTION" missed="36" covered="13"/><counter type="BRANCH" missed="5" covered="1"/><counter type="LINE" missed="6" covered="5"/><counter type="COMPLEXITY" missed="3" covered="1"/><counter type="METHOD" missed="0" covered="1"/></method><method name="computePRK3e2m" desc="(Lorg/eclipse/californium/edhoc/EdhocSession;[B)[B" line="3503"><counter type="INSTRUCTION" missed="60" covered="97"/><counter type="BRANCH" missed="13" covered="13"/><counter type="LINE" missed="14" covered="28"/><counter type="COMPLEXITY" missed="11" covered="3"/><counter type="METHOD" missed="0" covered="1"/></method><method name="computePRK4e3m" desc="(Lorg/eclipse/californium/edhoc/EdhocSession;)[B" line="3636"><counter type="INSTRUCTION" missed="50" covered="89"/><counter type="BRANCH" missed="11" covered="11"/><counter type="LINE" missed="10" covered="26"/><counter type="COMPLEXITY" missed="9" covered="3"/><counter type="METHOD" missed="0" covered="1"/></method><method name="computePRKout" desc="(Lorg/eclipse/californium/edhoc/EdhocSession;[B)[B" line="3757"><counter type="INSTRUCTION" missed="28" covered="22"/><counter type="LINE" missed="6" covered="7"/><counter type="COMPLEXITY" missed="0" covered="1"/><counter type="METHOD" missed="0" covered="1"/></method><method name="computePRKexporter" desc="(Lorg/eclipse/californium/edhoc/EdhocSession;[B)[B" line="3784"><counter type="INSTRUCTION" missed="28" covered="22"/><counter type="LINE" missed="6" covered="7"/><counter type="COMPLEXITY" missed="0" covered="1"/><counter type="METHOD" missed="0" covered="1"/></method><method name="computeSALT3e2m" desc="(Lorg/eclipse/californium/edhoc/EdhocSession;[B)[B" line="3811"><counter type="INSTRUCTION" missed="28" covered="22"/><counter type="LINE" missed="6" covered="7"/><counter type="COMPLEXITY" missed="0" covered="1"/><counter type="METHOD" missed="0" covered="1"/></method><method name="computeSALT4e3m" desc="(Lorg/eclipse/californium/edhoc/EdhocSession;[B)[B" line="3838"><counter type="INSTRUCTION" missed="28" covered="22"/><counter type="LINE" missed="6" covered="7"/><counter type="COMPLEXITY" missed="0" covered="1"/><counter type="METHOD" missed="0" covered="1"/></method><method name="computeExternalData" desc="([B[B[Lcom/upokecenter/cbor/CBORObject;)[B" line="3866"><counter type="INSTRUCTION" missed="33" covered="29"/><counter type="BRANCH" missed="7" covered="3"/><counter type="LINE" missed="7" covered="8"/><counter type="COMPLEXITY" missed="5" covered="1"/><counter type="METHOD" missed="0" covered="1"/></method><method name="computeMAC2" desc="(Lorg/eclipse/californium/edhoc/EdhocSession;[B[BLcom/upokecenter/cbor/CBORObject;Lcom/upokecenter/cbor/CBORObject;[B[Lcom/upokecenter/cbor/CBORObject;)[B" line="3913"><counter type="INSTRUCTION" missed="42" covered="70"/><counter type="BRANCH" missed="7" covered="7"/><counter type="LINE" missed="6" covered="20"/><counter type="COMPLEXITY" missed="5" covered="3"/><counter type="METHOD" missed="0" covered="1"/></method><method name="computeMAC3" desc="(Lorg/eclipse/californium/edhoc/EdhocSession;[B[BLcom/upokecenter/cbor/CBORObject;[B[Lcom/upokecenter/cbor/CBORObject;)[B" line="3967"><counter type="INSTRUCTION" missed="42" covered="66"/><counter type="BRANCH" missed="7" covered="7"/><counter type="LINE" missed="6" covered="19"/><counter type="COMPLEXITY" missed="5" covered="3"/><counter type="METHOD" missed="0" covered="1"/></method><method name="computeCiphertext3" desc="(Lorg/eclipse/californium/edhoc/EdhocSession;[B[B[B[B)[B" line="4020"><counter type="INSTRUCTION" missed="14" covered="21"/><counter type="LINE" missed="3" covered="7"/><counter type="COMPLEXITY" missed="0" covered="1"/><counter type="METHOD" missed="0" covered="1"/></method><method name="computeCiphertext4" desc="(Lorg/eclipse/californium/edhoc/EdhocSession;[B[B[B[B)[B" line="4053"><counter type="INSTRUCTION" missed="14" covered="21"/><counter type="LINE" missed="3" covered="7"/><counter type="COMPLEXITY" missed="0" covered="1"/><counter type="METHOD" missed="0" covered="1"/></method><method name="decryptCiphertext3" desc="(Lorg/eclipse/californium/edhoc/EdhocSession;[B[B[B[B)[B" line="4085"><counter type="INSTRUCTION" missed="14" covered="21"/><counter type="LINE" missed="3" covered="7"/><counter type="COMPLEXITY" missed="0" covered="1"/><counter type="METHOD" missed="0" covered="1"/></method><method name="decryptCiphertext4" desc="(Lorg/eclipse/californium/edhoc/EdhocSession;[B[B[B[B)[B" line="4117"><counter type="INSTRUCTION" missed="14" covered="21"/><counter type="LINE" missed="3" covered="7"/><counter type="COMPLEXITY" missed="0" covered="1"/><counter type="METHOD" missed="0" covered="1"/></method><method name="computeSignatureOrMac2" desc="(Lorg/eclipse/californium/edhoc/EdhocSession;[B[B)[B" line="4146"><counter type="INSTRUCTION" missed="22" covered="48"/><counter type="BRANCH" missed="5" covered="5"/><counter type="LINE" missed="5" covered="13"/><counter type="COMPLEXITY" missed="4" covered="2"/><counter type="METHOD" missed="0" covered="1"/></method><method name="computeSignatureOrMac3" desc="(Lorg/eclipse/californium/edhoc/EdhocSession;[B[B)[B" line="4192"><counter type="INSTRUCTION" missed="22" covered="48"/><counter type="BRANCH" missed="5" covered="5"/><counter type="LINE" missed="5" covered="13"/><counter type="COMPLEXITY" missed="4" covered="2"/><counter type="METHOD" missed="0" covered="1"/></method><method name="verifySignatureOrMac2" desc="(Lorg/eclipse/californium/edhoc/EdhocSession;[B[B[B)Z" line="4239"><counter type="INSTRUCTION" missed="24" covered="33"/><counter type="BRANCH" missed="5" covered="5"/><counter type="LINE" missed="6" covered="8"/><counter type="COMPLEXITY" missed="4" covered="2"/><counter type="METHOD" missed="0" covered="1"/></method><method name="verifySignatureOrMac3" desc="(Lorg/eclipse/californium/edhoc/EdhocSession;[B[B[B)Z" line="4282"><counter type="INSTRUCTION" missed="24" covered="33"/><counter type="BRANCH" missed="5" covered="5"/><counter type="LINE" missed="6" covered="8"/><counter type="COMPLEXITY" missed="4" covered="2"/><counter type="METHOD" missed="0" covered="1"/></method><method name="computeTH2" desc="(Lorg/eclipse/californium/edhoc/EdhocSession;[B[B)[B" line="4323"><counter type="INSTRUCTION" missed="14" covered="40"/><counter type="LINE" missed="3" covered="10"/><counter type="COMPLEXITY" missed="0" covered="1"/><counter type="METHOD" missed="0" covered="1"/></method><method name="computeTH3" desc="(Lorg/eclipse/californium/edhoc/EdhocSession;[B[B[B)[B" line="4354"><counter type="INSTRUCTION" missed="14" covered="63"/><counter type="LINE" missed="3" covered="15"/><counter type="COMPLEXITY" missed="0" covered="1"/><counter type="METHOD" missed="0" covered="1"/></method><method name="computeTH4" desc="(Lorg/eclipse/californium/edhoc/EdhocSession;[B[B[B)[B" line="4392"><counter type="INSTRUCTION" missed="14" covered="63"/><counter type="LINE" missed="3" covered="15"/><counter type="COMPLEXITY" missed="0" covered="1"/><counter type="METHOD" missed="0" covered="1"/></method><method name="encodeIdentifier" desc="([B)Lcom/upokecenter/cbor/CBORObject;" line="4427"><counter type="INSTRUCTION" missed="0" covered="40"/><counter type="BRANCH" missed="4" covered="12"/><counter type="LINE" missed="0" covered="9"/><counter type="COMPLEXITY" missed="4" covered="5"/><counter type="METHOD" missed="0" covered="1"/></method><method name="decodeIdentifier" desc="(Lcom/upokecenter/cbor/CBORObject;)[B" line="4461"><counter type="INSTRUCTION" missed="7" covered="42"/><counter type="BRANCH" missed="9" covered="11"/><counter type="LINE" missed="2" covered="11"/><counter type="COMPLEXITY" missed="8" covered="3"/><counter type="METHOD" missed="0" covered="1"/></method><method name="preParseEAD" desc="([Lcom/upokecenter/cbor/CBORObject;IILjava/util/Set;)[Lcom/upokecenter/cbor/CBORObject;" line="4503"><counter type="INSTRUCTION" missed="40" covered="226"/><counter type="BRANCH" missed="9" covered="25"/><counter type="LINE" missed="8" covered="44"/><counter type="COMPLEXITY" missed="9" covered="9"/><counter type="METHOD" missed="0" covered="1"/></method><counter type="INSTRUCTION" missed="3613" covered="4578"/><counter type="BRANCH" missed="616" covered="560"/><counter type="LINE" missed="804" covered="1301"/><counter type="COMPLEXITY" missed="498" covered="135"/><counter type="METHOD" missed="3" covered="41"/><counter type="CLASS" missed="0" covered="1"/></class><class name="org/eclipse/californium/edhoc/AppProfile" sourcefilename="AppProfile.java"><method name="&lt;init&gt;" desc="(Ljava/util/Set;ZZZ)V" line="27"><counter type="INSTRUCTION" missed="0" covered="20"/><counter type="LINE" missed="0" covered="7"/><counter type="COMPLEXITY" missed="0" covered="1"/><counter type="METHOD" missed="0" covered="1"/></method><method name="isAuthMethodSupported" desc="(I)Z" line="50"><counter type="INSTRUCTION" missed="0" covered="6"/><counter type="LINE" missed="0" covered="1"/><counter type="COMPLEXITY" missed="0" covered="1"/><counter type="METHOD" missed="0" covered="1"/></method><method name="getUseMessage4" desc="()Z" line="56"><counter type="INSTRUCTION" missed="0" covered="3"/><counter type="LINE" missed="0" covered="1"/><counter type="COMPLEXITY" missed="0" covered="1"/><counter type="METHOD" missed="0" covered="1"/></method><method name="getUsedForOSCORE" desc="()Z" line="62"><counter type="INSTRUCTION" missed="0" covered="3"/><counter type="LINE" missed="0" covered="1"/><counter type="COMPLEXITY" missed="0" covered="1"/><counter type="METHOD" missed="0" covered="1"/></method><method name="getSupportCombinedRequest" desc="()Z" line="68"><counter type="INSTRUCTION" missed="0" covered="3"/><counter type="LINE" missed="0" covered="1"/><counter type="COMPLEXITY" missed="0" covered="1"/><counter type="METHOD" missed="0" covered="1"/></method><counter type="INSTRUCTION" missed="0" covered="35"/><counter type="LINE" missed="0" covered="11"/><counter type="COMPLEXITY" missed="0" covered="5"/><counter type="METHOD" missed="0" covered="5"/><counter type="CLASS" missed="0" covered="1"/></class><class name="org/eclipse/californium/edhoc/EdhocSession" sourcefilename="EdhocSession.java"><method name="&lt;init&gt;" desc="(ZZI[BLjava/util/HashMap;Ljava/util/HashMap;Ljava/util/HashMap;Ljava/util/List;Ljava/util/List;Ljava/util/Set;Lorg/eclipse/californium/edhoc/AppProfile;ILorg/eclipse/californium/oscore/HashMapCtxDB;)V" line="44"><counter type="INSTRUCTION" missed="0" covered="130"/><counter type="BRANCH" missed="0" covered="2"/><counter type="LINE" missed="0" covered="41"/><counter type="COMPLEXITY" missed="0" covered="2"/><counter type="METHOD" missed="0" covered="1"/></method><method name="deleteTemporaryMaterial" desc="()V" line="153"><counter type="INSTRUCTION" missed="0" covered="29"/><counter type="BRANCH" missed="1" covered="1"/><counter type="LINE" missed="0" covered="10"/><counter type="COMPLEXITY" missed="1" covered="1"/><counter type="METHOD" missed="0" covered="1"/></method><method name="isInitiator" desc="()Z" line="171"><counter type="INSTRUCTION" missed="0" covered="3"/><counter type="LINE" missed="0" covered="1"/><counter type="COMPLEXITY" missed="0" covered="1"/><counter type="METHOD" missed="0" covered="1"/></method><method name="getMethod" desc="()I" line="178"><counter type="INSTRUCTION" missed="0" covered="3"/><counter type="LINE" missed="0" covered="1"/><counter type="COMPLEXITY" missed="0" covered="1"/><counter type="METHOD" missed="0" covered="1"/></method><method name="isClientInitiated" desc="()Z" line="185"><counter type="INSTRUCTION" missed="0" covered="3"/><counter type="LINE" missed="0" covered="1"/><counter type="COMPLEXITY" missed="0" covered="1"/><counter type="METHOD" missed="0" covered="1"/></method><method name="getConnectionId" desc="()[B" line="192"><counter type="INSTRUCTION" missed="0" covered="3"/><counter type="LINE" missed="0" covered="1"/><counter type="COMPLEXITY" missed="0" covered="1"/><counter type="METHOD" missed="0" covered="1"/></method><method name="getKeyPair" desc="()Lorg/eclipse/californium/cose/OneKey;" line="200"><counter type="INSTRUCTION" missed="0" covered="3"/><counter type="LINE" missed="0" covered="1"/><counter type="COMPLEXITY" missed="0" covered="1"/><counter type="METHOD" missed="0" covered="1"/></method><method name="getIdCred" desc="()Lcom/upokecenter/cbor/CBORObject;" line="209"><counter type="INSTRUCTION" missed="0" covered="3"/><counter type="LINE" missed="0" covered="1"/><counter type="COMPLEXITY" missed="0" covered="1"/><counter type="METHOD" missed="0" covered="1"/></method><method name="getCred" desc="()[B" line="218"><counter type="INSTRUCTION" missed="0" covered="3"/><counter type="LINE" missed="0" covered="1"/><counter type="COMPLEXITY" missed="0" covered="1"/><counter type="METHOD" missed="0" covered="1"/></method><method name="setAuthenticationCredential" desc="()V" line="226"><counter type="INSTRUCTION" missed="30" covered="95"/><counter type="BRANCH" missed="16" covered="16"/><counter type="LINE" missed="5" covered="23"/><counter type="COMPLEXITY" missed="12" covered="5"/><counter type="METHOD" missed="0" covered="1"/></method><method name="setEphemeralKey" desc="(Lorg/eclipse/californium/cose/OneKey;)V" line="276"><counter type="INSTRUCTION" missed="0" covered="4"/><counter type="LINE" missed="0" covered="2"/><counter type="COMPLEXITY" missed="0" covered="1"/><counter type="METHOD" missed="0" covered="1"/></method><method name="setEphemeralKey" desc="()V" line="285"><counter type="INSTRUCTION" missed="16" covered="14"/><counter type="BRANCH" missed="7" covered="1"/><counter type="LINE" missed="2" covered="5"/><counter type="COMPLEXITY" missed="4" covered="1"/><counter type="METHOD" missed="0" covered="1"/></method><method name="getEphemeralKey" desc="()Lorg/eclipse/californium/cose/OneKey;" line="301"><counter type="INSTRUCTION" missed="0" covered="3"/><counter type="LINE" missed="0" covered="1"/><counter type="COMPLEXITY" missed="0" covered="1"/><counter type="METHOD" missed="0" covered="1"/></method><method name="setSupportedCipherSuites" desc="(Ljava/util/List;)V" line="310"><counter type="INSTRUCTION" missed="4" covered="0"/><counter type="LINE" missed="2" covered="0"/><counter type="COMPLEXITY" missed="1" covered="0"/><counter type="METHOD" missed="1" covered="0"/></method><method name="getSupportedCipherSuites" desc="()Ljava/util/List;" line="319"><counter type="INSTRUCTION" missed="0" covered="3"/><counter type="LINE" missed="0" covered="1"/><counter type="COMPLEXITY" missed="0" covered="1"/><counter type="METHOD" missed="0" covered="1"/></method><method name="getSupportedEADs" desc="()Ljava/util/Set;" line="328"><counter type="INSTRUCTION" missed="3" covered="0"/><counter type="LINE" missed="1" covered="0"/><counter type="COMPLEXITY" missed="1" covered="0"/><counter type="METHOD" missed="1" covered="0"/></method><method name="getApplicationProfile" desc="()Lorg/eclipse/californium/edhoc/AppProfile;" line="337"><counter type="INSTRUCTION" missed="0" covered="3"/><counter type="LINE" missed="0" covered="1"/><counter type="COMPLEXITY" missed="0" covered="1"/><counter type="METHOD" missed="0" covered="1"/></method><method name="getTrustModel" desc="()I" line="346"><counter type="INSTRUCTION" missed="3" covered="0"/><counter type="LINE" missed="1" covered="0"/><counter type="COMPLEXITY" missed="1" covered="0"/><counter type="METHOD" missed="1" covered="0"/></method><method name="getSideProcessor" desc="()Lorg/eclipse/californium/edhoc/SideProcessor;" line="355"><counter type="INSTRUCTION" missed="0" covered="3"/><counter type="LINE" missed="0" covered="1"/><counter type="COMPLEXITY" missed="0" covered="1"/><counter type="METHOD" missed="0" covered="1"/></method><method name="setSideProcessor" desc="(Lorg/eclipse/californium/edhoc/SideProcessor;)V" line="365"><counter type="INSTRUCTION" missed="0" covered="4"/><counter type="LINE" missed="0" covered="2"/><counter type="COMPLEXITY" missed="0" covered="1"/><counter type="METHOD" missed="0" covered="1"/></method><method name="getOscoreDb" desc="()Lorg/eclipse/californium/oscore/HashMapCtxDB;" line="373"><counter type="INSTRUCTION" missed="3" covered="0"/><counter type="LINE" missed="1" covered="0"/><counter type="COMPLEXITY" missed="1" covered="0"/><counter type="METHOD" missed="1" covered="0"/></method><method name="getCurrentStep" desc="()I" line="380"><counter type="INSTRUCTION" missed="0" covered="3"/><counter type="LINE" missed="0" covered="1"/><counter type="COMPLEXITY" missed="0" covered="1"/><counter type="METHOD" missed="0" covered="1"/></method><method name="setCurrentStep" desc="(I)V" line="388"><counter type="INSTRUCTION" missed="0" covered="4"/><counter type="LINE" missed="0" covered="2"/><counter type="COMPLEXITY" missed="0" covered="1"/><counter type="METHOD" missed="0" covered="1"/></method><method name="getSelectedCipherSuite" desc="()I" line="395"><counter type="INSTRUCTION" missed="0" covered="3"/><counter type="LINE" missed="0" covered="1"/><counter type="COMPLEXITY" missed="0" covered="1"/><counter type="METHOD" missed="0" covered="1"/></method><method name="setSelectedCipherSuite" desc="(I)V" line="403"><counter type="INSTRUCTION" missed="0" covered="4"/><counter type="LINE" missed="0" covered="2"/><counter type="COMPLEXITY" missed="0" covered="1"/><counter type="METHOD" missed="0" covered="1"/></method><method name="getPeerConnectionId" desc="()[B" line="410"><counter type="INSTRUCTION" missed="0" covered="3"/><counter type="LINE" missed="0" covered="1"/><counter type="COMPLEXITY" missed="0" covered="1"/><counter type="METHOD" missed="0" covered="1"/></method><method name="setPeerConnectionId" desc="([B)V" line="418"><counter type="INSTRUCTION" missed="0" covered="4"/><counter type="LINE" missed="0" covered="2"/><counter type="COMPLEXITY" missed="0" covered="1"/><counter type="METHOD" missed="0" covered="1"/></method><method name="getPeerSupportedCipherSuites" desc="()Ljava/util/List;" line="425"><counter type="INSTRUCTION" missed="0" covered="3"/><counter type="LINE" missed="0" covered="1"/><counter type="COMPLEXITY" missed="0" covered="1"/><counter type="METHOD" missed="0" covered="1"/></method><method name="getPeerCred" desc="()[B" line="432"><counter type="INSTRUCTION" missed="0" covered="3"/><counter type="LINE" missed="0" covered="1"/><counter type="COMPLEXITY" missed="0" covered="1"/><counter type="METHOD" missed="0" covered="1"/></method><method name="setPeerCred" desc="([B)V" line="440"><counter type="INSTRUCTION" missed="0" covered="4"/><counter type="LINE" missed="0" covered="2"/><counter type="COMPLEXITY" missed="0" covered="1"/><counter type="METHOD" missed="0" covered="1"/></method><method name="getPeerLongTermPublicKey" desc="()Lorg/eclipse/californium/cose/OneKey;" line="447"><counter type="INSTRUCTION" missed="0" covered="3"/><counter type="LINE" missed="0" covered="1"/><counter type="COMPLEXITY" missed="0" covered="1"/><counter type="METHOD" missed="0" covered="1"/></method><method name="setPeerLongTermPublicKey" desc="(Lorg/eclipse/californium/cose/OneKey;)V" line="455"><counter type="INSTRUCTION" missed="0" covered="4"/><counter type="LINE" missed="0" covered="2"/><counter type="COMPLEXITY" missed="0" covered="1"/><counter type="METHOD" missed="0" covered="1"/></method><method name="getPeerIdCred" desc="()Lcom/upokecenter/cbor/CBORObject;" line="462"><counter type="INSTRUCTION" missed="0" covered="3"/><counter type="LINE" missed="0" covered="1"/><counter type="COMPLEXITY" missed="0" covered="1"/><counter type="METHOD" missed="0" covered="1"/></method><method name="setPeerIdCred" desc="(Lcom/upokecenter/cbor/CBORObject;)V" line="469"><counter type="INSTRUCTION" missed="0" covered="4"/><counter type="LINE" missed="0" covered="2"/><counter type="COMPLEXITY" missed="0" covered="1"/><counter type="METHOD" missed="0" covered="1"/></method><method name="getPeerEphemeralPublicKey" desc="()Lorg/eclipse/californium/cose/OneKey;" line="476"><counter type="INSTRUCTION" missed="0" covered="3"/><counter type="LINE" missed="0" covered="1"/><counter type="COMPLEXITY" missed="0" covered="1"/><counter type="METHOD" missed="0" covered="1"/></method><method name="setPeerEphemeralPublicKey" desc="(Lorg/eclipse/californium/cose/OneKey;)V" line="484"><counter type="INSTRUCTION" missed="0" covered="4"/><counter type="LINE" missed="0" covered="2"/><counter type="COMPLEXITY" missed="0" covered="1"/><counter type="METHOD" missed="0" covered="1"/></method><method name="getPRK2e" desc="()[B" line="491"><counter type="INSTRUCTION" missed="0" covered="3"/><counter type="LINE" missed="0" covered="1"/><counter type="COMPLEXITY" missed="0" covered="1"/><counter type="METHOD" missed="0" covered="1"/></method><method name="setPRK2e" desc="([B)V" line="498"><counter type="INSTRUCTION" missed="0" covered="14"/><counter type="LINE" missed="0" covered="3"/><counter type="COMPLEXITY" missed="0" covered="1"/><counter type="METHOD" missed="0" covered="1"/></method><method name="getPRK3e2m" desc="()[B" line="506"><counter type="INSTRUCTION" missed="0" covered="3"/><counter type="LINE" missed="0" covered="1"/><counter type="COMPLEXITY" missed="0" covered="1"/><counter type="METHOD" missed="0" covered="1"/></method><method name="setPRK3e2m" desc="([B)V" line="513"><counter type="INSTRUCTION" missed="0" covered="14"/><counter type="LINE" missed="0" covered="3"/><counter type="COMPLEXITY" missed="0" covered="1"/><counter type="METHOD" missed="0" covered="1"/></method><method name="getPRK4e3m" desc="()[B" line="521"><counter type="INSTRUCTION" missed="0" covered="3"/><counter type="LINE" missed="0" covered="1"/><counter type="COMPLEXITY" missed="0" covered="1"/><counter type="METHOD" missed="0" covered="1"/></method><method name="setPRK4e3m" desc="([B)V" line="528"><counter type="INSTRUCTION" missed="0" covered="20"/><counter type="BRANCH" missed="0" covered="2"/><counter type="LINE" missed="0" covered="5"/><counter type="COMPLEXITY" missed="0" covered="2"/><counter type="METHOD" missed="0" covered="1"/></method><method name="getTH2" desc="()[B" line="540"><counter type="INSTRUCTION" missed="0" covered="3"/><counter type="LINE" missed="0" covered="1"/><counter type="COMPLEXITY" missed="0" covered="1"/><counter type="METHOD" missed="0" covered="1"/></method><method name="setTH2" desc="([B)V" line="548"><counter type="INSTRUCTION" missed="0" covered="4"/><counter type="LINE" missed="0" covered="2"/><counter type="COMPLEXITY" missed="0" covered="1"/><counter type="METHOD" missed="0" covered="1"/></method><method name="getTH3" desc="()[B" line="555"><counter type="INSTRUCTION" missed="0" covered="3"/><counter type="LINE" missed="0" covered="1"/><counter type="COMPLEXITY" missed="0" covered="1"/><counter type="METHOD" missed="0" covered="1"/></method><method name="setTH3" desc="([B)V" line="563"><counter type="INSTRUCTION" missed="0" covered="4"/><counter type="LINE" missed="0" covered="2"/><counter type="COMPLEXITY" missed="0" covered="1"/><counter type="METHOD" missed="0" covered="1"/></method><method name="getTH4" desc="()[B" line="570"><counter type="INSTRUCTION" missed="0" covered="3"/><counter type="LINE" missed="0" covered="1"/><counter type="COMPLEXITY" missed="0" covered="1"/><counter type="METHOD" missed="0" covered="1"/></method><method name="setTH4" desc="([B)V" line="578"><counter type="INSTRUCTION" missed="0" covered="4"/><counter type="LINE" missed="0" covered="2"/><counter type="COMPLEXITY" missed="0" covered="1"/><counter type="METHOD" missed="0" covered="1"/></method><method name="getPRKout" desc="()[B" line="585"><counter type="INSTRUCTION" missed="3" covered="0"/><counter type="LINE" missed="1" covered="0"/><counter type="COMPLEXITY" missed="1" covered="0"/><counter type="METHOD" missed="1" covered="0"/></method><method name="setPRKout" desc="([B)V" line="592"><counter type="INSTRUCTION" missed="0" covered="14"/><counter type="LINE" missed="0" covered="3"/><counter type="COMPLEXITY" missed="0" covered="1"/><counter type="METHOD" missed="0" covered="1"/></method><method name="getPRKexporter" desc="()[B" line="600"><counter type="INSTRUCTION" missed="3" covered="0"/><counter type="LINE" missed="1" covered="0"/><counter type="COMPLEXITY" missed="1" covered="0"/><counter type="METHOD" missed="1" covered="0"/></method><method name="setPRKexporter" desc="([B)V" line="607"><counter type="INSTRUCTION" missed="0" covered="14"/><counter type="LINE" missed="0" covered="3"/><counter type="COMPLEXITY" missed="0" covered="1"/><counter type="METHOD" missed="0" covered="1"/></method><method name="getHashMessage1" desc="()[B" line="615"><counter type="INSTRUCTION" missed="0" covered="3"/><counter type="LINE" missed="0" covered="1"/><counter type="COMPLEXITY" missed="0" covered="1"/><counter type="METHOD" missed="0" covered="1"/></method><method name="setHashMessage1" desc="([B)Z" line="624"><counter type="INSTRUCTION" missed="19" covered="32"/><counter type="BRANCH" missed="1" covered="1"/><counter type="LINE" missed="5" covered="10"/><counter type="COMPLEXITY" missed="1" covered="1"/><counter type="METHOD" missed="0" covered="1"/></method><method name="cleanMessage1" desc="()V" line="651"><counter type="INSTRUCTION" missed="0" covered="4"/><counter type="LINE" missed="0" covered="2"/><counter type="COMPLEXITY" missed="0" covered="1"/><counter type="METHOD" missed="0" covered="1"/></method><method name="getMessage3" desc="()[B" line="658"><counter type="INSTRUCTION" missed="0" covered="3"/><counter type="LINE" missed="0" covered="1"/><counter type="COMPLEXITY" missed="0" covered="1"/><counter type="METHOD" missed="0" covered="1"/></method><method name="setMessage3" desc="([B)V" line="665"><counter type="INSTRUCTION" missed="0" covered="14"/><counter type="LINE" missed="0" covered="3"/><counter type="COMPLEXITY" missed="0" covered="1"/><counter type="METHOD" missed="0" covered="1"/></method><method name="cleanMessage3" desc="()V" line="673"><counter type="INSTRUCTION" missed="0" covered="4"/><counter type="LINE" missed="0" covered="2"/><counter type="COMPLEXITY" missed="0" covered="1"/><counter type="METHOD" missed="0" covered="1"/></method><method name="getPlaintext2" desc="()[B" line="680"><counter type="INSTRUCTION" missed="0" covered="3"/><counter type="LINE" missed="0" covered="1"/><counter type="COMPLEXITY" missed="0" covered="1"/><counter type="METHOD" missed="0" covered="1"/></method><method name="setPlaintext2" desc="([B)V" line="687"><counter type="INSTRUCTION" missed="0" covered="14"/><counter type="LINE" missed="0" covered="3"/><counter type="COMPLEXITY" missed="0" covered="1"/><counter type="METHOD" missed="0" covered="1"/></method><method name="edhocExporter" desc="(ILcom/upokecenter/cbor/CBORObject;I)[B" line="700"><counter type="INSTRUCTION" missed="4" covered="24"/><counter type="BRANCH" missed="4" covered="6"/><counter type="LINE" missed="2" covered="3"/><counter type="COMPLEXITY" missed="4" covered="2"/><counter type="METHOD" missed="0" covered="1"/></method><method name="edhocKeyUpdate" desc="(Lcom/upokecenter/cbor/CBORObject;)Z" line="718"><counter type="INSTRUCTION" missed="37" covered="43"/><counter type="BRANCH" missed="4" covered="4"/><counter type="LINE" missed="10" covered="10"/><counter type="COMPLEXITY" missed="4" covered="1"/><counter type="METHOD" missed="0" covered="1"/></method><method name="edhocKDF" desc="([BILcom/upokecenter/cbor/CBORObject;I)[B" line="761"><counter type="INSTRUCTION" missed="12" covered="46"/><counter type="BRANCH" missed="8" covered="4"/><counter type="LINE" missed="2" covered="12"/><counter type="COMPLEXITY" missed="6" covered="1"/><counter type="METHOD" missed="0" covered="1"/></method><method name="getMasterSecretOSCORE" desc="(Lorg/eclipse/californium/edhoc/EdhocSession;)[B" line="792"><counter type="INSTRUCTION" missed="25" covered="21"/><counter type="LINE" missed="4" covered="7"/><counter type="COMPLEXITY" missed="0" covered="1"/><counter type="METHOD" missed="0" covered="1"/></method><method name="getMasterSaltOSCORE" desc="(Lorg/eclipse/californium/edhoc/EdhocSession;)[B" line="817"><counter type="INSTRUCTION" missed="25" covered="15"/><counter type="LINE" missed="4" covered="5"/><counter type="COMPLEXITY" missed="0" covered="1"/><counter type="METHOD" missed="0" covered="1"/></method><method name="getEdhocAEADAlg" desc="(I)Lorg/eclipse/californium/cose/AlgorithmID;" line="839"><counter type="INSTRUCTION" missed="2" covered="9"/><counter type="BRANCH" missed="2" covered="1"/><counter type="LINE" missed="1" covered="5"/><counter type="COMPLEXITY" missed="2" covered="1"/><counter type="METHOD" missed="0" covered="1"/></method><method name="getKeyLengthEdhocAEAD" desc="(I)I" line="863"><counter type="INSTRUCTION" missed="0" covered="8"/><counter type="BRANCH" missed="1" covered="1"/><counter type="LINE" missed="0" covered="4"/><counter type="COMPLEXITY" missed="1" covered="1"/><counter type="METHOD" missed="0" covered="1"/></method><method name="getIvLengthEdhocAEAD" desc="(I)I" line="884"><counter type="INSTRUCTION" missed="0" covered="8"/><counter type="BRANCH" missed="1" covered="1"/><counter type="LINE" missed="0" covered="4"/><counter type="COMPLEXITY" missed="1" covered="1"/><counter type="METHOD" missed="0" covered="1"/></method><method name="getTagLengthEdhocAEAD" desc="(I)I" line="905"><counter type="INSTRUCTION" missed="2" covered="9"/><counter type="BRANCH" missed="2" covered="1"/><counter type="LINE" missed="1" covered="5"/><counter type="COMPLEXITY" missed="2" covered="1"/><counter type="METHOD" missed="0" covered="1"/></method><method name="getEdhocHashAlg" desc="(I)Ljava/lang/String;" line="928"><counter type="INSTRUCTION" missed="0" covered="8"/><counter type="BRANCH" missed="1" covered="1"/><counter type="LINE" missed="0" covered="4"/><counter type="COMPLEXITY" missed="1" covered="1"/><counter type="METHOD" missed="0" covered="1"/></method><method name="getEdhocHashAlgOutputSize" desc="(I)I" line="949"><counter type="INSTRUCTION" missed="0" covered="8"/><counter type="BRANCH" missed="1" covered="1"/><counter type="LINE" missed="0" covered="4"/><counter type="COMPLEXITY" missed="1" covered="1"/><counter type="METHOD" missed="0" covered="1"/></method><method name="getEphermeralKeyLength" desc="(I)I" line="972"><counter type="INSTRUCTION" missed="0" covered="8"/><counter type="BRANCH" missed="1" covered="1"/><counter type="LINE" missed="0" covered="4"/><counter type="COMPLEXITY" missed="1" covered="1"/><counter type="METHOD" missed="0" covered="1"/></method><method name="getAppAEAD" desc="(I)Lorg/eclipse/californium/cose/AlgorithmID;" line="993"><counter type="INSTRUCTION" missed="0" covered="8"/><counter type="BRANCH" missed="1" covered="1"/><counter type="LINE" missed="0" covered="4"/><counter type="COMPLEXITY" missed="1" covered="1"/><counter type="METHOD" missed="0" covered="1"/></method><method name="getKeyLengthAppAEAD" desc="(I)I" line="1014"><counter type="INSTRUCTION" missed="0" covered="8"/><counter type="BRANCH" missed="1" covered="1"/><counter type="LINE" missed="0" covered="4"/><counter type="COMPLEXITY" missed="1" covered="1"/><counter type="METHOD" missed="0" covered="1"/></method><method name="getAppHkdf" desc="(I)Lorg/eclipse/californium/cose/AlgorithmID;" line="1035"><counter type="INSTRUCTION" missed="0" covered="8"/><counter type="BRANCH" missed="1" covered="1"/><counter type="LINE" missed="0" covered="4"/><counter type="COMPLEXITY" missed="1" covered="1"/><counter type="METHOD" missed="0" covered="1"/></method><counter type="INSTRUCTION" missed="191" covered="775"/><counter type="BRANCH" missed="53" covered="47"/><counter type="LINE" missed="43" covered="247"/><counter type="COMPLEXITY" missed="50" covered="76"/><counter type="METHOD" missed="6" covered="69"/><counter type="CLASS" missed="0" covered="1"/></class><class name="org/eclipse/californium/edhoc/Constants" sourcefilename="Constants.java"><method name="&lt;init&gt;" desc="()V" line="32"><counter type="INSTRUCTION" missed="3" covered="0"/><counter type="LINE" missed="1" covered="0"/><counter type="COMPLEXITY" missed="1" covered="0"/><counter type="METHOD" missed="1" covered="0"/></method><method name="&lt;clinit&gt;" desc="()V" line="37"><counter type="INSTRUCTION" missed="0" covered="146"/><counter type="LINE" missed="0" covered="11"/><counter type="COMPLEXITY" missed="0" covered="1"/><counter type="METHOD" missed="0" covered="1"/></method><counter type="INSTRUCTION" missed="3" covered="146"/><counter type="LINE" missed="1" covered="11"/><counter type="COMPLEXITY" missed="1" covered="1"/><counter type="METHOD" missed="1" covered="1"/><counter type="CLASS" missed="0" covered="1"/></class><class name="org/eclipse/californium/edhoc/ClientEdhocExecutor" sourcefilename="ClientEdhocExecutor.java"><method name="&lt;init&gt;" desc="()V" line="48"><counter type="INSTRUCTION" missed="0" covered="17"/><counter type="LINE" missed="0" covered="5"/><counter type="COMPLEXITY" missed="0" covered="1"/><counter type="METHOD" missed="0" covered="1"/></method><method name="startEdhocExchangeAsInitiator" desc="(ILjava/util/List;Ljava/util/Set;Lorg/eclipse/californium/edhoc/EdhocEndpointInfo;)Z" line="78"><counter type="INSTRUCTION" missed="12" covered="0"/><counter type="LINE" missed="1" covered="0"/><counter type="COMPLEXITY" missed="1" covered="0"/><counter type="METHOD" missed="1" covered="0"/></method><method name="startEdhocExchangeAsInitiator" desc="(ILjava/util/List;Ljava/util/Set;Lorg/eclipse/californium/edhoc/EdhocEndpointInfo;ZLjava/lang/String;Lorg/eclipse/californium/core/coap/CoAP$Code;Lorg/eclipse/californium/core/coap/CoAP$Type;[B)Z" line="110"><counter type="INSTRUCTION" missed="638" covered="460"/><counter type="BRANCH" missed="97" covered="35"/><counter type="LINE" missed="182" covered="125"/><counter type="COMPLEXITY" missed="66" covered="1"/><counter type="METHOD" missed="0" covered="1"/></method><method name="processResponseAfterEdhoc" desc="(Lorg/eclipse/californium/core/CoapResponse;)V" line="717"><counter type="INSTRUCTION" missed="4" covered="0"/><counter type="LINE" missed="2" covered="0"/><counter type="COMPLEXITY" missed="1" covered="0"/><counter type="METHOD" missed="1" covered="0"/></method><method name="processErrorMessageAsResponse" desc="([Lcom/upokecenter/cbor/CBORObject;I)V" line="726"><counter type="INSTRUCTION" missed="121" covered="0"/><counter type="BRANCH" missed="12" covered="0"/><counter type="LINE" missed="25" covered="0"/><counter type="COMPLEXITY" missed="7" covered="0"/><counter type="METHOD" missed="1" covered="0"/></method><method name="getEdhocSession" desc="()Lorg/eclipse/californium/edhoc/EdhocSession;" line="770"><counter type="INSTRUCTION" missed="0" covered="3"/><counter type="LINE" missed="0" covered="1"/><counter type="COMPLEXITY" missed="0" covered="1"/><counter type="METHOD" missed="0" covered="1"/></method><method name="getLearnedPeerSupportedCipherSuites" desc="()Ljava/util/List;" line="780"><counter type="INSTRUCTION" missed="3" covered="0"/><counter type="LINE" missed="1" covered="0"/><counter type="COMPLEXITY" missed="1" covered="0"/><counter type="METHOD" missed="1" covered="0"/></method><method name="getAppResponseToCombinedRequest" desc="()Lorg/eclipse/californium/core/CoapResponse;" line="789"><counter type="INSTRUCTION" missed="0" covered="3"/><counter type="LINE" missed="0" covered="1"/><counter type="COMPLEXITY" missed="0" covered="1"/><counter type="METHOD" missed="0" covered="1"/></method><counter type="INSTRUCTION" missed="778" covered="483"/><counter type="BRANCH" missed="109" covered="35"/><counter type="LINE" missed="211" covered="132"/><counter type="COMPLEXITY" missed="76" covered="4"/><counter type="METHOD" missed="4" covered="4"/><counter type="CLASS" missed="0" covered="1"/></class><class name="org/eclipse/californium/edhoc/EdhocLayer" sourcefilename="EdhocLayer.java"><method name="&lt;init&gt;" desc="(Lorg/eclipse/californium/oscore/OSCoreCtxDB;Ljava/util/HashMap;Ljava/util/HashMap;Ljava/util/HashMap;Ljava/util/Set;II)V" line="86"><counter type="INSTRUCTION" missed="0" covered="30"/><counter type="LINE" missed="0" covered="11"/><counter type="COMPLEXITY" missed="0" covered="1"/><counter type="METHOD" missed="0" covered="1"/></method><method name="sendRequest" desc="(Lorg/eclipse/californium/core/network/Exchange;Lorg/eclipse/californium/core/coap/Request;)V" line="126"><counter type="INSTRUCTION" missed="13" covered="108"/><counter type="BRANCH" missed="6" covered="8"/><counter type="LINE" missed="5" covered="28"/><counter type="COMPLEXITY" missed="6" covered="2"/><counter type="METHOD" missed="0" covered="1"/></method><method name="sendResponse" desc="(Lorg/eclipse/californium/core/network/Exchange;Lorg/eclipse/californium/core/coap/Response;)V" line="201"><counter type="INSTRUCTION" missed="0" covered="8"/><counter type="LINE" missed="0" covered="3"/><counter type="COMPLEXITY" missed="0" covered="1"/><counter type="METHOD" missed="0" covered="1"/></method><method name="receiveRequest" desc="(Lorg/eclipse/californium/core/network/Exchange;Lorg/eclipse/californium/core/coap/Request;)V" line="209"><counter type="INSTRUCTION" missed="312" covered="260"/><counter type="BRANCH" missed="17" covered="19"/><counter type="LINE" missed="75" covered="70"/><counter type="COMPLEXITY" missed="17" covered="2"/><counter type="METHOD" missed="0" covered="1"/></method><method name="receiveResponse" desc="(Lorg/eclipse/californium/core/network/Exchange;Lorg/eclipse/californium/core/coap/Response;)V" line="476"><counter type="INSTRUCTION" missed="0" covered="8"/><counter type="LINE" missed="0" covered="3"/><counter type="COMPLEXITY" missed="0" covered="1"/><counter type="METHOD" missed="0" covered="1"/></method><method name="sendEmptyMessage" desc="(Lorg/eclipse/californium/core/network/Exchange;Lorg/eclipse/californium/core/coap/EmptyMessage;)V" line="483"><counter type="INSTRUCTION" missed="5" covered="0"/><counter type="LINE" missed="2" covered="0"/><counter type="COMPLEXITY" missed="1" covered="0"/><counter type="METHOD" missed="1" covered="0"/></method><method name="receiveEmptyMessage" desc="(Lorg/eclipse/californium/core/network/Exchange;Lorg/eclipse/californium/core/coap/EmptyMessage;)V" line="488"><counter type="INSTRUCTION" missed="5" covered="0"/><counter type="LINE" missed="2" covered="0"/><counter type="COMPLEXITY" missed="1" covered="0"/><counter type="METHOD" missed="1" covered="0"/></method><method name="getContextForOutgoing" desc="(Lorg/eclipse/californium/core/network/Exchange;)Lorg/eclipse/californium/oscore/OSCoreCtx;" line="500"><counter type="INSTRUCTION" missed="16" covered="11"/><counter type="BRANCH" missed="1" covered="1"/><counter type="LINE" missed="4" covered="3"/><counter type="COMPLEXITY" missed="1" covered="1"/><counter type="METHOD" missed="0" covered="1"/></method><method name="getKid" desc="([B)[B" line="520"><counter type="INSTRUCTION" missed="12" covered="39"/><counter type="BRANCH" missed="3" covered="3"/><counter type="LINE" missed="3" covered="12"/><counter type="COMPLEXITY" missed="3" covered="1"/><counter type="METHOD" missed="0" covered="1"/></method><method name="sendErrorResponse" desc="(Lorg/eclipse/californium/core/network/Exchange;Ljava/lang/String;Lorg/eclipse/californium/core/coap/CoAP$ResponseCode;)V" line="555"><counter type="INSTRUCTION" missed="20" covered="0"/><counter type="LINE" missed="6" covered="0"/><counter type="COMPLEXITY" missed="1" covered="0"/><counter type="METHOD" missed="1" covered="0"/></method><method name="sendErrorMessage" desc="(Lorg/eclipse/californium/core/network/Exchange;[BLorg/eclipse/californium/core/coap/CoAP$ResponseCode;)V" line="569"><counter type="INSTRUCTION" missed="36" covered="0"/><counter type="BRANCH" missed="2" covered="0"/><counter type="LINE" missed="10" covered="0"/><counter type="COMPLEXITY" missed="2" covered="0"/><counter type="METHOD" missed="1" covered="0"/></method><method name="&lt;clinit&gt;" desc="()V" line="58"><counter type="INSTRUCTION" missed="0" covered="4"/><counter type="LINE" missed="0" covered="1"/><counter type="COMPLEXITY" missed="0" covered="1"/><counter type="METHOD" missed="0" covered="1"/></method
[...]
rcefile name="EdhocSession.java"><line nr="44" mi="0" ci="5" mb="0" cb="0"/><line nr="47" mi="0" ci="5" mb="0" cb="0"/><line nr="50" mi="0" ci="5" mb="0" cb="0"/><line nr="82" mi="0" ci="3" mb="0" cb="0"/><line nr="83" mi="0" ci="3" mb="0" cb="0"/><line nr="85" mi="0" ci="3" mb="0" cb="0"/><line nr="86" mi="0" ci="3" mb="0" cb="0"/><line nr="87" mi="0" ci="3" mb="0" cb="0"/><line nr="90" mi="0" ci="3" mb="0" cb="0"/><line nr="93" mi="0" ci="3" mb="0" cb="0"/><line nr="96" mi="0" ci="3" mb="0" cb="0"/><line nr="97" mi="0" ci="3" mb="0" cb="0"/><line nr="98" mi="0" ci="3" mb="0" cb="0"/><line nr="101" mi="0" ci="3" mb="0" cb="0"/><line nr="102" mi="0" ci="3" mb="0" cb="0"/><line nr="103" mi="0" ci="3" mb="0" cb="0"/><line nr="106" mi="0" ci="3" mb="0" cb="0"/><line nr="107" mi="0" ci="3" mb="0" cb="0"/><line nr="110" mi="0" ci="3" mb="0" cb="0"/><line nr="117" mi="0" ci="2" mb="0" cb="0"/><line nr="119" mi="0" ci="3" mb="0" cb="0"/><line nr="120" mi="0" ci="3" mb="0" cb="0"/><line nr="121" mi="0" ci="3" mb="0" cb="0"/><line nr="122" mi="0" ci="3" mb="0" cb="0"/><line nr="124" mi="0" ci="3" mb="0" cb="0"/><line nr="125" mi="0" ci="3" mb="0" cb="0"/><line nr="126" mi="0" ci="3" mb="0" cb="0"/><line nr="128" mi="0" ci="3" mb="0" cb="0"/><line nr="129" mi="0" ci="3" mb="0" cb="0"/><line nr="130" mi="0" ci="3" mb="0" cb="0"/><line nr="131" mi="0" ci="3" mb="0" cb="0"/><line nr="133" mi="0" ci="3" mb="0" cb="0"/><line nr="134" mi="0" ci="3" mb="0" cb="0"/><line nr="135" mi="0" ci="3" mb="0" cb="0"/><line nr="136" mi="0" ci="3" mb="0" cb="0"/><line nr="137" mi="0" ci="3" mb="0" cb="0"/><line nr="139" mi="0" ci="3" mb="0" cb="0"/><line nr="141" mi="0" ci="3" mb="0" cb="0"/><line nr="142" mi="0" ci="3" mb="0" cb="0"/><line nr="144" mi="0" ci="7" mb="0" cb="2"/><line nr="146" mi="0" ci="1" mb="0" cb="0"/><line nr="153" mi="0" ci="3" mb="0" cb="0"/><line nr="154" mi="0" ci="3" mb="0" cb="0"/><line nr="155" mi="0" ci="3" mb="0" cb="0"/><line nr="156" mi="0" ci="3" mb="0" cb="0"/><line nr="157" mi="0" ci="3" mb="0" cb="0"/><line nr="158" mi="0" ci="3" mb="0" cb="0"/><line nr="160" mi="0" ci="4" mb="1" cb="1"/><line nr="161" mi="0" ci="3" mb="0" cb="0"/><line nr="162" mi="0" ci="3" mb="0" cb="0"/><line nr="165" mi="0" ci="1" mb="0" cb="0"/><line nr="171" mi="0" ci="3" mb="0" cb="0"/><line nr="178" mi="0" ci="3" mb="0" cb="0"/><line nr="185" mi="0" ci="3" mb="0" cb="0"/><line nr="192" mi="0" ci="3" mb="0" cb="0"/><line nr="200" mi="0" ci="3" mb="0" cb="0"/><line nr="209" mi="0" ci="3" mb="0" cb="0"/><line nr="218" mi="0" ci="3" mb="0" cb="0"/><line nr="226" mi="0" ci="2" mb="0" cb="0"/><line nr="227" mi="0" ci="2" mb="0" cb="0"/><line nr="229" mi="0" ci="3" mb="0" cb="2"/><line nr="230" mi="0" ci="2" mb="0" cb="0"/><line nr="232" mi="0" ci="4" mb="1" cb="1"/><line nr="233" mi="7" ci="0" mb="2" cb="0"/><line nr="235" mi="0" ci="4" mb="1" cb="1"/><line nr="236" mi="7" ci="0" mb="2" cb="0"/><line nr="238" mi="0" ci="4" mb="0" cb="2"/><line nr="239" mi="0" ci="2" mb="0" cb="0"/><line nr="242" mi="0" ci="7" mb="1" cb="3"/><line nr="244" mi="0" ci="3" mb="1" cb="1"/><line nr="245" mi="0" ci="2" mb="0" cb="0"/><line nr="247" mi="0" ci="4" mb="1" cb="1"/><line nr="248" mi="7" ci="0" mb="2" cb="0"/><line nr="250" mi="0" ci="4" mb="1" cb="1"/><line nr="251" mi="7" ci="0" mb="2" cb="0"/><line nr="253" mi="0" ci="4" mb="1" cb="1"/><line nr="254" mi="2" ci="0" mb="0" cb="0"/><line nr="258" mi="0" ci="8" mb="1" cb="3"/><line nr="259" mi="0" ci="2" mb="0" cb="0"/><line nr="262" mi="0" ci="8" mb="0" cb="0"/><line nr="263" mi="0" ci="4" mb="0" cb="0"/><line nr="264" mi="0" ci="8" mb="0" cb="0"/><line nr="265" mi="0" ci="5" mb="0" cb="0"/><line nr="266" mi="0" ci="8" mb="0" cb="0"/><line nr="267" mi="0" ci="4" mb="0" cb="0"/><line nr="269" mi="0" ci="1" mb="0" cb="0"/><line nr="276" mi="0" ci="3" mb="0" cb="0"/><line nr="278" mi="0" ci="1" mb="0" cb="0"/><line nr="285" mi="0" ci="2" mb="0" cb="0"/><line nr="286" mi="4" ci="3" mb="3" cb="1"/><line nr="287" mi="0" ci="5" mb="0" cb="0"/><line nr="288" mi="8" ci="0" mb="4" cb="0"/><line nr="289" mi="4" ci="0" mb="0" cb="0"/><line nr="291" mi="0" ci="3" mb="0" cb="0"/><line nr="293" mi="0" ci="1" mb="0" cb="0"/><line nr="301" mi="0" ci="3" mb="0" cb="0"/><line nr="310" mi="3" ci="0" mb="0" cb="0"/><line nr="312" mi="1" ci="0" mb="0" cb="0"/><line nr="319" mi="0" ci="3" mb="0" cb="0"/><line nr="328" mi="3" ci="0" mb="0" cb="0"/><line nr="337" mi="0" ci="3" mb="0" cb="0"/><line nr="346" mi="3" ci="0" mb="0" cb="0"/><line nr="355" mi="0" ci="3" mb="0" cb="0"/><line nr="365" mi="0" ci="3" mb="0" cb="0"/><line nr="367" mi="0" ci="1" mb="0" cb="0"/><line nr="373" mi="3" ci="0" mb="0" cb="0"/><line nr="380" mi="0" ci="3" mb="0" cb="0"/><line nr="388" mi="0" ci="3" mb="0" cb="0"/><line nr="389" mi="0" ci="1" mb="0" cb="0"/><line nr="395" mi="0" ci="3" mb="0" cb="0"/><line nr="403" mi="0" ci="3" mb="0" cb="0"/><line nr="404" mi="0" ci="1" mb="0" cb="0"/><line nr="410" mi="0" ci="3" mb="0" cb="0"/><line nr="418" mi="0" ci="3" mb="0" cb="0"/><line nr="419" mi="0" ci="1" mb="0" cb="0"/><line nr="425" mi="0" ci="3" mb="0" cb="0"/><line nr="432" mi="0" ci="3" mb="0" cb="0"/><line nr="440" mi="0" ci="3" mb="0" cb="0"/><line nr="441" mi="0" ci="1" mb="0" cb="0"/><line nr="447" mi="0" ci="3" mb="0" cb="0"/><line nr="455" mi="0" ci="3" mb="0" cb="0"/><line nr="456" mi="0" ci="1" mb="0" cb="0"/><line nr="462" mi="0" ci="3" mb="0" cb="0"/><line nr="469" mi="0" ci="3" mb="0" cb="0"/><line nr="470" mi="0" ci="1" mb="0" cb="0"/><line nr="476" mi="0" ci="3" mb="0" cb="0"/><line nr="484" mi="0" ci="3" mb="0" cb="0"/><line nr="485" mi="0" ci="1" mb="0" cb="0"/><line nr="491" mi="0" ci="3" mb="0" cb="0"/><line nr="498" mi="0" ci="5" mb="0" cb="0"/><line nr="499" mi="0" ci="8" mb="0" cb="0"/><line nr="500" mi="0" ci="1" mb="0" cb="0"/><line nr="506" mi="0" ci="3" mb="0" cb="0"/><line nr="513" mi="0" ci="5" mb="0" cb="0"/><line nr="514" mi="0" ci="8" mb="0" cb="0"/><line nr="515" mi="0" ci="1" mb="0" cb="0"/><line nr="521" mi="0" ci="3" mb="0" cb="0"/><line nr="528" mi="0" ci="2" mb="0" cb="2"/><line nr="529" mi="0" ci="4" mb="0" cb="0"/><line nr="531" mi="0" ci="5" mb="0" cb="0"/><line nr="532" mi="0" ci="8" mb="0" cb="0"/><line nr="534" mi="0" ci="1" mb="0" cb="0"/><line nr="540" mi="0" ci="3" mb="0" cb="0"/><line nr="548" mi="0" ci="3" mb="0" cb="0"/><line nr="549" mi="0" ci="1" mb="0" cb="0"/><line nr="555" mi="0" ci="3" mb="0" cb="0"/><line nr="563" mi="0" ci="3" mb="0" cb="0"/><line nr="564" mi="0" ci="1" mb="0" cb="0"/><line nr="570" mi="0" ci="3" mb="0" cb="0"/><line nr="578" mi="0" ci="3" mb="0" cb="0"/><line nr="579" mi="0" ci="1" mb="0" cb="0"/><line nr="585" mi="3" ci="0" mb="0" cb="0"/><line nr="592" mi="0" ci="5" mb="0" cb="0"/><line nr="593" mi="0" ci="8" mb="0" cb="0"/><line nr="594" mi="0" ci="1" mb="0" cb="0"/><line nr="600" mi="3" ci="0" mb="0" cb="0"/><line nr="607" mi="0" ci="5" mb="0" cb="0"/><line nr="608" mi="0" ci="8" mb="0" cb="0"/><line nr="609" mi="0" ci="1" mb="0" cb="0"/><line nr="615" mi="0" ci="3" mb="0" cb="0"/><line nr="624" mi="0" ci="2" mb="0" cb="0"/><line nr="625" mi="0" ci="2" mb="0" cb="0"/><line nr="627" mi="0" ci="3" mb="0" cb="0"/><line nr="628" mi="0" ci="3" mb="0" cb="0"/><line nr="631" mi="0" ci="4" mb="0" cb="0"/><line nr="632" mi="1" ci="0" mb="0" cb="0"/><line nr="633" mi="11" ci="0" mb="0" cb="0"/><line nr="634" mi="2" ci="0" mb="0" cb="0"/><line nr="635" mi="0" ci="1" mb="0" cb="0"/><line nr="637" mi="0" ci="2" mb="1" cb="1"/><line nr="638" mi="3" ci="0" mb="0" cb="0"/><line nr="639" mi="2" ci="0" mb="0" cb="0"/><line nr="642" mi="0" ci="5" mb="0" cb="0"/><line nr="643" mi="0" ci="8" mb="0" cb="0"/><line nr="644" mi="0" ci="2" mb="0" cb="0"/><line nr="651" mi="0" ci="3" mb="0" cb="0"/><line nr="652" mi="0" ci="1" mb="0" cb="0"/><line nr="658" mi="0" ci="3" mb="0" cb="0"/><line nr="665" mi="0" ci="5" mb="0" cb="0"/><line nr="666" mi="0" ci="8" mb="0" cb="0"/><line nr="667" mi="0" ci="1" mb="0" cb="0"/><line nr="673" mi="0" ci="3" mb="0" cb="0"/><line nr="674" mi="0" ci="1" mb="0" cb="0"/><line nr="680" mi="0" ci="3" mb="0" cb="0"/><line nr="687" mi="0" ci="5" mb="0" cb="0"/><line nr="688" mi="0" ci="8" mb="0" cb="0"/><line nr="689" mi="0" ci="1" mb="0" cb="0"/><line nr="700" mi="0" ci="8" mb="3" cb="3"/><line nr="701" mi="2" ci="0" mb="0" cb="0"/><line nr="703" mi="0" ci="8" mb="1" cb="3"/><line nr="704" mi="2" ci="0" mb="0" cb="0"/><line nr="706" mi="0" ci="8" mb="0" cb="0"/><line nr="718" mi="0" ci="4" mb="1" cb="1"/><line nr="719" mi="2" ci="0" mb="0" cb="0"/><line nr="722" mi="0" ci="6" mb="2" cb="2"/><line nr="723" mi="2" ci="0" mb="0" cb="0"/><line nr="726" mi="0" ci="4" mb="0" cb="0"/><line nr="728" mi="0" ci="9" mb="0" cb="0"/><line nr="729" mi="1" ci="0" mb="0" cb="0"/><line nr="730" mi="11" ci="0" mb="0" cb="0"/><line nr="731" mi="2" ci="0" mb="0" cb="0"/><line nr="732" mi="1" ci="0" mb="0" cb="0"/><line nr="733" mi="11" ci="0" mb="0" cb="0"/><line nr="734" mi="2" ci="0" mb="0" cb="0"/><line nr="735" mi="0" ci="1" mb="0" cb="0"/><line nr="736" mi="0" ci="4" mb="0" cb="0"/><line nr="739" mi="0" ci="6" mb="0" cb="0"/><line nr="740" mi="0" ci="3" mb="1" cb="1"/><line nr="741" mi="3" ci="0" mb="0" cb="0"/><line nr="742" mi="2" ci="0" mb="0" cb="0"/><line nr="744" mi="0" ci="4" mb="0" cb="0"/><line nr="746" mi="0" ci="2" mb="0" cb="0"/><line nr="761" mi="0" ci="4" mb="2" cb="2"/><line nr="762" mi="2" ci="0" mb="0" cb="0"/><line nr="764" mi="0" ci="4" mb="1" cb="1"/><line nr="765" mi="2" ci="0" mb="0" cb="0"/><line nr="768" mi="0" ci="4" mb="0" cb="0"/><line nr="769" mi="0" ci="5" mb="0" cb="0"/><line nr="770" mi="0" ci="4" mb="0" cb="0"/><line nr="771" mi="0" ci="5" mb="0" cb="0"/><line nr="772" mi="0" ci="3" mb="0" cb="0"/><line nr="774" mi="0" ci="2" mb="0" cb="0"/><line nr="775" mi="0" ci="4" mb="0" cb="0"/><line nr="777" mi="8" ci="4" mb="5" cb="1"/><line nr="778" mi="0" ci="5" mb="0" cb="0"/><line nr="781" mi="0" ci="2" mb="0" cb="0"/><line nr="792" mi="0" ci="2" mb="0" cb="0"/><line nr="793" mi="0" ci="3" mb="0" cb="0"/><line nr="795" mi="0" ci="4" mb="0" cb="0"/><line nr="796" mi="0" ci="3" mb="0" cb="0"/><line nr="799" mi="0" ci="6" mb="0" cb="0"/><line nr="800" mi="1" ci="0" mb="0" cb="0"/><line nr="801" mi="11" ci="0" mb="0" cb="0"/><line nr="802" mi="1" ci="0" mb="0" cb="0"/><line nr="803" mi="11" ci="0" mb="0" cb="0"/><line nr="804" mi="1" ci="1" mb="0" cb="0"/><line nr="806" mi="0" ci="2" mb="0" cb="0"/><line nr="817" mi="0" ci="2" mb="0" cb="0"/><line nr="818" mi="0" ci="4" mb="0" cb="0"/><line nr="821" mi="0" ci="6" mb="0" cb="0"/><line nr="822" mi="1" ci="0" mb="0" cb="0"/><line nr="823" mi="11" ci="0" mb="0" cb="0"/><line nr="824" mi="1" ci="0" mb="0" cb="0"/><line nr="825" mi="11" ci="0" mb="0" cb="0"/><line nr="826" mi="1" ci="1" mb="0" cb="0"/><line nr="828" mi="0" ci="2" mb="0" cb="0"/><line nr="839" mi="0" ci="2" mb="0" cb="0"/><line nr="841" mi="0" ci="2" mb="2" cb="1"/><line nr="844" mi="0" ci="2" mb="0" cb="0"/><line nr="845" mi="0" ci="1" mb="0" cb="0"/><line nr="848" mi="2" ci="0" mb="0" cb="0"/><line nr="852" mi="0" ci="2" mb="0" cb="0"/><line nr="863" mi="0" ci="2" mb="0" cb="0"/><line nr="865" mi="0" ci="2" mb="1" cb="1"/><line nr="870" mi="0" ci="2" mb="0" cb="0"/><line nr="873" mi="0" ci="2" mb="0" cb="0"/><line nr="884" mi="0" ci="2" mb="0" cb="0"/><line nr="886" mi="0" ci="2" mb="1" cb="1"/><line nr="891" mi="0" ci="2" mb="0" cb="0"/><line nr="894" mi="0" ci="2" mb="0" cb="0"/><line nr="905" mi="0" ci="2" mb="0" cb="0"/><line nr="907" mi="0" ci="2" mb="2" cb="1"/><line nr="910" mi="0" ci="2" mb="0" cb="0"/><line nr="911" mi="0" ci="1" mb="0" cb="0"/><line nr="914" mi="2" ci="0" mb="0" cb="0"/><line nr="917" mi="0" ci="2" mb="0" cb="0"/><line nr="928" mi="0" ci="2" mb="0" cb="0"/><line nr="930" mi="0" ci="2" mb="1" cb="1"/><line nr="935" mi="0" ci="2" mb="0" cb="0"/><line nr="938" mi="0" ci="2" mb="0" cb="0"/><line nr="949" mi="0" ci="2" mb="0" cb="0"/><line nr="951" mi="0" ci="2" mb="1" cb="1"/><line nr="956" mi="0" ci="2" mb="0" cb="0"/><line nr="959" mi="0" ci="2" mb="0" cb="0"/><line nr="972" mi="0" ci="2" mb="0" cb="0"/><line nr="974" mi="0" ci="2" mb="1" cb="1"/><line nr="979" mi="0" ci="2" mb="0" cb="0"/><line nr="982" mi="0" ci="2" mb="0" cb="0"/><line nr="993" mi="0" ci="2" mb="0" cb="0"/><line nr="995" mi="0" ci="2" mb="1" cb="1"/><line nr="1000" mi="0" ci="2" mb="0" cb="0"/><line nr="1003" mi="0" ci="2" mb="0" cb="0"/><line nr="1014" mi="0" ci="2" mb="0" cb="0"/><line nr="1016" mi="0" ci="2" mb="1" cb="1"/><line nr="1021" mi="0" ci="2" mb="0" cb="0"/><line nr="1024" mi="0" ci="2" mb="0" cb="0"/><line nr="1035" mi="0" ci="2" mb="0" cb="0"/><line nr="1037" mi="0" ci="2" mb="1" cb="1"/><line nr="1042" mi="0" ci="2" mb="0" cb="0"/><line nr="1045" mi="0" ci="2" mb="0" cb="0"/><counter type="INSTRUCTION" missed="191" covered="775"/><counter type="BRANCH" missed="53" covered="47"/><counter type="LINE" missed="43" covered="247"/><counter type="COMPLEXITY" missed="50" covered="76"/><counter type="METHOD" missed="6" covered="69"/><counter type="CLASS" missed="0" covered="1"/></sourcefile><sourcefile name="KeyRemapping.java"><line nr="42" mi="3" ci="0" mb="0" cb="0"/><line nr="55" mi="0" ci="4" mb="0" cb="0"/><line nr="56" mi="0" ci="6" mb="0" cb="0"/><line nr="60" mi="0" ci="10" mb="0" cb="0"/><line nr="70" mi="4" ci="0" mb="0" cb="0"/><line nr="71" mi="4" ci="0" mb="0" cb="0"/><line nr="75" mi="9" ci="0" mb="0" cb="0"/><line nr="77" mi="9" ci="0" mb="0" cb="0"/><line nr="81" mi="9" ci="0" mb="0" cb="0"/><line nr="82" mi="9" ci="0" mb="0" cb="0"/><line nr="86" mi="3" ci="0" mb="0" cb="0"/><line nr="87" mi="4" ci="0" mb="0" cb="0"/><line nr="90" mi="10" ci="0" mb="0" cb="0"/><line nr="91" mi="10" ci="0" mb="0" cb="0"/><line nr="93" mi="10" ci="0" mb="0" cb="0"/><line nr="94" mi="10" ci="0" mb="0" cb="0"/><line nr="97" mi="6" ci="0" mb="2" cb="0"/><line nr="98" mi="4" ci="0" mb="0" cb="0"/><line nr="100" mi="3" ci="0" mb="0" cb="0"/><line nr="102" mi="6" ci="0" mb="2" cb="0"/><line nr="103" mi="4" ci="0" mb="0" cb="0"/><line nr="105" mi="3" ci="0" mb="0" cb="0"/><line nr="109" mi="2" ci="0" mb="0" cb="0"/><line nr="110" mi="2" ci="0" mb="0" cb="0"/><line nr="115" mi="3" ci="0" mb="0" cb="0"/><line nr="116" mi="3" ci="0" mb="0" cb="0"/><line nr="117" mi="3" ci="0" mb="0" cb="0"/><line nr="119" mi="10" ci="0" mb="0" cb="0"/><line nr="120" mi="10" ci="0" mb="0" cb="0"/><line nr="121" mi="12" ci="0" mb="0" cb="0"/><line nr="123" mi="12" ci="0" mb="0" cb="0"/><line nr="124" mi="12" ci="0" mb="0" cb="0"/><line nr="127" mi="6" ci="0" mb="2" cb="0"/><line nr="128" mi="4" ci="0" mb="0" cb="0"/><line nr="130" mi="3" ci="0" mb="0" cb="0"/><line nr="134" mi="2" ci="0" mb="0" cb="0"/><line nr="135" mi="2" ci="0" mb="0" cb="0"/><line nr="138" mi="3" ci="0" mb="0" cb="0"/><line nr="139" mi="10" ci="0" mb="0" cb="0"/><line nr="141" mi="3" ci="0" mb="0" cb="0"/><line nr="142" mi="3" ci="0" mb="0" cb="0"/><line nr="146" mi="3" ci="0" mb="0" cb="0"/><line nr="147" mi="3" ci="0" mb="0" cb="0"/><line nr="149" mi="1" ci="0" mb="0" cb="0"/><line nr="163" mi="0" ci="3" mb="0" cb="0"/><line nr="166" mi="0" ci="4" mb="0" cb="0"/><line nr="170" mi="0" ci="6" mb="2" cb="2"/><line nr="171" mi="3" ci="0" mb="0" cb="0"/><line nr="172" mi="2" ci="0" mb="0" cb="0"/><line nr="176" mi="0" ci="3" mb="0" cb="0"/><line nr="179" mi="0" ci="4" mb="0" cb="0"/><line nr="181" mi="0" ci="2" mb="0" cb="0"/><line nr="199" mi="0" ci="3" mb="0" cb="0"/><line nr="202" mi="0" ci="4" mb="0" cb="0"/><line nr="205" mi="0" ci="4" mb="0" cb="0"/><line nr="207" mi="0" ci="2" mb="0" cb="0"/><line nr="230" mi="3" ci="0" mb="0" cb="0"/><line nr="233" mi="3" ci="0" mb="0" cb="0"/><line nr="234" mi="4" ci="0" mb="0" cb="0"/><line nr="237" mi="4" ci="0" mb="0" cb="0"/><line nr="239" mi="2" ci="0" mb="0" cb="0"/><line nr="249" mi="7" ci="0" mb="0" cb="0"/><line nr="250" mi="6" ci="0" mb="0" cb="0"/><line nr="252" mi="2" ci="0" mb="0" cb="0"/><line nr="267" mi="0" ci="4" mb="0" cb="0"/><line nr="270" mi="0" ci="4" mb="0" cb="0"/><line nr="271" mi="0" ci="4" mb="0" cb="0"/><line nr="274" mi="0" ci="3" mb="0" cb="0"/><line nr="275" mi="0" ci="4" mb="0" cb="0"/><line nr="277" mi="0" ci="2" mb="0" cb="0"/><line nr="293" mi="0" ci="5" mb="0" cb="0"/><line nr="297" mi="0" ci="4" mb="0" cb="0"/><line nr="298" mi="0" ci="11" mb="0" cb="0"/><line nr="302" mi="0" ci="3" mb="0" cb="0"/><line nr="305" mi="0" ci="9" mb="0" cb="0"/><line nr="307" mi="0" ci="2" mb="0" cb="0"/><line nr="320" mi="0" ci="4" mb="0" cb="0"/><line nr="323" mi="0" ci="4" mb="0" cb="0"/><line nr="324" mi="0" ci="4" mb="0" cb="0"/><line nr="327" mi="0" ci="3" mb="0" cb="0"/><line nr="328" mi="0" ci="4" mb="0" cb="0"/><line nr="330" mi="0" ci="2" mb="0" cb="0"/><line nr="340" mi="0" ci="4" mb="0" cb="0"/><line nr="341" mi="0" ci="8" mb="0" cb="2"/><line nr="342" mi="0" ci="11" mb="0" cb="0"/><line nr="344" mi="0" ci="2" mb="0" cb="0"/><line nr="358" mi="0" ci="9" mb="0" cb="0"/><line nr="359" mi="0" ci="9" mb="0" cb="0"/><line nr="362" mi="0" ci="5" mb="0" cb="0"/><line nr="364" mi="0" ci="4" mb="0" cb="0"/><line nr="366" mi="0" ci="2" mb="0" cb="0"/><line nr="379" mi="0" ci="2" mb="0" cb="0"/><line nr="381" mi="0" ci="2" mb="0" cb="0"/><line nr="392" mi="0" ci="9" mb="0" cb="0"/><line nr="393" mi="0" ci="9" mb="0" cb="0"/><line nr="396" mi="0" ci="5" mb="0" cb="0"/><line nr="398" mi="0" ci="4" mb="0" cb="0"/><line nr="400" mi="0" ci="2" mb="0" cb="0"/><line nr="412" mi="0" ci="2" mb="0" cb="0"/><line nr="414" mi="0" ci="2" mb="0" cb="0"/><line nr="427" mi="0" ci="9" mb="0" cb="0"/><line nr="428" mi="0" ci="9" mb="0" cb="0"/><line nr="429" mi="0" ci="9" mb="0" cb="0"/><line nr="430" mi="0" ci="5" mb="0" cb="0"/><line nr="432" mi="0" ci="4" mb="0" cb="0"/><line nr="433" mi="0" ci="4" mb="0" cb="0"/><line nr="435" mi="0" ci="5" mb="0" cb="0"/><line nr="437" mi="0" ci="4" mb="0" cb="0"/><line nr="439" mi="0" ci="2" mb="0" cb="0"/><line nr="452" mi="0" ci="9" mb="0" cb="0"/><line nr="454" mi="0" ci="9" mb="0" cb="0"/><line nr="456" mi="0" ci="4" mb="0" cb="0"/><line nr="457" mi="0" ci="4" mb="0" cb="0"/><line nr="459" mi="0" ci="4" mb="0" cb="0"/><line nr="460" mi="0" ci="4" mb="0" cb="0"/><line nr="462" mi="0" ci="5" mb="0" cb="0"/><line nr="464" mi="0" ci="2" mb="0" cb="0"/><line nr="476" mi="0" ci="9" mb="0" cb="0"/><line nr="477" mi="0" ci="9" mb="0" cb="0"/><line nr="478" mi="0" ci="9" mb="0" cb="0"/><line nr="479" mi="0" ci="5" mb="0" cb="0"/><line nr="481" mi="0" ci="6" mb="0" cb="0"/><line nr="482" mi="0" ci="6" mb="0" cb="0"/><line nr="484" mi="0" ci="5" mb="0" cb="0"/><line nr="486" mi="0" ci="2" mb="0" cb="0"/><line nr="499" mi="0" ci="9" mb="0" cb="0"/><line nr="502" mi="0" ci="9" mb="0" cb="0"/><line nr="503" mi="0" ci="9" mb="0" cb="0"/><line nr="504" mi="0" ci="5" mb="0" cb="0"/><line nr="506" mi="0" ci="4" mb="0" cb="0"/><line nr="508" mi="0" ci="4" mb="0" cb="0"/><line nr="509" mi="0" ci="2" mb="0" cb="0"/><line nr="511" mi="0" ci="5" mb="0" cb="0"/><line nr="513" mi="0" ci="2" mb="0" cb="0"/><counter type="INSTRUCTION" missed="268" covered="414"/><counter type="BRANCH" missed="8" covered="4"/><counter type="LINE" missed="51" covered="83"/><counter type="COMPLEXITY" missed="9" covered="16"/><counter type="METHOD" missed="4" covered="15"/><counter type="CLASS" missed="0" covered="1"/></sourcefile><counter type="INSTRUCTION" missed="10672" covered="11714"/><counter type="BRANCH" missed="1287" covered="1047"/><counter type="LINE" missed="2132" covered="2969"/><counter type="COMPLEXITY" missed="1029" covered="443"/><counter type="METHOD" missed="56" covered="242"/><counter type="CLASS" missed="0" covered="16"/></package><counter type="INSTRUCTION" missed="10672" covered="11714"/><counter type="BRANCH" missed="1287" covered="1047"/><counter type="LINE" missed="2132" covered="2969"/><counter type="COMPLEXITY" missed="1029" covered="443"/><counter type="METHOD" missed="56" covered="242"/><counter type="CLASS" missed="0" covered="16"/></report>